Start testing: Jun 08 12:16 UTC
----------------------------------------------------------
1/65 Testing: ServerTest.StartTest
1/65 Test: ServerTest.StartTest
Command: "/usr/src/projects/build/bin/server_lib_test" "--gtest_filter=ServerTest.StartTest" "--gtest_also_run_disabled_tests"
Directory: /usr/src/projects/tests
"ServerTest.StartTest" start time: Jun 08 12:16 UTC
Output:
----------------------------------------------------------
Running main() from /usr/src/googletest/googletest/src/gtest_main.cc
Note: Google Test filter = ServerTest.StartTest
[==========] Running 1 test from 1 test suite.
[----------] Global test environment set-up.
[----------] 1 test from ServerTest
[ RUN      ] ServerTest.StartTest
[       OK ] ServerTest.StartTest (3 ms)
[----------] 1 test from ServerTest (4 ms total)

[----------] Global test environment tear-down
[==========] 1 test from 1 test suite ran. (4 ms total)
[  PASSED  ] 1 test.
<end of output>
Test time =   0.01 sec
----------------------------------------------------------
Test Passed.
"ServerTest.StartTest" end time: Jun 08 12:16 UTC
"ServerTest.StartTest" time elapsed: 00:00:00
----------------------------------------------------------

2/65 Testing: ServerTest.AcceptTest
2/65 Test: ServerTest.AcceptTest
Command: "/usr/src/projects/build/bin/server_lib_test" "--gtest_filter=ServerTest.AcceptTest" "--gtest_also_run_disabled_tests"
Directory: /usr/src/projects/tests
"ServerTest.AcceptTest" start time: Jun 08 12:16 UTC
Output:
----------------------------------------------------------
Running main() from /usr/src/googletest/googletest/src/gtest_main.cc
Note: Google Test filter = ServerTest.AcceptTest
[==========] Running 1 test from 1 test suite.
[----------] Global test environment set-up.
[----------] 1 test from ServerTest
[ RUN      ] ServerTest.AcceptTest
[       OK ] ServerTest.AcceptTest (1 ms)
[----------] 1 test from ServerTest (1 ms total)

[----------] Global test environment tear-down
[==========] 1 test from 1 test suite ran. (1 ms total)
[  PASSED  ] 1 test.
<end of output>
Test time =   0.01 sec
----------------------------------------------------------
Test Passed.
"ServerTest.AcceptTest" end time: Jun 08 12:16 UTC
"ServerTest.AcceptTest" time elapsed: 00:00:00
----------------------------------------------------------

3/65 Testing: ServerTest.HandleTest
3/65 Test: ServerTest.HandleTest
Command: "/usr/src/projects/build/bin/server_lib_test" "--gtest_filter=ServerTest.HandleTest" "--gtest_also_run_disabled_tests"
Directory: /usr/src/projects/tests
"ServerTest.HandleTest" start time: Jun 08 12:16 UTC
Output:
----------------------------------------------------------
Running main() from /usr/src/googletest/googletest/src/gtest_main.cc
Note: Google Test filter = ServerTest.HandleTest
[==========] Running 1 test from 1 test suite.
[----------] Global test environment set-up.
[----------] 1 test from ServerTest
[ RUN      ] ServerTest.HandleTest
[       OK ] ServerTest.HandleTest (4 ms)
[----------] 1 test from ServerTest (4 ms total)

[----------] Global test environment tear-down
[==========] 1 test from 1 test suite ran. (4 ms total)
[  PASSED  ] 1 test.
<end of output>
Test time =   0.01 sec
----------------------------------------------------------
Test Passed.
"ServerTest.HandleTest" end time: Jun 08 12:16 UTC
"ServerTest.HandleTest" time elapsed: 00:00:00
----------------------------------------------------------

4/65 Testing: SessionTest.make_session
4/65 Test: SessionTest.make_session
Command: "/usr/src/projects/build/bin/session_lib_test" "--gtest_filter=SessionTest.make_session" "--gtest_also_run_disabled_tests"
Directory: /usr/src/projects/tests
"SessionTest.make_session" start time: Jun 08 12:16 UTC
Output:
----------------------------------------------------------
Running main() from /usr/src/googletest/googletest/src/gtest_main.cc
Note: Google Test filter = SessionTest.make_session
[==========] Running 1 test from 1 test suite.
[----------] Global test environment set-up.
[----------] 1 test from SessionTest
[ RUN      ] SessionTest.make_session
[       OK ] SessionTest.make_session (12 ms)
[----------] 1 test from SessionTest (12 ms total)

[----------] Global test environment tear-down
[==========] 1 test from 1 test suite ran. (12 ms total)
[  PASSED  ] 1 test.
<end of output>
Test time =   0.02 sec
----------------------------------------------------------
Test Passed.
"SessionTest.make_session" end time: Jun 08 12:16 UTC
"SessionTest.make_session" time elapsed: 00:00:00
----------------------------------------------------------

5/65 Testing: SessionTest.return_socket
5/65 Test: SessionTest.return_socket
Command: "/usr/src/projects/build/bin/session_lib_test" "--gtest_filter=SessionTest.return_socket" "--gtest_also_run_disabled_tests"
Directory: /usr/src/projects/tests
"SessionTest.return_socket" start time: Jun 08 12:16 UTC
Output:
----------------------------------------------------------
Running main() from /usr/src/googletest/googletest/src/gtest_main.cc
Note: Google Test filter = SessionTest.return_socket
[==========] Running 1 test from 1 test suite.
[----------] Global test environment set-up.
[----------] 1 test from SessionTest
[ RUN      ] SessionTest.return_socket
[       OK ] SessionTest.return_socket (2 ms)
[----------] 1 test from SessionTest (2 ms total)

[----------] Global test environment tear-down
[==========] 1 test from 1 test suite ran. (2 ms total)
[  PASSED  ] 1 test.
<end of output>
Test time =   0.01 sec
----------------------------------------------------------
Test Passed.
"SessionTest.return_socket" end time: Jun 08 12:16 UTC
"SessionTest.return_socket" time elapsed: 00:00:00
----------------------------------------------------------

6/65 Testing: SessionTest.start_session
6/65 Test: SessionTest.start_session
Command: "/usr/src/projects/build/bin/session_lib_test" "--gtest_filter=SessionTest.start_session" "--gtest_also_run_disabled_tests"
Directory: /usr/src/projects/tests
"SessionTest.start_session" start time: Jun 08 12:16 UTC
Output:
----------------------------------------------------------
Running main() from /usr/src/googletest/googletest/src/gtest_main.cc
Note: Google Test filter = SessionTest.start_session
[==========] Running 1 test from 1 test suite.
[----------] Global test environment set-up.
[----------] 1 test from SessionTest
[ RUN      ] SessionTest.start_session
[       OK ] SessionTest.start_session (6 ms)
[----------] 1 test from SessionTest (6 ms total)

[----------] Global test environment tear-down
[==========] 1 test from 1 test suite ran. (6 ms total)
[  PASSED  ] 1 test.
<end of output>
Test time =   0.02 sec
----------------------------------------------------------
Test Passed.
"SessionTest.start_session" end time: Jun 08 12:16 UTC
"SessionTest.start_session" time elapsed: 00:00:00
----------------------------------------------------------

7/65 Testing: SessionTest.handle_write_session
7/65 Test: SessionTest.handle_write_session
Command: "/usr/src/projects/build/bin/session_lib_test" "--gtest_filter=SessionTest.handle_write_session" "--gtest_also_run_disabled_tests"
Directory: /usr/src/projects/tests
"SessionTest.handle_write_session" start time: Jun 08 12:16 UTC
Output:
----------------------------------------------------------
Running main() from /usr/src/googletest/googletest/src/gtest_main.cc
Note: Google Test filter = SessionTest.handle_write_session
[==========] Running 1 test from 1 test suite.
[----------] Global test environment set-up.
[----------] 1 test from SessionTest
[ RUN      ] SessionTest.handle_write_session
[       OK ] SessionTest.handle_write_session (2 ms)
[----------] 1 test from SessionTest (2 ms total)

[----------] Global test environment tear-down
[==========] 1 test from 1 test suite ran. (2 ms total)
[  PASSED  ] 1 test.
<end of output>
Test time =   0.01 sec
----------------------------------------------------------
Test Passed.
"SessionTest.handle_write_session" end time: Jun 08 12:16 UTC
"SessionTest.handle_write_session" time elapsed: 00:00:00
----------------------------------------------------------

8/65 Testing: NginxConfigParserTest.SimpleConfig
8/65 Test: NginxConfigParserTest.SimpleConfig
Command: "/usr/src/projects/build/bin/config_parser_lib_test" "--gtest_filter=NginxConfigParserTest.SimpleConfig" "--gtest_also_run_disabled_tests"
Directory: /usr/src/projects/tests
"NginxConfigParserTest.SimpleConfig" start time: Jun 08 12:16 UTC
Output:
----------------------------------------------------------
Note: Google Test filter = NginxConfigParserTest.SimpleConfig
[==========] Running 1 test from 1 test suite.
[----------] Global test environment set-up.
[----------] 1 test from NginxConfigParserTest
[ RUN      ] NginxConfigParserTest.SimpleConfig
[       OK ] NginxConfigParserTest.SimpleConfig (12 ms)
[----------] 1 test from NginxConfigParserTest (12 ms total)

[----------] Global test environment tear-down
[==========] 1 test from 1 test suite ran. (12 ms total)
[  PASSED  ] 1 test.
<end of output>
Test time =   0.04 sec
----------------------------------------------------------
Test Passed.
"NginxConfigParserTest.SimpleConfig" end time: Jun 08 12:16 UTC
"NginxConfigParserTest.SimpleConfig" time elapsed: 00:00:00
----------------------------------------------------------

9/65 Testing: NginxConfigParserTest.NestedBlockConfig
9/65 Test: NginxConfigParserTest.NestedBlockConfig
Command: "/usr/src/projects/build/bin/config_parser_lib_test" "--gtest_filter=NginxConfigParserTest.NestedBlockConfig" "--gtest_also_run_disabled_tests"
Directory: /usr/src/projects/tests
"NginxConfigParserTest.NestedBlockConfig" start time: Jun 08 12:16 UTC
Output:
----------------------------------------------------------
Note: Google Test filter = NginxConfigParserTest.NestedBlockConfig
[==========] Running 1 test from 1 test suite.
[----------] Global test environment set-up.
[----------] 1 test from NginxConfigParserTest
[ RUN      ] NginxConfigParserTest.NestedBlockConfig
[       OK ] NginxConfigParserTest.NestedBlockConfig (8 ms)
[----------] 1 test from NginxConfigParserTest (8 ms total)

[----------] Global test environment tear-down
[==========] 1 test from 1 test suite ran. (8 ms total)
[  PASSED  ] 1 test.
<end of output>
Test time =   0.02 sec
----------------------------------------------------------
Test Passed.
"NginxConfigParserTest.NestedBlockConfig" end time: Jun 08 12:16 UTC
"NginxConfigParserTest.NestedBlockConfig" time elapsed: 00:00:00
----------------------------------------------------------

10/65 Testing: NginxConfigParserTest.CommentConfig
10/65 Test: NginxConfigParserTest.CommentConfig
Command: "/usr/src/projects/build/bin/config_parser_lib_test" "--gtest_filter=NginxConfigParserTest.CommentConfig" "--gtest_also_run_disabled_tests"
Directory: /usr/src/projects/tests
"NginxConfigParserTest.CommentConfig" start time: Jun 08 12:16 UTC
Output:
----------------------------------------------------------
Note: Google Test filter = NginxConfigParserTest.CommentConfig
[==========] Running 1 test from 1 test suite.
[----------] Global test environment set-up.
[----------] 1 test from NginxConfigParserTest
[ RUN      ] NginxConfigParserTest.CommentConfig
[       OK ] NginxConfigParserTest.CommentConfig (5 ms)
[----------] 1 test from NginxConfigParserTest (5 ms total)

[----------] Global test environment tear-down
[==========] 1 test from 1 test suite ran. (5 ms total)
[  PASSED  ] 1 test.
<end of output>
Test time =   0.01 sec
----------------------------------------------------------
Test Passed.
"NginxConfigParserTest.CommentConfig" end time: Jun 08 12:16 UTC
"NginxConfigParserTest.CommentConfig" time elapsed: 00:00:00
----------------------------------------------------------

11/65 Testing: NginxConfigParserTest.MissingEndBlockConfig
11/65 Test: NginxConfigParserTest.MissingEndBlockConfig
Command: "/usr/src/projects/build/bin/config_parser_lib_test" "--gtest_filter=NginxConfigParserTest.MissingEndBlockConfig" "--gtest_also_run_disabled_tests"
Directory: /usr/src/projects/tests
"NginxConfigParserTest.MissingEndBlockConfig" start time: Jun 08 12:16 UTC
Output:
----------------------------------------------------------
Note: Google Test filter = NginxConfigParserTest.MissingEndBlockConfig
[==========] Running 1 test from 1 test suite.
[----------] Global test environment set-up.
[----------] 1 test from NginxConfigParserTest
[ RUN      ] NginxConfigParserTest.MissingEndBlockConfig
Bad transition from TOKEN_TYPE_STATEMENT_END to TOKEN_TYPE_EOF
[       OK ] NginxConfigParserTest.MissingEndBlockConfig (6 ms)
[----------] 1 test from NginxConfigParserTest (6 ms total)

[----------] Global test environment tear-down
[==========] 1 test from 1 test suite ran. (6 ms total)
[  PASSED  ] 1 test.
<end of output>
Test time =   0.02 sec
----------------------------------------------------------
Test Passed.
"NginxConfigParserTest.MissingEndBlockConfig" end time: Jun 08 12:16 UTC
"NginxConfigParserTest.MissingEndBlockConfig" time elapsed: 00:00:00
----------------------------------------------------------

12/65 Testing: NginxConfigParserTest.MissingEndOfStatementConfig
12/65 Test: NginxConfigParserTest.MissingEndOfStatementConfig
Command: "/usr/src/projects/build/bin/config_parser_lib_test" "--gtest_filter=NginxConfigParserTest.MissingEndOfStatementConfig" "--gtest_also_run_disabled_tests"
Directory: /usr/src/projects/tests
"NginxConfigParserTest.MissingEndOfStatementConfig" start time: Jun 08 12:16 UTC
Output:
----------------------------------------------------------
Note: Google Test filter = NginxConfigParserTest.MissingEndOfStatementConfig
[==========] Running 1 test from 1 test suite.
[----------] Global test environment set-up.
[----------] 1 test from NginxConfigParserTest
[ RUN      ] NginxConfigParserTest.MissingEndOfStatementConfig
Bad transition from TOKEN_TYPE_NORMAL to TOKEN_TYPE_END_BLOCK
[       OK ] NginxConfigParserTest.MissingEndOfStatementConfig (4 ms)
[----------] 1 test from NginxConfigParserTest (5 ms total)

[----------] Global test environment tear-down
[==========] 1 test from 1 test suite ran. (5 ms total)
[  PASSED  ] 1 test.
<end of output>
Test time =   0.01 sec
----------------------------------------------------------
Test Passed.
"NginxConfigParserTest.MissingEndOfStatementConfig" end time: Jun 08 12:16 UTC
"NginxConfigParserTest.MissingEndOfStatementConfig" time elapsed: 00:00:00
----------------------------------------------------------

13/65 Testing: NginxConfigParserTest.NormalAtEOFConfig
13/65 Test: NginxConfigParserTest.NormalAtEOFConfig
Command: "/usr/src/projects/build/bin/config_parser_lib_test" "--gtest_filter=NginxConfigParserTest.NormalAtEOFConfig" "--gtest_also_run_disabled_tests"
Directory: /usr/src/projects/tests
"NginxConfigParserTest.NormalAtEOFConfig" start time: Jun 08 12:16 UTC
Output:
----------------------------------------------------------
Note: Google Test filter = NginxConfigParserTest.NormalAtEOFConfig
[==========] Running 1 test from 1 test suite.
[----------] Global test environment set-up.
[----------] 1 test from NginxConfigParserTest
[ RUN      ] NginxConfigParserTest.NormalAtEOFConfig
Failed to open config file: normal_at_config
[       OK ] NginxConfigParserTest.NormalAtEOFConfig (1 ms)
[----------] 1 test from NginxConfigParserTest (1 ms total)

[----------] Global test environment tear-down
[==========] 1 test from 1 test suite ran. (1 ms total)
[  PASSED  ] 1 test.
<end of output>
Test time =   0.01 sec
----------------------------------------------------------
Test Passed.
"NginxConfigParserTest.NormalAtEOFConfig" end time: Jun 08 12:16 UTC
"NginxConfigParserTest.NormalAtEOFConfig" time elapsed: 00:00:00
----------------------------------------------------------

14/65 Testing: NginxConfigParserTest.NoNormalBeforeStartConfig
14/65 Test: NginxConfigParserTest.NoNormalBeforeStartConfig
Command: "/usr/src/projects/build/bin/config_parser_lib_test" "--gtest_filter=NginxConfigParserTest.NoNormalBeforeStartConfig" "--gtest_also_run_disabled_tests"
Directory: /usr/src/projects/tests
"NginxConfigParserTest.NoNormalBeforeStartConfig" start time: Jun 08 12:16 UTC
Output:
----------------------------------------------------------
Note: Google Test filter = NginxConfigParserTest.NoNormalBeforeStartConfig
[==========] Running 1 test from 1 test suite.
[----------] Global test environment set-up.
[----------] 1 test from NginxConfigParserTest
[ RUN      ] NginxConfigParserTest.NoNormalBeforeStartConfig
Bad transition from TOKEN_TYPE_STATEMENT_END to TOKEN_TYPE_START_BLOCK
[       OK ] NginxConfigParserTest.NoNormalBeforeStartConfig (5 ms)
[----------] 1 test from NginxConfigParserTest (5 ms total)

[----------] Global test environment tear-down
[==========] 1 test from 1 test suite ran. (5 ms total)
[  PASSED  ] 1 test.
<end of output>
Test time =   0.01 sec
----------------------------------------------------------
Test Passed.
"NginxConfigParserTest.NoNormalBeforeStartConfig" end time: Jun 08 12:16 UTC
"NginxConfigParserTest.NoNormalBeforeStartConfig" time elapsed: 00:00:00
----------------------------------------------------------

15/65 Testing: NginxConfigParserTest.CorrectQuoteConfig
15/65 Test: NginxConfigParserTest.CorrectQuoteConfig
Command: "/usr/src/projects/build/bin/config_parser_lib_test" "--gtest_filter=NginxConfigParserTest.CorrectQuoteConfig" "--gtest_also_run_disabled_tests"
Directory: /usr/src/projects/tests
"NginxConfigParserTest.CorrectQuoteConfig" start time: Jun 08 12:16 UTC
Output:
----------------------------------------------------------
Note: Google Test filter = NginxConfigParserTest.CorrectQuoteConfig
[==========] Running 1 test from 1 test suite.
[----------] Global test environment set-up.
[----------] 1 test from NginxConfigParserTest
[ RUN      ] NginxConfigParserTest.CorrectQuoteConfig
[       OK ] NginxConfigParserTest.CorrectQuoteConfig (6 ms)
[----------] 1 test from NginxConfigParserTest (6 ms total)

[----------] Global test environment tear-down
[==========] 1 test from 1 test suite ran. (6 ms total)
[  PASSED  ] 1 test.
<end of output>
Test time =   0.01 sec
----------------------------------------------------------
Test Passed.
"NginxConfigParserTest.CorrectQuoteConfig" end time: Jun 08 12:16 UTC
"NginxConfigParserTest.CorrectQuoteConfig" time elapsed: 00:00:00
----------------------------------------------------------

16/65 Testing: NginxConfigParserTest.IncorrectQuoteConfig
16/65 Test: NginxConfigParserTest.IncorrectQuoteConfig
Command: "/usr/src/projects/build/bin/config_parser_lib_test" "--gtest_filter=NginxConfigParserTest.IncorrectQuoteConfig" "--gtest_also_run_disabled_tests"
Directory: /usr/src/projects/tests
"NginxConfigParserTest.IncorrectQuoteConfig" start time: Jun 08 12:16 UTC
Output:
----------------------------------------------------------
Note: Google Test filter = NginxConfigParserTest.IncorrectQuoteConfig
[==========] Running 1 test from 1 test suite.
[----------] Global test environment set-up.
[----------] 1 test from NginxConfigParserTest
[ RUN      ] NginxConfigParserTest.IncorrectQuoteConfig
Bad transition from TOKEN_TYPE_START to TOKEN_TYPE_ERROR
[       OK ] NginxConfigParserTest.IncorrectQuoteConfig (5 ms)
[----------] 1 test from NginxConfigParserTest (5 ms total)

[----------] Global test environment tear-down
[==========] 1 test from 1 test suite ran. (5 ms total)
[  PASSED  ] 1 test.
<end of output>
Test time =   0.01 sec
----------------------------------------------------------
Test Passed.
"NginxConfigParserTest.IncorrectQuoteConfig" end time: Jun 08 12:16 UTC
"NginxConfigParserTest.IncorrectQuoteConfig" time elapsed: 00:00:00
----------------------------------------------------------

17/65 Testing: NginxConfigParserTest.MyConfig
17/65 Test: NginxConfigParserTest.MyConfig
Command: "/usr/src/projects/build/bin/config_parser_lib_test" "--gtest_filter=NginxConfigParserTest.MyConfig" "--gtest_also_run_disabled_tests"
Directory: /usr/src/projects/tests
"NginxConfigParserTest.MyConfig" start time: Jun 08 12:16 UTC
Output:
----------------------------------------------------------
Note: Google Test filter = NginxConfigParserTest.MyConfig
[==========] Running 1 test from 1 test suite.
[----------] Global test environment set-up.
[----------] 1 test from NginxConfigParserTest
[ RUN      ] NginxConfigParserTest.MyConfig
Failed to open config file: my_config
[       OK ] NginxConfigParserTest.MyConfig (1 ms)
[----------] 1 test from NginxConfigParserTest (1 ms total)

[----------] Global test environment tear-down
[==========] 1 test from 1 test suite ran. (2 ms total)
[  PASSED  ] 1 test.
<end of output>
Test time =   0.01 sec
----------------------------------------------------------
Test Passed.
"NginxConfigParserTest.MyConfig" end time: Jun 08 12:16 UTC
"NginxConfigParserTest.MyConfig" time elapsed: 00:00:00
----------------------------------------------------------

18/65 Testing: NginxConfigParserTest.EmptyConfig
18/65 Test: NginxConfigParserTest.EmptyConfig
Command: "/usr/src/projects/build/bin/config_parser_lib_test" "--gtest_filter=NginxConfigParserTest.EmptyConfig" "--gtest_also_run_disabled_tests"
Directory: /usr/src/projects/tests
"NginxConfigParserTest.EmptyConfig" start time: Jun 08 12:16 UTC
Output:
----------------------------------------------------------
Note: Google Test filter = NginxConfigParserTest.EmptyConfig
[==========] Running 1 test from 1 test suite.
[----------] Global test environment set-up.
[----------] 1 test from NginxConfigParserTest
[ RUN      ] NginxConfigParserTest.EmptyConfig
[       OK ] NginxConfigParserTest.EmptyConfig (4 ms)
[----------] 1 test from NginxConfigParserTest (4 ms total)

[----------] Global test environment tear-down
[==========] 1 test from 1 test suite ran. (4 ms total)
[  PASSED  ] 1 test.
<end of output>
Test time =   0.01 sec
----------------------------------------------------------
Test Passed.
"NginxConfigParserTest.EmptyConfig" end time: Jun 08 12:16 UTC
"NginxConfigParserTest.EmptyConfig" time elapsed: 00:00:00
----------------------------------------------------------

19/65 Testing: NginxConfigParserTest.EmptyBlockConfig
19/65 Test: NginxConfigParserTest.EmptyBlockConfig
Command: "/usr/src/projects/build/bin/config_parser_lib_test" "--gtest_filter=NginxConfigParserTest.EmptyBlockConfig" "--gtest_also_run_disabled_tests"
Directory: /usr/src/projects/tests
"NginxConfigParserTest.EmptyBlockConfig" start time: Jun 08 12:16 UTC
Output:
----------------------------------------------------------
Note: Google Test filter = NginxConfigParserTest.EmptyBlockConfig
[==========] Running 1 test from 1 test suite.
[----------] Global test environment set-up.
[----------] 1 test from NginxConfigParserTest
[ RUN      ] NginxConfigParserTest.EmptyBlockConfig
[       OK ] NginxConfigParserTest.EmptyBlockConfig (3 ms)
[----------] 1 test from NginxConfigParserTest (3 ms total)

[----------] Global test environment tear-down
[==========] 1 test from 1 test suite ran. (3 ms total)
[  PASSED  ] 1 test.
<end of output>
Test time =   0.01 sec
----------------------------------------------------------
Test Passed.
"NginxConfigParserTest.EmptyBlockConfig" end time: Jun 08 12:16 UTC
"NginxConfigParserTest.EmptyBlockConfig" time elapsed: 00:00:00
----------------------------------------------------------

20/65 Testing: NginxConfigParserTest.MissingStartBlockConfig
20/65 Test: NginxConfigParserTest.MissingStartBlockConfig
Command: "/usr/src/projects/build/bin/config_parser_lib_test" "--gtest_filter=NginxConfigParserTest.MissingStartBlockConfig" "--gtest_also_run_disabled_tests"
Directory: /usr/src/projects/tests
"NginxConfigParserTest.MissingStartBlockConfig" start time: Jun 08 12:16 UTC
Output:
----------------------------------------------------------
Note: Google Test filter = NginxConfigParserTest.MissingStartBlockConfig
[==========] Running 1 test from 1 test suite.
[----------] Global test environment set-up.
[----------] 1 test from NginxConfigParserTest
[ RUN      ] NginxConfigParserTest.MissingStartBlockConfig
Bad transition from TOKEN_TYPE_STATEMENT_END to TOKEN_TYPE_END_BLOCK
[       OK ] NginxConfigParserTest.MissingStartBlockConfig (3 ms)
[----------] 1 test from NginxConfigParserTest (3 ms total)

[----------] Global test environment tear-down
[==========] 1 test from 1 test suite ran. (3 ms total)
[  PASSED  ] 1 test.
<end of output>
Test time =   0.01 sec
----------------------------------------------------------
Test Passed.
"NginxConfigParserTest.MissingStartBlockConfig" end time: Jun 08 12:16 UTC
"NginxConfigParserTest.MissingStartBlockConfig" time elapsed: 00:00:00
----------------------------------------------------------

21/65 Testing: NginxConfigParserTest.ListenPortNumber
21/65 Test: NginxConfigParserTest.ListenPortNumber
Command: "/usr/src/projects/build/bin/config_parser_lib_test" "--gtest_filter=NginxConfigParserTest.ListenPortNumber" "--gtest_also_run_disabled_tests"
Directory: /usr/src/projects/tests
"NginxConfigParserTest.ListenPortNumber" start time: Jun 08 12:16 UTC
Output:
----------------------------------------------------------
Note: Google Test filter = NginxConfigParserTest.ListenPortNumber
[==========] Running 1 test from 1 test suite.
[----------] Global test environment set-up.
[----------] 1 test from NginxConfigParserTest
[ RUN      ] NginxConfigParserTest.ListenPortNumber
[       OK ] NginxConfigParserTest.ListenPortNumber (3 ms)
[----------] 1 test from NginxConfigParserTest (3 ms total)

[----------] Global test environment tear-down
[==========] 1 test from 1 test suite ran. (3 ms total)
[  PASSED  ] 1 test.
<end of output>
Test time =   0.01 sec
----------------------------------------------------------
Test Passed.
"NginxConfigParserTest.ListenPortNumber" end time: Jun 08 12:16 UTC
"NginxConfigParserTest.ListenPortNumber" time elapsed: 00:00:00
----------------------------------------------------------

22/65 Testing: NginxConfigParserTest.NoListenPort
22/65 Test: NginxConfigParserTest.NoListenPort
Command: "/usr/src/projects/build/bin/config_parser_lib_test" "--gtest_filter=NginxConfigParserTest.NoListenPort" "--gtest_also_run_disabled_tests"
Directory: /usr/src/projects/tests
"NginxConfigParserTest.NoListenPort" start time: Jun 08 12:16 UTC
Output:
----------------------------------------------------------
Note: Google Test filter = NginxConfigParserTest.NoListenPort
[==========] Running 1 test from 1 test suite.
[----------] Global test environment set-up.
[----------] 1 test from NginxConfigParserTest
[ RUN      ] NginxConfigParserTest.NoListenPort
[       OK ] NginxConfigParserTest.NoListenPort (3 ms)
[----------] 1 test from NginxConfigParserTest (3 ms total)

[----------] Global test environment tear-down
[==========] 1 test from 1 test suite ran. (4 ms total)
[  PASSED  ] 1 test.
<end of output>
Test time =   0.01 sec
----------------------------------------------------------
Test Passed.
"NginxConfigParserTest.NoListenPort" end time: Jun 08 12:16 UTC
"NginxConfigParserTest.NoListenPort" time elapsed: 00:00:00
----------------------------------------------------------

23/65 Testing: NginxConfigParserTest.ToStringConfig
23/65 Test: NginxConfigParserTest.ToStringConfig
Command: "/usr/src/projects/build/bin/config_parser_lib_test" "--gtest_filter=NginxConfigParserTest.ToStringConfig" "--gtest_also_run_disabled_tests"
Directory: /usr/src/projects/tests
"NginxConfigParserTest.ToStringConfig" start time: Jun 08 12:16 UTC
Output:
----------------------------------------------------------
Note: Google Test filter = NginxConfigParserTest.ToStringConfig
[==========] Running 1 test from 1 test suite.
[----------] Global test environment set-up.
[----------] 1 test from NginxConfigParserTest
[ RUN      ] NginxConfigParserTest.ToStringConfig
[       OK ] NginxConfigParserTest.ToStringConfig (3 ms)
[----------] 1 test from NginxConfigParserTest (3 ms total)

[----------] Global test environment tear-down
[==========] 1 test from 1 test suite ran. (3 ms total)
[  PASSED  ] 1 test.
<end of output>
Test time =   0.01 sec
----------------------------------------------------------
Test Passed.
"NginxConfigParserTest.ToStringConfig" end time: Jun 08 12:16 UTC
"NginxConfigParserTest.ToStringConfig" time elapsed: 00:00:00
----------------------------------------------------------

24/65 Testing: NginxConfigParserTest.SingleQuoteConfig
24/65 Test: NginxConfigParserTest.SingleQuoteConfig
Command: "/usr/src/projects/build/bin/config_parser_lib_test" "--gtest_filter=NginxConfigParserTest.SingleQuoteConfig" "--gtest_also_run_disabled_tests"
Directory: /usr/src/projects/tests
"NginxConfigParserTest.SingleQuoteConfig" start time: Jun 08 12:16 UTC
Output:
----------------------------------------------------------
Note: Google Test filter = NginxConfigParserTest.SingleQuoteConfig
[==========] Running 1 test from 1 test suite.
[----------] Global test environment set-up.
[----------] 1 test from NginxConfigParserTest
[ RUN      ] NginxConfigParserTest.SingleQuoteConfig
[       OK ] NginxConfigParserTest.SingleQuoteConfig (3 ms)
[----------] 1 test from NginxConfigParserTest (3 ms total)

[----------] Global test environment tear-down
[==========] 1 test from 1 test suite ran. (3 ms total)
[  PASSED  ] 1 test.
<end of output>
Test time =   0.01 sec
----------------------------------------------------------
Test Passed.
"NginxConfigParserTest.SingleQuoteConfig" end time: Jun 08 12:16 UTC
"NginxConfigParserTest.SingleQuoteConfig" time elapsed: 00:00:00
----------------------------------------------------------

25/65 Testing: LoggerTest.LogTrace
25/65 Test: LoggerTest.LogTrace
Command: "/usr/src/projects/build/bin/logger_test" "--gtest_filter=LoggerTest.LogTrace" "--gtest_also_run_disabled_tests"
Directory: /usr/src/projects/tests
"LoggerTest.LogTrace" start time: Jun 08 12:16 UTC
Output:
----------------------------------------------------------
Running main() from /usr/src/googletest/googletest/src/gtest_main.cc
Note: Google Test filter = LoggerTest.LogTrace
[==========] Running 1 test from 1 test suite.
[----------] Global test environment set-up.
[----------] 1 test from LoggerTest
[ RUN      ] LoggerTest.LogTrace
[2023-06-08 12:16:15.299670]:[0x00007f59d65fb740]:[0x0000042e]:[trace]: Logged trace severity message
[       OK ] LoggerTest.LogTrace (14 ms)
[----------] 1 test from LoggerTest (15 ms total)

[----------] Global test environment tear-down
[==========] 1 test from 1 test suite ran. (15 ms total)
[  PASSED  ] 1 test.
<end of output>
Test time =   0.05 sec
----------------------------------------------------------
Test Passed.
"LoggerTest.LogTrace" end time: Jun 08 12:16 UTC
"LoggerTest.LogTrace" time elapsed: 00:00:00
----------------------------------------------------------

26/65 Testing: LoggerTest.LogDebug
26/65 Test: LoggerTest.LogDebug
Command: "/usr/src/projects/build/bin/logger_test" "--gtest_filter=LoggerTest.LogDebug" "--gtest_also_run_disabled_tests"
Directory: /usr/src/projects/tests
"LoggerTest.LogDebug" start time: Jun 08 12:16 UTC
Output:
----------------------------------------------------------
Running main() from /usr/src/googletest/googletest/src/gtest_main.cc
Note: Google Test filter = LoggerTest.LogDebug
[==========] Running 1 test from 1 test suite.
[----------] Global test environment set-up.
[----------] 1 test from LoggerTest
[ RUN      ] LoggerTest.LogDebug
[2023-06-08 12:16:15.335721]:[0x00007f6acd819740]:[0x0000042f]:[debug]: Logged debug severity message
[       OK ] LoggerTest.LogDebug (6 ms)
[----------] 1 test from LoggerTest (6 ms total)

[----------] Global test environment tear-down
[==========] 1 test from 1 test suite ran. (6 ms total)
[  PASSED  ] 1 test.
<end of output>
Test time =   0.01 sec
----------------------------------------------------------
Test Passed.
"LoggerTest.LogDebug" end time: Jun 08 12:16 UTC
"LoggerTest.LogDebug" time elapsed: 00:00:00
----------------------------------------------------------

27/65 Testing: LoggerTest.LogInfo
27/65 Test: LoggerTest.LogInfo
Command: "/usr/src/projects/build/bin/logger_test" "--gtest_filter=LoggerTest.LogInfo" "--gtest_also_run_disabled_tests"
Directory: /usr/src/projects/tests
"LoggerTest.LogInfo" start time: Jun 08 12:16 UTC
Output:
----------------------------------------------------------
Running main() from /usr/src/googletest/googletest/src/gtest_main.cc
Note: Google Test filter = LoggerTest.LogInfo
[==========] Running 1 test from 1 test suite.
[----------] Global test environment set-up.
[----------] 1 test from LoggerTest
[ RUN      ] LoggerTest.LogInfo
[2023-06-08 12:16:15.364075]:[0x00007f81ad9e8740]:[0x00000430]:[info]: Logged info severity message
[       OK ] LoggerTest.LogInfo (7 ms)
[----------] 1 test from LoggerTest (7 ms total)

[----------] Global test environment tear-down
[==========] 1 test from 1 test suite ran. (7 ms total)
[  PASSED  ] 1 test.
<end of output>
Test time =   0.01 sec
----------------------------------------------------------
Test Passed.
"LoggerTest.LogInfo" end time: Jun 08 12:16 UTC
"LoggerTest.LogInfo" time elapsed: 00:00:00
----------------------------------------------------------

28/65 Testing: LoggerTest.LogWarning
28/65 Test: LoggerTest.LogWarning
Command: "/usr/src/projects/build/bin/logger_test" "--gtest_filter=LoggerTest.LogWarning" "--gtest_also_run_disabled_tests"
Directory: /usr/src/projects/tests
"LoggerTest.LogWarning" start time: Jun 08 12:16 UTC
Output:
----------------------------------------------------------
Running main() from /usr/src/googletest/googletest/src/gtest_main.cc
Note: Google Test filter = LoggerTest.LogWarning
[==========] Running 1 test from 1 test suite.
[----------] Global test environment set-up.
[----------] 1 test from LoggerTest
[ RUN      ] LoggerTest.LogWarning
[2023-06-08 12:16:15.394141]:[0x00007f13bfd4c740]:[0x00000431]:[warning]: Logged warning severity message
[       OK ] LoggerTest.LogWarning (9 ms)
[----------] 1 test from LoggerTest (9 ms total)

[----------] Global test environment tear-down
[==========] 1 test from 1 test suite ran. (9 ms total)
[  PASSED  ] 1 test.
<end of output>
Test time =   0.01 sec
----------------------------------------------------------
Test Passed.
"LoggerTest.LogWarning" end time: Jun 08 12:16 UTC
"LoggerTest.LogWarning" time elapsed: 00:00:00
----------------------------------------------------------

29/65 Testing: LoggerTest.LogError
29/65 Test: LoggerTest.LogError
Command: "/usr/src/projects/build/bin/logger_test" "--gtest_filter=LoggerTest.LogError" "--gtest_also_run_disabled_tests"
Directory: /usr/src/projects/tests
"LoggerTest.LogError" start time: Jun 08 12:16 UTC
Output:
----------------------------------------------------------
Running main() from /usr/src/googletest/googletest/src/gtest_main.cc
Note: Google Test filter = LoggerTest.LogError
[==========] Running 1 test from 1 test suite.
[----------] Global test environment set-up.
[----------] 1 test from LoggerTest
[ RUN      ] LoggerTest.LogError
[2023-06-08 12:16:15.423568]:[0x00007f2dea469740]:[0x00000432]:[error]: Logged error severity message
[       OK ] LoggerTest.LogError (6 ms)
[----------] 1 test from LoggerTest (6 ms total)

[----------] Global test environment tear-down
[==========] 1 test from 1 test suite ran. (7 ms total)
[  PASSED  ] 1 test.
<end of output>
Test time =   0.01 sec
----------------------------------------------------------
Test Passed.
"LoggerTest.LogError" end time: Jun 08 12:16 UTC
"LoggerTest.LogError" time elapsed: 00:00:00
----------------------------------------------------------

30/65 Testing: LoggerTest.LogFatal
30/65 Test: LoggerTest.LogFatal
Command: "/usr/src/projects/build/bin/logger_test" "--gtest_filter=LoggerTest.LogFatal" "--gtest_also_run_disabled_tests"
Directory: /usr/src/projects/tests
"LoggerTest.LogFatal" start time: Jun 08 12:16 UTC
Output:
----------------------------------------------------------
Running main() from /usr/src/googletest/googletest/src/gtest_main.cc
Note: Google Test filter = LoggerTest.LogFatal
[==========] Running 1 test from 1 test suite.
[----------] Global test environment set-up.
[----------] 1 test from LoggerTest
[ RUN      ] LoggerTest.LogFatal
[2023-06-08 12:16:15.452421]:[0x00007f48420d3740]:[0x00000433]:[fatal]: Logged fatal severity message
[       OK ] LoggerTest.LogFatal (6 ms)
[----------] 1 test from LoggerTest (6 ms total)

[----------] Global test environment tear-down
[==========] 1 test from 1 test suite ran. (6 ms total)
[  PASSED  ] 1 test.
<end of output>
Test time =   0.01 sec
----------------------------------------------------------
Test Passed.
"LoggerTest.LogFatal" end time: Jun 08 12:16 UTC
"LoggerTest.LogFatal" time elapsed: 00:00:00
----------------------------------------------------------

31/65 Testing: RequestHandlerEchoTest.EchoRequest
31/65 Test: RequestHandlerEchoTest.EchoRequest
Command: "/usr/src/projects/build/bin/request_handler_echo_test" "--gtest_filter=RequestHandlerEchoTest.EchoRequest" "--gtest_also_run_disabled_tests"
Directory: /usr/src/projects/tests
"RequestHandlerEchoTest.EchoRequest" start time: Jun 08 12:16 UTC
Output:
----------------------------------------------------------
Running main() from /usr/src/googletest/googletest/src/gtest_main.cc
Note: Google Test filter = RequestHandlerEchoTest.EchoRequest
[==========] Running 1 test from 1 test suite.
[----------] Global test environment set-up.
[----------] 1 test from RequestHandlerEchoTest
[ RUN      ] RequestHandlerEchoTest.EchoRequest
[2023-06-08 12:16:15.485385]:[0x00007fda21913740]:[0x00000434]:[trace]: Echo Request Handler: /echo
[2023-06-08 12:16:15.490172]:[0x00007fda21913740]:[0x00000434]:[info]: [HandlerMetrics] Echo_handler
[2023-06-08 12:16:15.491392]:[0x00007fda21913740]:[0x00000434]:[info]: [ResponseMetrics] 200
[       OK ] RequestHandlerEchoTest.EchoRequest (14 ms)
[----------] 1 test from RequestHandlerEchoTest (14 ms total)

[----------] Global test environment tear-down
[==========] 1 test from 1 test suite ran. (14 ms total)
[  PASSED  ] 1 test.
<end of output>
Test time =   0.02 sec
----------------------------------------------------------
Test Passed.
"RequestHandlerEchoTest.EchoRequest" end time: Jun 08 12:16 UTC
"RequestHandlerEchoTest.EchoRequest" time elapsed: 00:00:00
----------------------------------------------------------

32/65 Testing: RequestHandlerStaticTest.StaticNotFoundTest
32/65 Test: RequestHandlerStaticTest.StaticNotFoundTest
Command: "/usr/src/projects/build/bin/request_handler_static_test" "--gtest_filter=RequestHandlerStaticTest.StaticNotFoundTest" "--gtest_also_run_disabled_tests"
Directory: /usr/src/projects/tests
"RequestHandlerStaticTest.StaticNotFoundTest" start time: Jun 08 12:16 UTC
Output:
----------------------------------------------------------
Running main() from /usr/src/googletest/googletest/src/gtest_main.cc
Note: Google Test filter = RequestHandlerStaticTest.StaticNotFoundTest
[==========] Running 1 test from 1 test suite.
[----------] Global test environment set-up.
[----------] 1 test from RequestHandlerStaticTest
[ RUN      ] RequestHandlerStaticTest.StaticNotFoundTest
[2023-06-08 12:16:15.575239]:[0x00007f58004e0740]:[0x00000435]:[trace]: Static Request Handler Serving file: ../public/folder1/drandom.txt
[2023-06-08 12:16:15.625569]:[0x00007f58004e0740]:[0x00000435]:[trace]: -- static file not found
[2023-06-08 12:16:15.642385]:[0x00007f58004e0740]:[0x00000435]:[info]: [HandlerMetrics] Static_handler
[2023-06-08 12:16:15.644341]:[0x00007f58004e0740]:[0x00000435]:[info]: [ResponseMetrics] 404
[       OK ] RequestHandlerStaticTest.StaticNotFoundTest (106 ms)
[----------] 1 test from RequestHandlerStaticTest (106 ms total)

[----------] Global test environment tear-down
[==========] 1 test from 1 test suite ran. (106 ms total)
[  PASSED  ] 1 test.
<end of output>
Test time =   0.11 sec
----------------------------------------------------------
Test Passed.
"RequestHandlerStaticTest.StaticNotFoundTest" end time: Jun 08 12:16 UTC
"RequestHandlerStaticTest.StaticNotFoundTest" time elapsed: 00:00:00
----------------------------------------------------------

33/65 Testing: RequestHandlerStaticTest.StaticFoundTest
33/65 Test: RequestHandlerStaticTest.StaticFoundTest
Command: "/usr/src/projects/build/bin/request_handler_static_test" "--gtest_filter=RequestHandlerStaticTest.StaticFoundTest" "--gtest_also_run_disabled_tests"
Directory: /usr/src/projects/tests
"RequestHandlerStaticTest.StaticFoundTest" start time: Jun 08 12:16 UTC
Output:
----------------------------------------------------------
Running main() from /usr/src/googletest/googletest/src/gtest_main.cc
Note: Google Test filter = RequestHandlerStaticTest.StaticFoundTest
[==========] Running 1 test from 1 test suite.
[----------] Global test environment set-up.
[----------] 1 test from RequestHandlerStaticTest
[ RUN      ] RequestHandlerStaticTest.StaticFoundTest
[2023-06-08 12:16:15.697951]:[0x00007f4974702740]:[0x00000436]:[trace]: Static Request Handler Serving file: ../public/folder1/random.txt
[2023-06-08 12:16:15.705137]:[0x00007f4974702740]:[0x00000436]:[trace]: -- static file found
[2023-06-08 12:16:15.706041]:[0x00007f4974702740]:[0x00000436]:[info]: [HandlerMetrics] Static_handler
[2023-06-08 12:16:15.706880]:[0x00007f4974702740]:[0x00000436]:[info]: [ResponseMetrics] 200
[       OK ] RequestHandlerStaticTest.StaticFoundTest (10 ms)
[----------] 1 test from RequestHandlerStaticTest (10 ms total)

[----------] Global test environment tear-down
[==========] 1 test from 1 test suite ran. (10 ms total)
[  PASSED  ] 1 test.
<end of output>
Test time =   0.01 sec
----------------------------------------------------------
Test Passed.
"RequestHandlerStaticTest.StaticFoundTest" end time: Jun 08 12:16 UTC
"RequestHandlerStaticTest.StaticFoundTest" time elapsed: 00:00:00
----------------------------------------------------------

34/65 Testing: RequestHandlerStaticTest.StaticNestedFoundTest
34/65 Test: RequestHandlerStaticTest.StaticNestedFoundTest
Command: "/usr/src/projects/build/bin/request_handler_static_test" "--gtest_filter=RequestHandlerStaticTest.StaticNestedFoundTest" "--gtest_also_run_disabled_tests"
Directory: /usr/src/projects/tests
"RequestHandlerStaticTest.StaticNestedFoundTest" start time: Jun 08 12:16 UTC
Output:
----------------------------------------------------------
Running main() from /usr/src/googletest/googletest/src/gtest_main.cc
Note: Google Test filter = RequestHandlerStaticTest.StaticNestedFoundTest
[==========] Running 1 test from 1 test suite.
[----------] Global test environment set-up.
[----------] 1 test from RequestHandlerStaticTest
[ RUN      ] RequestHandlerStaticTest.StaticNestedFoundTest
[2023-06-08 12:16:15.731783]:[0x00007fc5e12d0740]:[0x00000437]:[trace]: Static Request Handler Serving file: ../public/folder1/nested/nest.txt
[2023-06-08 12:16:15.741780]:[0x00007fc5e12d0740]:[0x00000437]:[trace]: -- static file found
[2023-06-08 12:16:15.742576]:[0x00007fc5e12d0740]:[0x00000437]:[info]: [HandlerMetrics] Static_handler
[2023-06-08 12:16:15.743546]:[0x00007fc5e12d0740]:[0x00000437]:[info]: [ResponseMetrics] 200
[       OK ] RequestHandlerStaticTest.StaticNestedFoundTest (12 ms)
[----------] 1 test from RequestHandlerStaticTest (12 ms total)

[----------] Global test environment tear-down
[==========] 1 test from 1 test suite ran. (12 ms total)
[  PASSED  ] 1 test.
<end of output>
Test time =   0.02 sec
----------------------------------------------------------
Test Passed.
"RequestHandlerStaticTest.StaticNestedFoundTest" end time: Jun 08 12:16 UTC
"RequestHandlerStaticTest.StaticNestedFoundTest" time elapsed: 00:00:00
----------------------------------------------------------

35/65 Testing: RequestHandlerDispatcherTest.GetHandlerEcho
35/65 Test: RequestHandlerDispatcherTest.GetHandlerEcho
Command: "/usr/src/projects/build/bin/request_handler_dispatcher_test" "--gtest_filter=RequestHandlerDispatcherTest.GetHandlerEcho" "--gtest_also_run_disabled_tests"
Directory: /usr/src/projects/tests
"RequestHandlerDispatcherTest.GetHandlerEcho" start time: Jun 08 12:16 UTC
Output:
----------------------------------------------------------
Running main() from /usr/src/googletest/googletest/src/gtest_main.cc
Note: Google Test filter = RequestHandlerDispatcherTest.GetHandlerEcho
[==========] Running 1 test from 1 test suite.
[----------] Global test environment set-up.
[----------] 1 test from RequestHandlerDispatcherTest
[ RUN      ] RequestHandlerDispatcherTest.GetHandlerEcho
[2023-06-08 12:16:15.776013]:[0x00007fdbdf542740]:[0x00000438]:[trace]: Parsed handler EchoHandler for path: /echo
[2023-06-08 12:16:15.780026]:[0x00007fdbdf542740]:[0x00000438]:[trace]: Dispatched echo handler factory at location: /echo
[2023-06-08 12:16:15.781026]:[0x00007fdbdf542740]:[0x00000438]:[trace]: Parsed handler HealthHandler for path: /health
[2023-06-08 12:16:15.782310]:[0x00007fdbdf542740]:[0x00000438]:[trace]: Dispatched health handler factory at location: /health
[2023-06-08 12:16:15.783427]:[0x00007fdbdf542740]:[0x00000438]:[trace]: Parsed handler StaticHandler for path: /static1
[2023-06-08 12:16:15.784295]:[0x00007fdbdf542740]:[0x00000438]:[trace]: Dispatched static handler factory at location: /static1
[2023-06-08 12:16:15.785582]:[0x00007fdbdf542740]:[0x00000438]:[trace]: Parsed handler StaticHandler for path: /static2
[2023-06-08 12:16:15.786451]:[0x00007fdbdf542740]:[0x00000438]:[trace]: Dispatched static handler factory at location: /static2
[2023-06-08 12:16:15.787200]:[0x00007fdbdf542740]:[0x00000438]:[trace]: Parsed handler ErrorHandler for path: /
[2023-06-08 12:16:15.788294]:[0x00007fdbdf542740]:[0x00000438]:[trace]: Dispatched 404 handler factory at location: /
[2023-06-08 12:16:15.789258]:[0x00007fdbdf542740]:[0x00000438]:[trace]: Parsed handler SleepHandler for path: /sleep
[2023-06-08 12:16:15.790075]:[0x00007fdbdf542740]:[0x00000438]:[trace]: Dispatched sleep handler factory at location: /sleep
[2023-06-08 12:16:15.791095]:[0x00007fdbdf542740]:[0x00000438]:[trace]: Parsed handler CRUDHandler for path: /api
[2023-06-08 12:16:15.792137]:[0x00007fdbdf542740]:[0x00000438]:[trace]: Dispatched crud handler factory at location: /api
[2023-06-08 12:16:15.793147]:[0x00007fdbdf542740]:[0x00000438]:[error]: Another handler exists at path: /sleep
[       OK ] RequestHandlerDispatcherTest.GetHandlerEcho (27 ms)
[----------] 1 test from RequestHandlerDispatcherTest (27 ms total)

[----------] Global test environment tear-down
[==========] 1 test from 1 test suite ran. (27 ms total)
[  PASSED  ] 1 test.
<end of output>
Test time =   0.03 sec
----------------------------------------------------------
Test Passed.
"RequestHandlerDispatcherTest.GetHandlerEcho" end time: Jun 08 12:16 UTC
"RequestHandlerDispatcherTest.GetHandlerEcho" time elapsed: 00:00:00
----------------------------------------------------------

36/65 Testing: RequestHandlerDispatcherTest.GetHandler404
36/65 Test: RequestHandlerDispatcherTest.GetHandler404
Command: "/usr/src/projects/build/bin/request_handler_dispatcher_test" "--gtest_filter=RequestHandlerDispatcherTest.GetHandler404" "--gtest_also_run_disabled_tests"
Directory: /usr/src/projects/tests
"RequestHandlerDispatcherTest.GetHandler404" start time: Jun 08 12:16 UTC
Output:
----------------------------------------------------------
Running main() from /usr/src/googletest/googletest/src/gtest_main.cc
Note: Google Test filter = RequestHandlerDispatcherTest.GetHandler404
[==========] Running 1 test from 1 test suite.
[----------] Global test environment set-up.
[----------] 1 test from RequestHandlerDispatcherTest
[ RUN      ] RequestHandlerDispatcherTest.GetHandler404
[2023-06-08 12:16:15.823421]:[0x00007f02767d0740]:[0x00000439]:[trace]: Parsed handler EchoHandler for path: /echo
[2023-06-08 12:16:15.827147]:[0x00007f02767d0740]:[0x00000439]:[trace]: Dispatched echo handler factory at location: /echo
[2023-06-08 12:16:15.828061]:[0x00007f02767d0740]:[0x00000439]:[trace]: Parsed handler HealthHandler for path: /health
[2023-06-08 12:16:15.828929]:[0x00007f02767d0740]:[0x00000439]:[trace]: Dispatched health handler factory at location: /health
[2023-06-08 12:16:15.829792]:[0x00007f02767d0740]:[0x00000439]:[trace]: Parsed handler StaticHandler for path: /static1
[2023-06-08 12:16:15.830523]:[0x00007f02767d0740]:[0x00000439]:[trace]: Dispatched static handler factory at location: /static1
[2023-06-08 12:16:15.831363]:[0x00007f02767d0740]:[0x00000439]:[trace]: Parsed handler StaticHandler for path: /static2
[2023-06-08 12:16:15.832477]:[0x00007f02767d0740]:[0x00000439]:[trace]: Dispatched static handler factory at location: /static2
[2023-06-08 12:16:15.833544]:[0x00007f02767d0740]:[0x00000439]:[trace]: Parsed handler ErrorHandler for path: /
[2023-06-08 12:16:15.834509]:[0x00007f02767d0740]:[0x00000439]:[trace]: Dispatched 404 handler factory at location: /
[2023-06-08 12:16:15.835294]:[0x00007f02767d0740]:[0x00000439]:[trace]: Parsed handler SleepHandler for path: /sleep
[2023-06-08 12:16:15.836061]:[0x00007f02767d0740]:[0x00000439]:[trace]: Dispatched sleep handler factory at location: /sleep
[2023-06-08 12:16:15.837102]:[0x00007f02767d0740]:[0x00000439]:[trace]: Parsed handler CRUDHandler for path: /api
[2023-06-08 12:16:15.837999]:[0x00007f02767d0740]:[0x00000439]:[trace]: Dispatched crud handler factory at location: /api
[2023-06-08 12:16:15.838825]:[0x00007f02767d0740]:[0x00000439]:[error]: Another handler exists at path: /sleep
[       OK ] RequestHandlerDispatcherTest.GetHandler404 (18 ms)
[----------] 1 test from RequestHandlerDispatcherTest (18 ms total)

[----------] Global test environment tear-down
[==========] 1 test from 1 test suite ran. (18 ms total)
[  PASSED  ] 1 test.
<end of output>
Test time =   0.02 sec
----------------------------------------------------------
Test Passed.
"RequestHandlerDispatcherTest.GetHandler404" end time: Jun 08 12:16 UTC
"RequestHandlerDispatcherTest.GetHandler404" time elapsed: 00:00:00
----------------------------------------------------------

37/65 Testing: RequestHandlerDispatcherTest.GetHandlerHealth
37/65 Test: RequestHandlerDispatcherTest.GetHandlerHealth
Command: "/usr/src/projects/build/bin/request_handler_dispatcher_test" "--gtest_filter=RequestHandlerDispatcherTest.GetHandlerHealth" "--gtest_also_run_disabled_tests"
Directory: /usr/src/projects/tests
"RequestHandlerDispatcherTest.GetHandlerHealth" start time: Jun 08 12:16 UTC
Output:
----------------------------------------------------------
Running main() from /usr/src/googletest/googletest/src/gtest_main.cc
Note: Google Test filter = RequestHandlerDispatcherTest.GetHandlerHealth
[==========] Running 1 test from 1 test suite.
[----------] Global test environment set-up.
[----------] 1 test from RequestHandlerDispatcherTest
[ RUN      ] RequestHandlerDispatcherTest.GetHandlerHealth
[2023-06-08 12:16:15.869712]:[0x00007f2af63ca740]:[0x0000043a]:[trace]: Parsed handler EchoHandler for path: /echo
[2023-06-08 12:16:15.873108]:[0x00007f2af63ca740]:[0x0000043a]:[trace]: Dispatched echo handler factory at location: /echo
[2023-06-08 12:16:15.874001]:[0x00007f2af63ca740]:[0x0000043a]:[trace]: Parsed handler HealthHandler for path: /health
[2023-06-08 12:16:15.875142]:[0x00007f2af63ca740]:[0x0000043a]:[trace]: Dispatched health handler factory at location: /health
[2023-06-08 12:16:15.876282]:[0x00007f2af63ca740]:[0x0000043a]:[trace]: Parsed handler StaticHandler for path: /static1
[2023-06-08 12:16:15.877197]:[0x00007f2af63ca740]:[0x0000043a]:[trace]: Dispatched static handler factory at location: /static1
[2023-06-08 12:16:15.878009]:[0x00007f2af63ca740]:[0x0000043a]:[trace]: Parsed handler StaticHandler for path: /static2
[2023-06-08 12:16:15.878790]:[0x00007f2af63ca740]:[0x0000043a]:[trace]: Dispatched static handler factory at location: /static2
[2023-06-08 12:16:15.879460]:[0x00007f2af63ca740]:[0x0000043a]:[trace]: Parsed handler ErrorHandler for path: /
[2023-06-08 12:16:15.880182]:[0x00007f2af63ca740]:[0x0000043a]:[trace]: Dispatched 404 handler factory at location: /
[2023-06-08 12:16:15.881159]:[0x00007f2af63ca740]:[0x0000043a]:[trace]: Parsed handler SleepHandler for path: /sleep
[2023-06-08 12:16:15.882626]:[0x00007f2af63ca740]:[0x0000043a]:[trace]: Dispatched sleep handler factory at location: /sleep
[2023-06-08 12:16:15.883834]:[0x00007f2af63ca740]:[0x0000043a]:[trace]: Parsed handler CRUDHandler for path: /api
[2023-06-08 12:16:15.884880]:[0x00007f2af63ca740]:[0x0000043a]:[trace]: Dispatched crud handler factory at location: /api
[2023-06-08 12:16:15.886026]:[0x00007f2af63ca740]:[0x0000043a]:[error]: Another handler exists at path: /sleep
[       OK ] RequestHandlerDispatcherTest.GetHandlerHealth (18 ms)
[----------] 1 test from RequestHandlerDispatcherTest (18 ms total)

[----------] Global test environment tear-down
[==========] 1 test from 1 test suite ran. (18 ms total)
[  PASSED  ] 1 test.
<end of output>
Test time =   0.02 sec
----------------------------------------------------------
Test Passed.
"RequestHandlerDispatcherTest.GetHandlerHealth" end time: Jun 08 12:16 UTC
"RequestHandlerDispatcherTest.GetHandlerHealth" time elapsed: 00:00:00
----------------------------------------------------------

38/65 Testing: RequestHandlerDispatcherTest.GetHandlerCrud
38/65 Test: RequestHandlerDispatcherTest.GetHandlerCrud
Command: "/usr/src/projects/build/bin/request_handler_dispatcher_test" "--gtest_filter=RequestHandlerDispatcherTest.GetHandlerCrud" "--gtest_also_run_disabled_tests"
Directory: /usr/src/projects/tests
"RequestHandlerDispatcherTest.GetHandlerCrud" start time: Jun 08 12:16 UTC
Output:
----------------------------------------------------------
Running main() from /usr/src/googletest/googletest/src/gtest_main.cc
Note: Google Test filter = RequestHandlerDispatcherTest.GetHandlerCrud
[==========] Running 1 test from 1 test suite.
[----------] Global test environment set-up.
[----------] 1 test from RequestHandlerDispatcherTest
[ RUN      ] RequestHandlerDispatcherTest.GetHandlerCrud
[2023-06-08 12:16:15.913459]:[0x00007f5ee46b0740]:[0x0000043b]:[trace]: Parsed handler EchoHandler for path: /echo
[2023-06-08 12:16:15.917429]:[0x00007f5ee46b0740]:[0x0000043b]:[trace]: Dispatched echo handler factory at location: /echo
[2023-06-08 12:16:15.918482]:[0x00007f5ee46b0740]:[0x0000043b]:[trace]: Parsed handler HealthHandler for path: /health
[2023-06-08 12:16:15.919385]:[0x00007f5ee46b0740]:[0x0000043b]:[trace]: Dispatched health handler factory at location: /health
[2023-06-08 12:16:15.920289]:[0x00007f5ee46b0740]:[0x0000043b]:[trace]: Parsed handler StaticHandler for path: /static1
[2023-06-08 12:16:15.921193]:[0x00007f5ee46b0740]:[0x0000043b]:[trace]: Dispatched static handler factory at location: /static1
[2023-06-08 12:16:15.922443]:[0x00007f5ee46b0740]:[0x0000043b]:[trace]: Parsed handler StaticHandler for path: /static2
[2023-06-08 12:16:15.923224]:[0x00007f5ee46b0740]:[0x0000043b]:[trace]: Dispatched static handler factory at location: /static2
[2023-06-08 12:16:15.924279]:[0x00007f5ee46b0740]:[0x0000043b]:[trace]: Parsed handler ErrorHandler for path: /
[2023-06-08 12:16:15.925251]:[0x00007f5ee46b0740]:[0x0000043b]:[trace]: Dispatched 404 handler factory at location: /
[2023-06-08 12:16:15.926194]:[0x00007f5ee46b0740]:[0x0000043b]:[trace]: Parsed handler SleepHandler for path: /sleep
[2023-06-08 12:16:15.927380]:[0x00007f5ee46b0740]:[0x0000043b]:[trace]: Dispatched sleep handler factory at location: /sleep
[2023-06-08 12:16:15.928396]:[0x00007f5ee46b0740]:[0x0000043b]:[trace]: Parsed handler CRUDHandler for path: /api
[2023-06-08 12:16:15.929367]:[0x00007f5ee46b0740]:[0x0000043b]:[trace]: Dispatched crud handler factory at location: /api
[2023-06-08 12:16:15.930536]:[0x00007f5ee46b0740]:[0x0000043b]:[error]: Another handler exists at path: /sleep
[       OK ] RequestHandlerDispatcherTest.GetHandlerCrud (19 ms)
[----------] 1 test from RequestHandlerDispatcherTest (19 ms total)

[----------] Global test environment tear-down
[==========] 1 test from 1 test suite ran. (19 ms total)
[  PASSED  ] 1 test.
<end of output>
Test time =   0.03 sec
----------------------------------------------------------
Test Passed.
"RequestHandlerDispatcherTest.GetHandlerCrud" end time: Jun 08 12:16 UTC
"RequestHandlerDispatcherTest.GetHandlerCrud" time elapsed: 00:00:00
----------------------------------------------------------

39/65 Testing: RequestHandlerDispatcherTest.GetHandlerStatic
39/65 Test: RequestHandlerDispatcherTest.GetHandlerStatic
Command: "/usr/src/projects/build/bin/request_handler_dispatcher_test" "--gtest_filter=RequestHandlerDispatcherTest.GetHandlerStatic" "--gtest_also_run_disabled_tests"
Directory: /usr/src/projects/tests
"RequestHandlerDispatcherTest.GetHandlerStatic" start time: Jun 08 12:16 UTC
Output:
----------------------------------------------------------
Running main() from /usr/src/googletest/googletest/src/gtest_main.cc
Note: Google Test filter = RequestHandlerDispatcherTest.GetHandlerStatic
[==========] Running 1 test from 1 test suite.
[----------] Global test environment set-up.
[----------] 1 test from RequestHandlerDispatcherTest
[ RUN      ] RequestHandlerDispatcherTest.GetHandlerStatic
[2023-06-08 12:16:15.956381]:[0x00007f27d347b740]:[0x0000043c]:[trace]: Parsed handler EchoHandler for path: /echo
[2023-06-08 12:16:15.959870]:[0x00007f27d347b740]:[0x0000043c]:[trace]: Dispatched echo handler factory at location: /echo
[2023-06-08 12:16:15.960659]:[0x00007f27d347b740]:[0x0000043c]:[trace]: Parsed handler HealthHandler for path: /health
[2023-06-08 12:16:15.961593]:[0x00007f27d347b740]:[0x0000043c]:[trace]: Dispatched health handler factory at location: /health
[2023-06-08 12:16:15.962574]:[0x00007f27d347b740]:[0x0000043c]:[trace]: Parsed handler StaticHandler for path: /static1
[2023-06-08 12:16:15.963626]:[0x00007f27d347b740]:[0x0000043c]:[trace]: Dispatched static handler factory at location: /static1
[2023-06-08 12:16:15.964548]:[0x00007f27d347b740]:[0x0000043c]:[trace]: Parsed handler StaticHandler for path: /static2
[2023-06-08 12:16:15.965680]:[0x00007f27d347b740]:[0x0000043c]:[trace]: Dispatched static handler factory at location: /static2
[2023-06-08 12:16:15.966553]:[0x00007f27d347b740]:[0x0000043c]:[trace]: Parsed handler ErrorHandler for path: /
[2023-06-08 12:16:15.967379]:[0x00007f27d347b740]:[0x0000043c]:[trace]: Dispatched 404 handler factory at location: /
[2023-06-08 12:16:15.968232]:[0x00007f27d347b740]:[0x0000043c]:[trace]: Parsed handler SleepHandler for path: /sleep
[2023-06-08 12:16:15.969093]:[0x00007f27d347b740]:[0x0000043c]:[trace]: Dispatched sleep handler factory at location: /sleep
[2023-06-08 12:16:15.970096]:[0x00007f27d347b740]:[0x0000043c]:[trace]: Parsed handler CRUDHandler for path: /api
[2023-06-08 12:16:15.970946]:[0x00007f27d347b740]:[0x0000043c]:[trace]: Dispatched crud handler factory at location: /api
[2023-06-08 12:16:15.971918]:[0x00007f27d347b740]:[0x0000043c]:[error]: Another handler exists at path: /sleep
[2023-06-08 12:16:15.973007]:[0x00007f27d347b740]:[0x0000043c]:[trace]: Parsed StaticHandler root ../public/folder1 for location /static1
[       OK ] RequestHandlerDispatcherTest.GetHandlerStatic (18 ms)
[----------] 1 test from RequestHandlerDispatcherTest (18 ms total)

[----------] Global test environment tear-down
[==========] 1 test from 1 test suite ran. (18 ms total)
[  PASSED  ] 1 test.
<end of output>
Test time =   0.02 sec
----------------------------------------------------------
Test Passed.
"RequestHandlerDispatcherTest.GetHandlerStatic" end time: Jun 08 12:16 UTC
"RequestHandlerDispatcherTest.GetHandlerStatic" time elapsed: 00:00:00
----------------------------------------------------------

40/65 Testing: RequestHandler404Test._404Request
40/65 Test: RequestHandler404Test._404Request
Command: "/usr/src/projects/build/bin/request_handler_404_test" "--gtest_filter=RequestHandler404Test._404Request" "--gtest_also_run_disabled_tests"
Directory: /usr/src/projects/tests
"RequestHandler404Test._404Request" start time: Jun 08 12:16 UTC
Output:
----------------------------------------------------------
Running main() from /usr/src/googletest/googletest/src/gtest_main.cc
Note: Google Test filter = RequestHandler404Test._404Request
[==========] Running 1 test from 1 test suite.
[----------] Global test environment set-up.
[----------] 1 test from RequestHandler404Test
[ RUN      ] RequestHandler404Test._404Request
[2023-06-08 12:16:16.005668]:[0x00007f251127a740]:[0x0000043d]:[debug]: 404 Request Handler: /echo
[2023-06-08 12:16:16.011271]:[0x00007f251127a740]:[0x0000043d]:[info]: [HandlerMetrics] 404_handler
[2023-06-08 12:16:16.013003]:[0x00007f251127a740]:[0x0000043d]:[info]: [ResponseMetrics] 404
[       OK ] RequestHandler404Test._404Request (14 ms)
[----------] 1 test from RequestHandler404Test (14 ms total)

[----------] Global test environment tear-down
[==========] 1 test from 1 test suite ran. (14 ms total)
[  PASSED  ] 1 test.
<end of output>
Test time =   0.02 sec
----------------------------------------------------------
Test Passed.
"RequestHandler404Test._404Request" end time: Jun 08 12:16 UTC
"RequestHandler404Test._404Request" time elapsed: 00:00:00
----------------------------------------------------------

41/65 Testing: RequestHandlerHealthTest.HealthRequest
41/65 Test: RequestHandlerHealthTest.HealthRequest
Command: "/usr/src/projects/build/bin/request_handler_health_test" "--gtest_filter=RequestHandlerHealthTest.HealthRequest" "--gtest_also_run_disabled_tests"
Directory: /usr/src/projects/tests
"RequestHandlerHealthTest.HealthRequest" start time: Jun 08 12:16 UTC
Output:
----------------------------------------------------------
Running main() from /usr/src/googletest/googletest/src/gtest_main.cc
Note: Google Test filter = RequestHandlerHealthTest.HealthRequest
[==========] Running 1 test from 1 test suite.
[----------] Global test environment set-up.
[----------] 1 test from RequestHandlerHealthTest
[ RUN      ] RequestHandlerHealthTest.HealthRequest
[2023-06-08 12:16:16.052661]:[0x00007fbddd4b8740]:[0x0000043e]:[debug]: Health Request Handler: /health
[2023-06-08 12:16:16.057702]:[0x00007fbddd4b8740]:[0x0000043e]:[info]: static file found
[2023-06-08 12:16:16.058764]:[0x00007fbddd4b8740]:[0x0000043e]:[info]: [HandlerMetrics] Health_handler
[2023-06-08 12:16:16.059786]:[0x00007fbddd4b8740]:[0x0000043e]:[info]: [ResponseMetrics] 200
[       OK ] RequestHandlerHealthTest.HealthRequest (13 ms)
[----------] 1 test from RequestHandlerHealthTest (13 ms total)

[----------] Global test environment tear-down
[==========] 1 test from 1 test suite ran. (13 ms total)
[  PASSED  ] 1 test.
<end of output>
Test time =   0.02 sec
----------------------------------------------------------
Test Passed.
"RequestHandlerHealthTest.HealthRequest" end time: Jun 08 12:16 UTC
"RequestHandlerHealthTest.HealthRequest" time elapsed: 00:00:00
----------------------------------------------------------

42/65 Testing: Request404HandlerFactoryTest.Request404FactoryTest
42/65 Test: Request404HandlerFactoryTest.Request404FactoryTest
Command: "/usr/src/projects/build/bin/request_404_handler_factory_test" "--gtest_filter=Request404HandlerFactoryTest.Request404FactoryTest" "--gtest_also_run_disabled_tests"
Directory: /usr/src/projects/tests
"Request404HandlerFactoryTest.Request404FactoryTest" start time: Jun 08 12:16 UTC
Output:
----------------------------------------------------------
Running main() from /usr/src/googletest/googletest/src/gtest_main.cc
Note: Google Test filter = Request404HandlerFactoryTest.Request404FactoryTest
[==========] Running 1 test from 1 test suite.
[----------] Global test environment set-up.
[----------] 1 test from Request404HandlerFactoryTest
[ RUN      ] Request404HandlerFactoryTest.Request404FactoryTest
[2023-06-08 12:16:16.092658]:[0x00007f729e93b740]:[0x0000043f]:[trace]: Parsed handler EchoHandler for path: /echo
[2023-06-08 12:16:16.096174]:[0x00007f729e93b740]:[0x0000043f]:[trace]: Dispatched echo handler factory at location: /echo
[2023-06-08 12:16:16.096941]:[0x00007f729e93b740]:[0x0000043f]:[trace]: Parsed handler HealthHandler for path: /health
[2023-06-08 12:16:16.097768]:[0x00007f729e93b740]:[0x0000043f]:[trace]: Dispatched health handler factory at location: /health
[2023-06-08 12:16:16.098860]:[0x00007f729e93b740]:[0x0000043f]:[trace]: Parsed handler StaticHandler for path: /static1
[2023-06-08 12:16:16.100031]:[0x00007f729e93b740]:[0x0000043f]:[trace]: Dispatched static handler factory at location: /static1
[2023-06-08 12:16:16.101101]:[0x00007f729e93b740]:[0x0000043f]:[trace]: Parsed handler StaticHandler for path: /static2
[2023-06-08 12:16:16.102173]:[0x00007f729e93b740]:[0x0000043f]:[trace]: Dispatched static handler factory at location: /static2
[2023-06-08 12:16:16.103063]:[0x00007f729e93b740]:[0x0000043f]:[trace]: Parsed handler ErrorHandler for path: /
[2023-06-08 12:16:16.104024]:[0x00007f729e93b740]:[0x0000043f]:[trace]: Dispatched 404 handler factory at location: /
[2023-06-08 12:16:16.104989]:[0x00007f729e93b740]:[0x0000043f]:[trace]: Parsed handler SleepHandler for path: /sleep
[2023-06-08 12:16:16.105977]:[0x00007f729e93b740]:[0x0000043f]:[trace]: Dispatched sleep handler factory at location: /sleep
[2023-06-08 12:16:16.106750]:[0x00007f729e93b740]:[0x0000043f]:[trace]: Parsed handler CRUDHandler for path: /api
[2023-06-08 12:16:16.107879]:[0x00007f729e93b740]:[0x0000043f]:[trace]: Dispatched crud handler factory at location: /api
[2023-06-08 12:16:16.109013]:[0x00007f729e93b740]:[0x0000043f]:[error]: Another handler exists at path: /sleep
[2023-06-08 12:16:16.110658]:[0x00007f729e93b740]:[0x0000043f]:[debug]: 404 Request Handler: /
[2023-06-08 12:16:16.111843]:[0x00007f729e93b740]:[0x0000043f]:[info]: [HandlerMetrics] 404_handler
[2023-06-08 12:16:16.113179]:[0x00007f729e93b740]:[0x0000043f]:[info]: [ResponseMetrics] 404
[       OK ] Request404HandlerFactoryTest.Request404FactoryTest (26 ms)
[----------] 1 test from Request404HandlerFactoryTest (26 ms total)

[----------] Global test environment tear-down
[==========] 1 test from 1 test suite ran. (26 ms total)
[  PASSED  ] 1 test.
<end of output>
Test time =   0.03 sec
----------------------------------------------------------
Test Passed.
"Request404HandlerFactoryTest.Request404FactoryTest" end time: Jun 08 12:16 UTC
"Request404HandlerFactoryTest.Request404FactoryTest" time elapsed: 00:00:00
----------------------------------------------------------

43/65 Testing: SleepHandlerFactoryTest.SleepFactoryTest
43/65 Test: SleepHandlerFactoryTest.SleepFactoryTest
Command: "/usr/src/projects/build/bin/sleep_handler_factory_test" "--gtest_filter=SleepHandlerFactoryTest.SleepFactoryTest" "--gtest_also_run_disabled_tests"
Directory: /usr/src/projects/tests
"SleepHandlerFactoryTest.SleepFactoryTest" start time: Jun 08 12:16 UTC
Output:
----------------------------------------------------------
Running main() from /usr/src/googletest/googletest/src/gtest_main.cc
Note: Google Test filter = SleepHandlerFactoryTest.SleepFactoryTest
[==========] Running 1 test from 1 test suite.
[----------] Global test environment set-up.
[----------] 1 test from SleepHandlerFactoryTest
[ RUN      ] SleepHandlerFactoryTest.SleepFactoryTest
[2023-06-08 12:16:16.143837]:[0x00007f7d0d65f740]:[0x00000440]:[trace]: Parsed handler EchoHandler for path: /echo
[2023-06-08 12:16:16.148027]:[0x00007f7d0d65f740]:[0x00000440]:[trace]: Dispatched echo handler factory at location: /echo
[2023-06-08 12:16:16.149050]:[0x00007f7d0d65f740]:[0x00000440]:[trace]: Parsed handler HealthHandler for path: /health
[2023-06-08 12:16:16.150240]:[0x00007f7d0d65f740]:[0x00000440]:[trace]: Dispatched health handler factory at location: /health
[2023-06-08 12:16:16.151109]:[0x00007f7d0d65f740]:[0x00000440]:[trace]: Parsed handler StaticHandler for path: /static1
[2023-06-08 12:16:16.151889]:[0x00007f7d0d65f740]:[0x00000440]:[trace]: Dispatched static handler factory at location: /static1
[2023-06-08 12:16:16.152651]:[0x00007f7d0d65f740]:[0x00000440]:[trace]: Parsed handler StaticHandler for path: /static2
[2023-06-08 12:16:16.153656]:[0x00007f7d0d65f740]:[0x00000440]:[trace]: Dispatched static handler factory at location: /static2
[2023-06-08 12:16:16.154628]:[0x00007f7d0d65f740]:[0x00000440]:[trace]: Parsed handler ErrorHandler for path: /
[2023-06-08 12:16:16.155485]:[0x00007f7d0d65f740]:[0x00000440]:[trace]: Dispatched 404 handler factory at location: /
[2023-06-08 12:16:16.156287]:[0x00007f7d0d65f740]:[0x00000440]:[trace]: Parsed handler SleepHandler for path: /sleep
[2023-06-08 12:16:16.157369]:[0x00007f7d0d65f740]:[0x00000440]:[trace]: Dispatched sleep handler factory at location: /sleep
[2023-06-08 12:16:16.158218]:[0x00007f7d0d65f740]:[0x00000440]:[trace]: Parsed handler CRUDHandler for path: /api
[2023-06-08 12:16:16.159115]:[0x00007f7d0d65f740]:[0x00000440]:[trace]: Dispatched crud handler factory at location: /api
[2023-06-08 12:16:16.160294]:[0x00007f7d0d65f740]:[0x00000440]:[error]: Another handler exists at path: /sleep
[2023-06-08 12:16:23.162587]:[0x00007f7d0d65f740]:[0x00000440]:[trace]: Sleep Request Handler: /sleep
[       OK ] SleepHandlerFactoryTest.SleepFactoryTest (7030 ms)
[----------] 1 test from SleepHandlerFactoryTest (7030 ms total)

[----------] Global test environment tear-down
[==========] 1 test from 1 test suite ran. (7030 ms total)
[  PASSED  ] 1 test.
<end of output>
Test time =   7.04 sec
----------------------------------------------------------
Test Passed.
"SleepHandlerFactoryTest.SleepFactoryTest" end time: Jun 08 12:16 UTC
"SleepHandlerFactoryTest.SleepFactoryTest" time elapsed: 00:00:07
----------------------------------------------------------

44/65 Testing: StaticHandlerFactoryTest.IncorrectURLStaticFactoryTest
44/65 Test: StaticHandlerFactoryTest.IncorrectURLStaticFactoryTest
Command: "/usr/src/projects/build/bin/static_handler_factory_test" "--gtest_filter=StaticHandlerFactoryTest.IncorrectURLStaticFactoryTest" "--gtest_also_run_disabled_tests"
Directory: /usr/src/projects/tests
"StaticHandlerFactoryTest.IncorrectURLStaticFactoryTest" start time: Jun 08 12:16 UTC
Output:
----------------------------------------------------------
Running main() from /usr/src/googletest/googletest/src/gtest_main.cc
Note: Google Test filter = StaticHandlerFactoryTest.IncorrectURLStaticFactoryTest
[==========] Running 1 test from 1 test suite.
[----------] Global test environment set-up.
[----------] 1 test from StaticHandlerFactoryTest
[ RUN      ] StaticHandlerFactoryTest.IncorrectURLStaticFactoryTest
[2023-06-08 12:16:23.211415]:[0x00007f5b35af8740]:[0x00000441]:[trace]: Parsed handler EchoHandler for path: /echo
[2023-06-08 12:16:23.215550]:[0x00007f5b35af8740]:[0x00000441]:[trace]: Dispatched echo handler factory at location: /echo
[2023-06-08 12:16:23.216488]:[0x00007f5b35af8740]:[0x00000441]:[trace]: Parsed handler HealthHandler for path: /health
[2023-06-08 12:16:23.217283]:[0x00007f5b35af8740]:[0x00000441]:[trace]: Dispatched health handler factory at location: /health
[2023-06-08 12:16:23.218228]:[0x00007f5b35af8740]:[0x00000441]:[trace]: Parsed handler StaticHandler for path: /static1
[2023-06-08 12:16:23.219252]:[0x00007f5b35af8740]:[0x00000441]:[trace]: Dispatched static handler factory at location: /static1
[2023-06-08 12:16:23.220242]:[0x00007f5b35af8740]:[0x00000441]:[trace]: Parsed handler StaticHandler for path: /static2
[2023-06-08 12:16:23.221162]:[0x00007f5b35af8740]:[0x00000441]:[trace]: Dispatched static handler factory at location: /static2
[2023-06-08 12:16:23.222145]:[0x00007f5b35af8740]:[0x00000441]:[trace]: Parsed handler ErrorHandler for path: /
[2023-06-08 12:16:23.223937]:[0x00007f5b35af8740]:[0x00000441]:[trace]: Dispatched 404 handler factory at location: /
[2023-06-08 12:16:23.225240]:[0x00007f5b35af8740]:[0x00000441]:[trace]: Parsed handler SleepHandler for path: /sleep
[2023-06-08 12:16:23.226433]:[0x00007f5b35af8740]:[0x00000441]:[trace]: Dispatched sleep handler factory at location: /sleep
[2023-06-08 12:16:23.227884]:[0x00007f5b35af8740]:[0x00000441]:[trace]: Parsed handler CRUDHandler for path: /api
[2023-06-08 12:16:23.228981]:[0x00007f5b35af8740]:[0x00000441]:[trace]: Dispatched crud handler factory at location: /api
[2023-06-08 12:16:23.230114]:[0x00007f5b35af8740]:[0x00000441]:[error]: Another handler exists at path: /sleep
[2023-06-08 12:16:23.231536]:[0x00007f5b35af8740]:[0x00000441]:[trace]: Parsed StaticHandler root ../public/folder1 for location /static1
[2023-06-08 12:16:23.232631]:[0x00007f5b35af8740]:[0x00000441]:[trace]: -- static file location not found
[2023-06-08 12:16:23.233638]:[0x00007f5b35af8740]:[0x00000441]:[info]: [HandlerMetrics] Static_handler
[2023-06-08 12:16:23.234556]:[0x00007f5b35af8740]:[0x00000441]:[info]: [ResponseMetrics] 404
[       OK ] StaticHandlerFactoryTest.IncorrectURLStaticFactoryTest (27 ms)
[----------] 1 test from StaticHandlerFactoryTest (27 ms total)

[----------] Global test environment tear-down
[==========] 1 test from 1 test suite ran. (27 ms total)
[  PASSED  ] 1 test.
<end of output>
Test time =   0.03 sec
----------------------------------------------------------
Test Passed.
"StaticHandlerFactoryTest.IncorrectURLStaticFactoryTest" end time: Jun 08 12:16 UTC
"StaticHandlerFactoryTest.IncorrectURLStaticFactoryTest" time elapsed: 00:00:00
----------------------------------------------------------

45/65 Testing: EchoHandlerFactoryTest.EchoFactoryTest
45/65 Test: EchoHandlerFactoryTest.EchoFactoryTest
Command: "/usr/src/projects/build/bin/echo_handler_factory_test" "--gtest_filter=EchoHandlerFactoryTest.EchoFactoryTest" "--gtest_also_run_disabled_tests"
Directory: /usr/src/projects/tests
"EchoHandlerFactoryTest.EchoFactoryTest" start time: Jun 08 12:16 UTC
Output:
----------------------------------------------------------
Running main() from /usr/src/googletest/googletest/src/gtest_main.cc
Note: Google Test filter = EchoHandlerFactoryTest.EchoFactoryTest
[==========] Running 1 test from 1 test suite.
[----------] Global test environment set-up.
[----------] 1 test from EchoHandlerFactoryTest
[ RUN      ] EchoHandlerFactoryTest.EchoFactoryTest
[2023-06-08 12:16:23.263112]:[0x00007f7fef253740]:[0x00000442]:[trace]: Parsed handler EchoHandler for path: /echo
[2023-06-08 12:16:23.266593]:[0x00007f7fef253740]:[0x00000442]:[trace]: Dispatched echo handler factory at location: /echo
[2023-06-08 12:16:23.267626]:[0x00007f7fef253740]:[0x00000442]:[trace]: Parsed handler HealthHandler for path: /health
[2023-06-08 12:16:23.268547]:[0x00007f7fef253740]:[0x00000442]:[trace]: Dispatched health handler factory at location: /health
[2023-06-08 12:16:23.269288]:[0x00007f7fef253740]:[0x00000442]:[trace]: Parsed handler StaticHandler for path: /static1
[2023-06-08 12:16:23.270185]:[0x00007f7fef253740]:[0x00000442]:[trace]: Dispatched static handler factory at location: /static1
[2023-06-08 12:16:23.271163]:[0x00007f7fef253740]:[0x00000442]:[trace]: Parsed handler StaticHandler for path: /static2
[2023-06-08 12:16:23.272096]:[0x00007f7fef253740]:[0x00000442]:[trace]: Dispatched static handler factory at location: /static2
[2023-06-08 12:16:23.273302]:[0x00007f7fef253740]:[0x00000442]:[trace]: Parsed handler ErrorHandler for path: /
[2023-06-08 12:16:23.274262]:[0x00007f7fef253740]:[0x00000442]:[trace]: Dispatched 404 handler factory at location: /
[2023-06-08 12:16:23.275100]:[0x00007f7fef253740]:[0x00000442]:[trace]: Parsed handler SleepHandler for path: /sleep
[2023-06-08 12:16:23.276011]:[0x00007f7fef253740]:[0x00000442]:[trace]: Dispatched sleep handler factory at location: /sleep
[2023-06-08 12:16:23.276952]:[0x00007f7fef253740]:[0x00000442]:[trace]: Parsed handler CRUDHandler for path: /api
[2023-06-08 12:16:23.277876]:[0x00007f7fef253740]:[0x00000442]:[trace]: Dispatched crud handler factory at location: /api
[2023-06-08 12:16:23.278949]:[0x00007f7fef253740]:[0x00000442]:[error]: Another handler exists at path: /sleep
[2023-06-08 12:16:23.280109]:[0x00007f7fef253740]:[0x00000442]:[trace]: Echo Request Handler: /echo
[2023-06-08 12:16:23.281384]:[0x00007f7fef253740]:[0x00000442]:[info]: [HandlerMetrics] Echo_handler
[2023-06-08 12:16:23.282892]:[0x00007f7fef253740]:[0x00000442]:[info]: [ResponseMetrics] 200
[       OK ] EchoHandlerFactoryTest.EchoFactoryTest (25 ms)
[----------] 1 test from EchoHandlerFactoryTest (25 ms total)

[----------] Global test environment tear-down
[==========] 1 test from 1 test suite ran. (25 ms total)
[  PASSED  ] 1 test.
<end of output>
Test time =   0.03 sec
----------------------------------------------------------
Test Passed.
"EchoHandlerFactoryTest.EchoFactoryTest" end time: Jun 08 12:16 UTC
"EchoHandlerFactoryTest.EchoFactoryTest" time elapsed: 00:00:00
----------------------------------------------------------

46/65 Testing: HealthHandlerFactoryTest.HealthFactoryTest
46/65 Test: HealthHandlerFactoryTest.HealthFactoryTest
Command: "/usr/src/projects/build/bin/health_handler_factory_test" "--gtest_filter=HealthHandlerFactoryTest.HealthFactoryTest" "--gtest_also_run_disabled_tests"
Directory: /usr/src/projects/tests
"HealthHandlerFactoryTest.HealthFactoryTest" start time: Jun 08 12:16 UTC
Output:
----------------------------------------------------------
Running main() from /usr/src/googletest/googletest/src/gtest_main.cc
Note: Google Test filter = HealthHandlerFactoryTest.HealthFactoryTest
[==========] Running 1 test from 1 test suite.
[----------] Global test environment set-up.
[----------] 1 test from HealthHandlerFactoryTest
[ RUN      ] HealthHandlerFactoryTest.HealthFactoryTest
[2023-06-08 12:16:23.312699]:[0x00007fb50d8ac740]:[0x00000443]:[trace]: Parsed handler EchoHandler for path: /echo
[2023-06-08 12:16:23.316362]:[0x00007fb50d8ac740]:[0x00000443]:[trace]: Dispatched echo handler factory at location: /echo
[2023-06-08 12:16:23.317183]:[0x00007fb50d8ac740]:[0x00000443]:[trace]: Parsed handler HealthHandler for path: /health
[2023-06-08 12:16:23.318048]:[0x00007fb50d8ac740]:[0x00000443]:[trace]: Dispatched health handler factory at location: /health
[2023-06-08 12:16:23.318926]:[0x00007fb50d8ac740]:[0x00000443]:[trace]: Parsed handler StaticHandler for path: /static1
[2023-06-08 12:16:23.319825]:[0x00007fb50d8ac740]:[0x00000443]:[trace]: Dispatched static handler factory at location: /static1
[2023-06-08 12:16:23.320705]:[0x00007fb50d8ac740]:[0x00000443]:[trace]: Parsed handler StaticHandler for path: /static2
[2023-06-08 12:16:23.321483]:[0x00007fb50d8ac740]:[0x00000443]:[trace]: Dispatched static handler factory at location: /static2
[2023-06-08 12:16:23.322335]:[0x00007fb50d8ac740]:[0x00000443]:[trace]: Parsed handler ErrorHandler for path: /
[2023-06-08 12:16:23.323133]:[0x00007fb50d8ac740]:[0x00000443]:[trace]: Dispatched 404 handler factory at location: /
[2023-06-08 12:16:23.324031]:[0x00007fb50d8ac740]:[0x00000443]:[trace]: Parsed handler SleepHandler for path: /sleep
[2023-06-08 12:16:23.324967]:[0x00007fb50d8ac740]:[0x00000443]:[trace]: Dispatched sleep handler factory at location: /sleep
[2023-06-08 12:16:23.325777]:[0x00007fb50d8ac740]:[0x00000443]:[trace]: Parsed handler CRUDHandler for path: /api
[2023-06-08 12:16:23.326651]:[0x00007fb50d8ac740]:[0x00000443]:[trace]: Dispatched crud handler factory at location: /api
[2023-06-08 12:16:23.327470]:[0x00007fb50d8ac740]:[0x00000443]:[error]: Another handler exists at path: /sleep
[2023-06-08 12:16:23.330564]:[0x00007fb50d8ac740]:[0x00000443]:[debug]: Health Request Handler: /health
[2023-06-08 12:16:23.331751]:[0x00007fb50d8ac740]:[0x00000443]:[info]: static file found
[2023-06-08 12:16:23.332809]:[0x00007fb50d8ac740]:[0x00000443]:[info]: [HandlerMetrics] Health_handler
[2023-06-08 12:16:23.333784]:[0x00007fb50d8ac740]:[0x00000443]:[info]: [ResponseMetrics] 200
[       OK ] HealthHandlerFactoryTest.HealthFactoryTest (27 ms)
[...]
[2023-06-08 12:16:24.240593]:[0x00007f41c6896740]:[0x00000452]:[trace]: -- crud create valid 
[2023-06-08 12:16:24.244145]:[0x00007f41c6896740]:[0x00000452]:[info]: [HandlerMetrics] Crud_handler
[2023-06-08 12:16:24.245270]:[0x00007f41c6896740]:[0x00000452]:[info]: [ResponseMetrics] 200
Filename path../Testing/crud/notexists
[2023-06-08 12:16:24.247391]:[0x00007f41c6896740]:[0x00000452]:[trace]: -- crud list file not found
[2023-06-08 12:16:24.248797]:[0x00007f41c6896740]:[0x00000452]:[info]: [HandlerMetrics] Crud_handler
[2023-06-08 12:16:24.250151]:[0x00007f41c6896740]:[0x00000452]:[info]: [ResponseMetrics] 404
[       OK ] RequestHandlerCrudTest.RunHandleGetListNotExists (34 ms)
[----------] 1 test from RequestHandlerCrudTest (34 ms total)

[----------] Global test environment tear-down
[==========] 1 test from 1 test suite ran. (34 ms total)
[  PASSED  ] 1 test.
<end of output>
Test time =   0.04 sec
----------------------------------------------------------
Test Passed.
"RequestHandlerCrudTest.RunHandleGetListNotExists" end time: Jun 08 12:16 UTC
"RequestHandlerCrudTest.RunHandleGetListNotExists" time elapsed: 00:00:00
----------------------------------------------------------

62/65 Testing: RequestHandlerSleepTest.SleepRequest
62/65 Test: RequestHandlerSleepTest.SleepRequest
Command: "/usr/src/projects/build/bin/request_handler_sleep_test" "--gtest_filter=RequestHandlerSleepTest.SleepRequest" "--gtest_also_run_disabled_tests"
Directory: /usr/src/projects/tests
"RequestHandlerSleepTest.SleepRequest" start time: Jun 08 12:16 UTC
Output:
----------------------------------------------------------
Running main() from /usr/src/googletest/googletest/src/gtest_main.cc
Note: Google Test filter = RequestHandlerSleepTest.SleepRequest
[==========] Running 1 test from 1 test suite.
[----------] Global test environment set-up.
[----------] 1 test from RequestHandlerSleepTest
[ RUN      ] RequestHandlerSleepTest.SleepRequest
[2023-06-08 12:16:31.296112]:[0x00007f99dd843740]:[0x00000453]:[trace]: Sleep Request Handler: /sleep
[       OK ] RequestHandlerSleepTest.SleepRequest (7023 ms)
[----------] 1 test from RequestHandlerSleepTest (7023 ms total)

[----------] Global test environment tear-down
[==========] 1 test from 1 test suite ran. (7023 ms total)
[  PASSED  ] 1 test.
<end of output>
Test time =   7.03 sec
----------------------------------------------------------
Test Passed.
"RequestHandlerSleepTest.SleepRequest" end time: Jun 08 12:16 UTC
"RequestHandlerSleepTest.SleepRequest" time elapsed: 00:00:07
----------------------------------------------------------

63/65 Testing: RequestCrudHandlerFactoryTest.RequestCrudFactoryTest
63/65 Test: RequestCrudHandlerFactoryTest.RequestCrudFactoryTest
Command: "/usr/src/projects/build/bin/crud_handler_factory_test" "--gtest_filter=RequestCrudHandlerFactoryTest.RequestCrudFactoryTest" "--gtest_also_run_disabled_tests"
Directory: /usr/src/projects/tests
"RequestCrudHandlerFactoryTest.RequestCrudFactoryTest" start time: Jun 08 12:16 UTC
Output:
----------------------------------------------------------
Running main() from /usr/src/googletest/googletest/src/gtest_main.cc
Note: Google Test filter = RequestCrudHandlerFactoryTest.RequestCrudFactoryTest
[==========] Running 1 test from 1 test suite.
[----------] Global test environment set-up.
[----------] 1 test from RequestCrudHandlerFactoryTest
[ RUN      ] RequestCrudHandlerFactoryTest.RequestCrudFactoryTest
[2023-06-08 12:16:31.342339]:[0x00007f19ef209740]:[0x00000454]:[trace]: Parsed handler EchoHandler for path: /echo
[2023-06-08 12:16:31.345895]:[0x00007f19ef209740]:[0x00000454]:[trace]: Dispatched echo handler factory at location: /echo
[2023-06-08 12:16:31.346783]:[0x00007f19ef209740]:[0x00000454]:[trace]: Parsed handler HealthHandler for path: /health
[2023-06-08 12:16:31.347741]:[0x00007f19ef209740]:[0x00000454]:[trace]: Dispatched health handler factory at location: /health
[2023-06-08 12:16:31.348857]:[0x00007f19ef209740]:[0x00000454]:[trace]: Parsed handler StaticHandler for path: /static1
[2023-06-08 12:16:31.349735]:[0x00007f19ef209740]:[0x00000454]:[trace]: Dispatched static handler factory at location: /static1
[2023-06-08 12:16:31.350794]:[0x00007f19ef209740]:[0x00000454]:[trace]: Parsed handler StaticHandler for path: /static2
[2023-06-08 12:16:31.351795]:[0x00007f19ef209740]:[0x00000454]:[trace]: Dispatched static handler factory at location: /static2
[2023-06-08 12:16:31.352799]:[0x00007f19ef209740]:[0x00000454]:[trace]: Parsed handler ErrorHandler for path: /
[2023-06-08 12:16:31.353623]:[0x00007f19ef209740]:[0x00000454]:[trace]: Dispatched 404 handler factory at location: /
[2023-06-08 12:16:31.354646]:[0x00007f19ef209740]:[0x00000454]:[trace]: Parsed handler SleepHandler for path: /sleep
[2023-06-08 12:16:31.355795]:[0x00007f19ef209740]:[0x00000454]:[trace]: Dispatched sleep handler factory at location: /sleep
[2023-06-08 12:16:31.356913]:[0x00007f19ef209740]:[0x00000454]:[trace]: Parsed handler CRUDHandler for path: /api
[2023-06-08 12:16:31.358703]:[0x00007f19ef209740]:[0x00000454]:[trace]: Dispatched crud handler factory at location: /api
[2023-06-08 12:16:31.359936]:[0x00007f19ef209740]:[0x00000454]:[error]: Another handler exists at path: /sleep
[2023-06-08 12:16:31.361155]:[0x00007f19ef209740]:[0x00000454]:[trace]: Parsed CrudHandler data_path ../public/crud for location /api
Filename path../public/crud/test/1
[2023-06-08 12:16:31.387808]:[0x00007f19ef209740]:[0x00000454]:[trace]: -- crud create valid 
[2023-06-08 12:16:31.388768]:[0x00007f19ef209740]:[0x00000454]:[info]: [HandlerMetrics] Crud_handler
[2023-06-08 12:16:31.389800]:[0x00007f19ef209740]:[0x00000454]:[info]: [ResponseMetrics] 200
[       OK ] RequestCrudHandlerFactoryTest.RequestCrudFactoryTest (59 ms)
[----------] 1 test from RequestCrudHandlerFactoryTest (59 ms total)

[----------] Global test environment tear-down
[==========] 1 test from 1 test suite ran. (59 ms total)
[  PASSED  ] 1 test.
<end of output>
Test time =   0.06 sec
----------------------------------------------------------
Test Passed.
"RequestCrudHandlerFactoryTest.RequestCrudFactoryTest" end time: Jun 08 12:16 UTC
"RequestCrudHandlerFactoryTest.RequestCrudFactoryTest" time elapsed: 00:00:00
----------------------------------------------------------

64/65 Testing: RequestHandlerSleepTest.SleepRequest
64/65 Test: RequestHandlerSleepTest.SleepRequest
Command: "/usr/src/projects/build/bin/request_handler_sleep_test" "--gtest_filter=RequestHandlerSleepTest.SleepRequest" "--gtest_also_run_disabled_tests"
Directory: /usr/src/projects/tests
"RequestHandlerSleepTest.SleepRequest" start time: Jun 08 12:16 UTC
Output:
----------------------------------------------------------
Running main() from /usr/src/googletest/googletest/src/gtest_main.cc
Note: Google Test filter = RequestHandlerSleepTest.SleepRequest
[==========] Running 1 test from 1 test suite.
[----------] Global test environment set-up.
[----------] 1 test from RequestHandlerSleepTest
[ RUN      ] RequestHandlerSleepTest.SleepRequest
[2023-06-08 12:16:38.420871]:[0x00007ffaee4e2740]:[0x00000455]:[trace]: Sleep Request Handler: /sleep
[       OK ] RequestHandlerSleepTest.SleepRequest (7014 ms)
[----------] 1 test from RequestHandlerSleepTest (7014 ms total)

[----------] Global test environment tear-down
[==========] 1 test from 1 test suite ran. (7014 ms total)
[  PASSED  ] 1 test.
<end of output>
Test time =   7.02 sec
----------------------------------------------------------
Test Passed.
"RequestHandlerSleepTest.SleepRequest" end time: Jun 08 12:16 UTC
"RequestHandlerSleepTest.SleepRequest" time elapsed: 00:00:07
----------------------------------------------------------

65/65 Testing: integration_tests
65/65 Test: integration_tests
Command: "/usr/bin/bash" "/usr/src/projects/tests/integration_tests/integration_tests.sh"
Directory: /usr/src/projects/tests/integration_tests
"integration_tests" start time: Jun 08 12:16 UTC
Output:
----------------------------------------------------------
/usr/src/projects/tests/integration_tests/integration_tests.sh: line 6: killall: command not found
Server process ID: 1112
[2023-06-08 12:16:38.590701]:[0x00007f62ce719740]:[0x00000458]:[trace]: Parsing config file
[2023-06-08 12:16:38.599023]:[0x00007f62ce719740]:[0x00000458]:[trace]: Config file parsed
[2023-06-08 12:16:38.599978]:[0x00007f62ce719740]:[0x00000458]:[trace]: Parsed handler EchoHandler for path: /echo
[2023-06-08 12:16:38.600950]:[0x00007f62ce719740]:[0x00000458]:[trace]: Dispatched echo handler factory at location: /echo
[2023-06-08 12:16:38.602010]:[0x00007f62ce719740]:[0x00000458]:[trace]: Parsed handler StaticHandler for path: /static1
[2023-06-08 12:16:38.603069]:[0x00007f62ce719740]:[0x00000458]:[trace]: Dispatched static handler factory at location: /static1
[2023-06-08 12:16:38.603838]:[0x00007f62ce719740]:[0x00000458]:[trace]: Parsed handler StaticHandler for path: /static2
[2023-06-08 12:16:38.604881]:[0x00007f62ce719740]:[0x00000458]:[trace]: Dispatched static handler factory at location: /static2
[2023-06-08 12:16:38.605918]:[0x00007f62ce719740]:[0x00000458]:[trace]: Parsed handler CRUDHandler for path: /api
[2023-06-08 12:16:38.606999]:[0x00007f62ce719740]:[0x00000458]:[trace]: Dispatched crud handler factory at location: /api
[2023-06-08 12:16:38.608081]:[0x00007f62ce719740]:[0x00000458]:[trace]: Parsed handler ErrorHandler for path: /
[2023-06-08 12:16:38.608990]:[0x00007f62ce719740]:[0x00000458]:[trace]: Dispatched 404 handler factory at location: /
[2023-06-08 12:16:38.609874]:[0x00007f62ce719740]:[0x00000458]:[trace]: Parsed handler HealthHandler for path: /health
[2023-06-08 12:16:38.610747]:[0x00007f62ce719740]:[0x00000458]:[trace]: Dispatched health handler factory at location: /health
[2023-06-08 12:16:38.611742]:[0x00007f62ce719740]:[0x00000458]:[trace]: Parsed handler SleepHandler for path: /sleep
[2023-06-08 12:16:38.612648]:[0x00007f62ce719740]:[0x00000458]:[trace]: Dispatched sleep handler factory at location: /sleep
[2023-06-08 12:16:38.613592]:[0x00007f62ce719740]:[0x00000458]:[debug]: Server started at port 8080
Test 1:should succeed 
 [2023-06-08 12:16:39.591157]:[0x00007f62ccf15640]:[0x00000458]:[trace]: -Base:
GET /echo HTTP/1.1
Host: www.integration_test.com
Accept: */*

- IP Address: 127.0.0.1
[2023-06-08 12:16:39.592833]:[0x00007f62ccf15640]:[0x00000458]:[info]: [IPMetrics] 127.0.0.1
[2023-06-08 12:16:39.594182]:[0x00007f62ccf15640]:[0x00000458]:[info]: [RequestPathMetrics] /echo
[2023-06-08 12:16:39.595714]:[0x00007f62ccf15640]:[0x00000458]:[trace]: Echo Request Handler: /echo
[2023-06-08 12:16:39.597674]:[0x00007f62ccf15640]:[0x00000458]:[info]: [HandlerMetrics] Echo_handler
[2023-06-08 12:16:39.599557]:[0x00007f62ccf15640]:[0x00000458]:[info]: [ResponseMetrics] 200
[2023-06-08 12:16:39.600845]:[0x00007f62ccf15640]:[0x00000458]:[trace]: Valid request
[2023-06-08 12:16:39.602111]:[0x00007f62ccf15640]:[0x00000458]:[trace]: session::handle_read: async_write
Success! Expected Response = Test Response
Test 2:should return bad request
[2023-06-08 12:16:39.634442]:[0x00007f62cdf17640]:[0x00000458]:[error]: Error reading from socket: bad version
[2023-06-08 12:16:39.635717]:[0x00007f62cdf17640]:[0x00000458]:[info]: [ResponseMetrics] 400
Success! Expected Response = Test Response
Test 3: should return response containing contents of static file[2023-06-08 12:16:39.659494]:[0x00007f62cd716640]:[0x00000458]:[trace]: -Base:
GET /static1/random.txt HTTP/1.1

- IP Address: 127.0.0.1
[2023-06-08 12:16:39.660632]:[0x00007f62cd716640]:[0x00000458]:[info]: [IPMetrics] 127.0.0.1
[2023-06-08 12:16:39.661679]:[0x00007f62cd716640]:[0x00000458]:[info]: [RequestPathMetrics] /static1/random.txt
[2023-06-08 12:16:39.662730]:[0x00007f62cd716640]:[0x00000458]:[trace]: Parsed StaticHandler root ./public/folder1 for location /static1
[2023-06-08 12:16:39.665480]:[0x00007f62cd716640]:[0x00000458]:[trace]: Static Request Handler Serving file: ./public/folder1/random.txt
[2023-06-08 12:16:39.671270]:[0x00007f62cd716640]:[0x00000458]:[trace]: -- static file found
[2023-06-08 12:16:39.672154]:[0x00007f62cd716640]:[0x00000458]:[info]: [HandlerMetrics] Static_handler
[2023-06-08 12:16:39.672959]:[0x00007f62cd716640]:[0x00000458]:[info]: [ResponseMetrics] 200
[2023-06-08 12:16:39.673997]:[0x00007f62cd716640]:[0x00000458]:[trace]: Valid request
[2023-06-08 12:16:39.675563]:[0x00007f62cd716640]:[0x00000458]:[trace]: session::handle_read: async_write
Success! Expected Response = Test Response
Test 4: should return 2 responses. First should be a correct retrieved entity. Second should be a 404 error[2023-06-08 12:16:39.698156]:[0x00007f62ccf15640]:[0x00000458]:[trace]: -Base:
POST /api/Shoes HTTP/1.1
Content-Type: application/json
Content-Length: 17

- IP Address: 127.0.0.1
[2023-06-08 12:16:39.699921]:[0x00007f62ccf15640]:[0x00000458]:[info]: [IPMetrics] 127.0.0.1
[2023-06-08 12:16:39.701715]:[0x00007f62ccf15640]:[0x00000458]:[info]: [RequestPathMetrics] /api/Shoes
[2023-06-08 12:16:39.703314]:[0x00007f62ccf15640]:[0x00000458]:[trace]: Parsed CrudHandler data_path ./public/crud for location /api
Filename path./public/crud/Shoes
[2023-06-08 12:16:39.725684]:[0x00007f62ccf15640]:[0x00000458]:[trace]: -- crud create valid 
[2023-06-08 12:16:39.727242]:[0x00007f62ccf15640]:[0x00000458]:[info]: [HandlerMetrics] Crud_handler
[2023-06-08 12:16:39.728403]:[0x00007f62ccf15640]:[0x00000458]:[info]: [ResponseMetrics] 200
[2023-06-08 12:16:39.729415]:[0x00007f62ccf15640]:[0x00000458]:[trace]: Valid request
HTTP/1.1 200 OK
Connection: close
Server: Beast
Content-Type: text/plain
Content-Disposition: inline
Content-Length: 8

{id: 1}
[2023-06-08 12:16:39.730606]:[0x00007f62ccf15640]:[0x00000458]:[trace]: session::handle_read: async_write
[2023-06-08 12:16:39.737949]:[0x00007f62cd716640]:[0x00000458]:[trace]: -Base:
GET /api/Shoes/1 HTTP/1.1

- IP Address: 127.0.0.1
[2023-06-08 12:16:39.740014]:[0x00007f62cd716640]:[0x00000458]:[info]: [IPMetrics] 127.0.0.1
[2023-06-08 12:16:39.741691]:[0x00007f62cd716640]:[0x00000458]:[info]: [RequestPathMetrics] /api/Shoes/1
[2023-06-08 12:16:39.743251]:[0x00007f62cd716640]:[0x00000458]:[trace]: Parsed CrudHandler data_path ./public/crud for location /api
Filename path./public/crud/Shoes/1
[2023-06-08 12:16:39.753886]:[0x00007f62cd716640]:[0x00000458]:[trace]: -- crud retrieve valid
[2023-06-08 12:16:39.755895]:[0x00007f62cd716640]:[0x00000458]:[info]: [HandlerMetrics] Crud_handler
[2023-06-08 12:16:39.757667]:[0x00007f62cd716640]:[0x00000458]:[info]: [ResponseMetrics] 200
[2023-06-08 12:16:39.758960]:[0x00007f62cd716640]:[0x00000458]:[trace]: Valid request
[2023-06-08 12:16:39.760446]:[0x00007f62cd716640]:[0x00000458]:[trace]: session::handle_read: async_write
Success! Expected Response = Test Response
[2023-06-08 12:16:39.775885]:[0x00007f62cd716640]:[0x00000458]:[trace]: -Base:
DELETE /api/Shoes/1 HTTP/1.1

- IP Address: 127.0.0.1
[2023-06-08 12:16:39.776781]:[0x00007f62cd716640]:[0x00000458]:[info]: [IPMetrics] 127.0.0.1
[2023-06-08 12:16:39.777752]:[0x00007f62cd716640]:[0x00000458]:[info]: [RequestPathMetrics] /api/Shoes/1
[2023-06-08 12:16:39.778965]:[0x00007f62cd716640]:[0x00000458]:[trace]: Parsed CrudHandler data_path ./public/crud for location /api
Filename path./public/crud/Shoes/1
./public/crud/Shoes/1.json
[2023-06-08 12:16:39.781780]:[0x00007f62cd716640]:[0x00000458]:[trace]: -- crud delete id valid
[2023-06-08 12:16:39.782760]:[0x00007f62cd716640]:[0x00000458]:[info]: [HandlerMetrics] Crud_handler
[2023-06-08 12:16:39.784115]:[0x00007f62cd716640]:[0x00000458]:[info]: [ResponseMetrics] 200
[2023-06-08 12:16:39.785650]:[0x00007f62cd716640]:[0x00000458]:[trace]: Valid request
HTTP/1.1 200 OK
Connection: close
Server: Beast
Content-Type: text/plain
Content-Disposition: inline
Content-Length: 37

Delete successful to file with ID: 1
[2023-06-08 12:16:39.787161]:[0x00007f62cd716640]:[0x00000458]:[trace]: session::handle_read: async_write
[2023-06-08 12:16:39.795010]:[0x00007f62cdf17640]:[0x00000458]:[trace]: -Base:
GET /api/Shoes/1 HTTP/1.1

- IP Address: 127.0.0.1
[2023-06-08 12:16:39.795927]:[0x00007f62cdf17640]:[0x00000458]:[info]: [IPMetrics] 127.0.0.1
[2023-06-08 12:16:39.796832]:[0x00007f62cdf17640]:[0x00000458]:[info]: [RequestPathMetrics] /api/Shoes/1
[2023-06-08 12:16:39.797850]:[0x00007f62cdf17640]:[0x00000458]:[trace]: Parsed CrudHandler data_path ./public/crud for location /api
Filename path./public/crud/Shoes/1
[2023-06-08 12:16:39.799508]:[0x00007f62cdf17640]:[0x00000458]:[trace]: -- crud file not found
[2023-06-08 12:16:39.800486]:[0x00007f62cdf17640]:[0x00000458]:[info]: [HandlerMetrics] Crud_handler
[2023-06-08 12:16:39.801311]:[0x00007f62cdf17640]:[0x00000458]:[info]: [ResponseMetrics] 404
[2023-06-08 12:16:39.802395]:[0x00007f62cdf17640]:[0x00000458]:[trace]: session::handle_read: async_write
Success! Expected Response = Test Response
[2023-06-08 12:16:39.818188]:[0x00007f62ccf15640]:[0x00000458]:[trace]: -Base:
GET /sleep HTTP/1.0

- IP Address: 127.0.0.1
[2023-06-08 12:16:39.819308]:[0x00007f62ccf15640]:[0x00000458]:[info]: [IPMetrics] 127.0.0.1
[2023-06-08 12:16:39.820185]:[0x00007f62ccf15640]:[0x00000458]:[info]: [RequestPathMetrics] /sleep
[2023-06-08 12:16:40.835166]:[0x00007f62cd716640]:[0x00000458]:[trace]: -Base:
GET /echo HTTP/1.0

- IP Address: 127.0.0.1
[2023-06-08 12:16:40.839724]:[0x00007f62cd716640]:[0x00000458]:[info]: [IPMetrics] 127.0.0.1
[2023-06-08 12:16:40.841807]:[0x00007f62cd716640]:[0x00000458]:[info]: [RequestPathMetrics] /echo
[2023-06-08 12:16:40.843610]:[0x00007f62cd716640]:[0x00000458]:[trace]: Echo Request Handler: /echo
[2023-06-08 12:16:40.845468]:[0x00007f62cd716640]:[0x00000458]:[info]: [HandlerMetrics] Echo_handler
[2023-06-08 12:16:40.847275]:[0x00007f62cd716640]:[0x00000458]:[info]: [ResponseMetrics] 200
[2023-06-08 12:16:40.848641]:[0x00007f62cd716640]:[0x00000458]:[trace]: Valid request
[2023-06-08 12:16:40.850123]:[0x00007f62cd716640]:[0x00000458]:[trace]: session::handle_read: async_write
Success! echo did run!
Success! sleep did not finish running before echo did, but echo still finished!
[2023-06-08 12:16:46.821806]:[0x00007f62ccf15640]:[0x00000458]:[trace]: Sleep Request Handler: /sleep
[2023-06-08 12:16:46.827493]:[0x00007f62ccf15640]:[0x00000458]:[trace]: Valid request
[2023-06-08 12:16:46.832185]:[0x00007f62ccf15640]:[0x00000458]:[trace]: session::handle_read: async_write
Success! Expected Response = Test Response
Success! Expected Response = Test Response
Test 6: should return response containing contents 'OK'[2023-06-08 12:16:48.907418]:[0x00007f62cc714640]:[0x00000458]:[trace]: -Base:
GET /health HTTP/1.1

- IP Address: 127.0.0.1
[2023-06-08 12:16:48.908900]:[0x00007f62cc714640]:[0x00000458]:[info]: [IPMetrics] 127.0.0.1
[2023-06-08 12:16:48.909801]:[0x00007f62cc714640]:[0x00000458]:[info]: [RequestPathMetrics] /health
[2023-06-08 12:16:48.910775]:[0x00007f62cc714640]:[0x00000458]:[debug]: Health Request Handler: /health
[2023-06-08 12:16:48.911654]:[0x00007f62cc714640]:[0x00000458]:[info]: static file found
[2023-06-08 12:16:48.912639]:[0x00007f62cc714640]:[0x00000458]:[info]: [HandlerMetrics] Health_handler
[2023-06-08 12:16:48.913628]:[0x00007f62cc714640]:[0x00000458]:[info]: [ResponseMetrics] 200
[2023-06-08 12:16:48.914887]:[0x00007f62cc714640]:[0x00000458]:[trace]: Valid request
[2023-06-08 12:16:48.916023]:[0x00007f62cc714640]:[0x00000458]:[trace]: session::handle_read: async_write
Health handler succeed! Expected Response = Test Response
Killing Server 1112
Tests Completed!
/usr/src/projects/tests/integration_tests/integration_tests.sh: line 203:  1112 Killed                  $PATH_SERVER_BIN test_config
<end of output>
Test time =  10.48 sec
----------------------------------------------------------
Test Passed.
"integration_tests" end time: Jun 08 12:16 UTC
"integration_tests" time elapsed: 00:00:10
----------------------------------------------------------

End testing: Jun 08 12:16 UTC
