Start testing: May 31 15:10 UTC
----------------------------------------------------------
1/65 Testing: ServerTest.StartTest
1/65 Test: ServerTest.StartTest
Command: "/usr/src/projects/build_coverage/bin/server_lib_test" "--gtest_filter=ServerTest.StartTest" "--gtest_also_run_disabled_tests"
Directory: /usr/src/projects/tests
"ServerTest.StartTest" start time: May 31 15:10 UTC
Output:
----------------------------------------------------------
Running main() from /usr/src/googletest/googletest/src/gtest_main.cc
Note: Google Test filter = ServerTest.StartTest
[==========] Running 1 test from 1 test suite.
[----------] Global test environment set-up.
[----------] 1 test from ServerTest
[ RUN      ] ServerTest.StartTest
[       OK ] ServerTest.StartTest (13 ms)
[----------] 1 test from ServerTest (13 ms total)

[----------] Global test environment tear-down
[==========] 1 test from 1 test suite ran. (14 ms total)
[  PASSED  ] 1 test.
<end of output>
Test time =   0.16 sec
----------------------------------------------------------
Test Passed.
"ServerTest.StartTest" end time: May 31 15:10 UTC
"ServerTest.StartTest" time elapsed: 00:00:00
----------------------------------------------------------

2/65 Testing: ServerTest.AcceptTest
2/65 Test: ServerTest.AcceptTest
Command: "/usr/src/projects/build_coverage/bin/server_lib_test" "--gtest_filter=ServerTest.AcceptTest" "--gtest_also_run_disabled_tests"
Directory: /usr/src/projects/tests
"ServerTest.AcceptTest" start time: May 31 15:10 UTC
Output:
----------------------------------------------------------
Running main() from /usr/src/googletest/googletest/src/gtest_main.cc
Note: Google Test filter = ServerTest.AcceptTest
[==========] Running 1 test from 1 test suite.
[----------] Global test environment set-up.
[----------] 1 test from ServerTest
[ RUN      ] ServerTest.AcceptTest
[       OK ] ServerTest.AcceptTest (1 ms)
[----------] 1 test from ServerTest (1 ms total)

[----------] Global test environment tear-down
[==========] 1 test from 1 test suite ran. (1 ms total)
[  PASSED  ] 1 test.
<end of output>
Test time =   0.12 sec
----------------------------------------------------------
Test Passed.
"ServerTest.AcceptTest" end time: May 31 15:10 UTC
"ServerTest.AcceptTest" time elapsed: 00:00:00
----------------------------------------------------------

3/65 Testing: ServerTest.HandleTest
3/65 Test: ServerTest.HandleTest
Command: "/usr/src/projects/build_coverage/bin/server_lib_test" "--gtest_filter=ServerTest.HandleTest" "--gtest_also_run_disabled_tests"
Directory: /usr/src/projects/tests
"ServerTest.HandleTest" start time: May 31 15:10 UTC
Output:
----------------------------------------------------------
Running main() from /usr/src/googletest/googletest/src/gtest_main.cc
Note: Google Test filter = ServerTest.HandleTest
[==========] Running 1 test from 1 test suite.
[----------] Global test environment set-up.
[----------] 1 test from ServerTest
[ RUN      ] ServerTest.HandleTest
[       OK ] ServerTest.HandleTest (37 ms)
[----------] 1 test from ServerTest (37 ms total)

[----------] Global test environment tear-down
[==========] 1 test from 1 test suite ran. (37 ms total)
[  PASSED  ] 1 test.
<end of output>
Test time =   0.29 sec
----------------------------------------------------------
Test Passed.
"ServerTest.HandleTest" end time: May 31 15:10 UTC
"ServerTest.HandleTest" time elapsed: 00:00:00
----------------------------------------------------------

4/65 Testing: SessionTest.make_session
4/65 Test: SessionTest.make_session
Command: "/usr/src/projects/build_coverage/bin/session_lib_test" "--gtest_filter=SessionTest.make_session" "--gtest_also_run_disabled_tests"
Directory: /usr/src/projects/tests
"SessionTest.make_session" start time: May 31 15:10 UTC
Output:
----------------------------------------------------------
Running main() from /usr/src/googletest/googletest/src/gtest_main.cc
Note: Google Test filter = SessionTest.make_session
[==========] Running 1 test from 1 test suite.
[----------] Global test environment set-up.
[----------] 1 test from SessionTest
[ RUN      ] SessionTest.make_session
[       OK ] SessionTest.make_session (31 ms)
[----------] 1 test from SessionTest (31 ms total)

[----------] Global test environment tear-down
[==========] 1 test from 1 test suite ran. (32 ms total)
[  PASSED  ] 1 test.
<end of output>
Test time =   0.23 sec
----------------------------------------------------------
Test Passed.
"SessionTest.make_session" end time: May 31 15:10 UTC
"SessionTest.make_session" time elapsed: 00:00:00
----------------------------------------------------------

5/65 Testing: SessionTest.return_socket
5/65 Test: SessionTest.return_socket
Command: "/usr/src/projects/build_coverage/bin/session_lib_test" "--gtest_filter=SessionTest.return_socket" "--gtest_also_run_disabled_tests"
Directory: /usr/src/projects/tests
"SessionTest.return_socket" start time: May 31 15:10 UTC
Output:
----------------------------------------------------------
Running main() from /usr/src/googletest/googletest/src/gtest_main.cc
Note: Google Test filter = SessionTest.return_socket
[==========] Running 1 test from 1 test suite.
[----------] Global test environment set-up.
[----------] 1 test from SessionTest
[ RUN      ] SessionTest.return_socket
[       OK ] SessionTest.return_socket (3 ms)
[----------] 1 test from SessionTest (4 ms total)

[----------] Global test environment tear-down
[==========] 1 test from 1 test suite ran. (4 ms total)
[  PASSED  ] 1 test.
<end of output>
Test time =   0.27 sec
----------------------------------------------------------
Test Passed.
"SessionTest.return_socket" end time: May 31 15:10 UTC
"SessionTest.return_socket" time elapsed: 00:00:00
----------------------------------------------------------

6/65 Testing: SessionTest.start_session
6/65 Test: SessionTest.start_session
Command: "/usr/src/projects/build_coverage/bin/session_lib_test" "--gtest_filter=SessionTest.start_session" "--gtest_also_run_disabled_tests"
Directory: /usr/src/projects/tests
"SessionTest.start_session" start time: May 31 15:10 UTC
Output:
----------------------------------------------------------
Running main() from /usr/src/googletest/googletest/src/gtest_main.cc
Note: Google Test filter = SessionTest.start_session
[==========] Running 1 test from 1 test suite.
[----------] Global test environment set-up.
[----------] 1 test from SessionTest
[ RUN      ] SessionTest.start_session
[       OK ] SessionTest.start_session (9 ms)
[----------] 1 test from SessionTest (9 ms total)

[----------] Global test environment tear-down
[==========] 1 test from 1 test suite ran. (9 ms total)
[  PASSED  ] 1 test.
<end of output>
Test time =   0.17 sec
----------------------------------------------------------
Test Passed.
"SessionTest.start_session" end time: May 31 15:10 UTC
"SessionTest.start_session" time elapsed: 00:00:00
----------------------------------------------------------

7/65 Testing: SessionTest.handle_write_session
7/65 Test: SessionTest.handle_write_session
Command: "/usr/src/projects/build_coverage/bin/session_lib_test" "--gtest_filter=SessionTest.handle_write_session" "--gtest_also_run_disabled_tests"
Directory: /usr/src/projects/tests
"SessionTest.handle_write_session" start time: May 31 15:10 UTC
Output:
----------------------------------------------------------
Running main() from /usr/src/googletest/googletest/src/gtest_main.cc
Note: Google Test filter = SessionTest.handle_write_session
[==========] Running 1 test from 1 test suite.
[----------] Global test environment set-up.
[----------] 1 test from SessionTest
[ RUN      ] SessionTest.handle_write_session
[       OK ] SessionTest.handle_write_session (1 ms)
[----------] 1 test from SessionTest (1 ms total)

[----------] Global test environment tear-down
[==========] 1 test from 1 test suite ran. (2 ms total)
[  PASSED  ] 1 test.
<end of output>
Test time =   0.08 sec
----------------------------------------------------------
Test Passed.
"SessionTest.handle_write_session" end time: May 31 15:10 UTC
"SessionTest.handle_write_session" time elapsed: 00:00:00
----------------------------------------------------------

8/65 Testing: NginxConfigParserTest.SimpleConfig
8/65 Test: NginxConfigParserTest.SimpleConfig
Command: "/usr/src/projects/build_coverage/bin/config_parser_lib_test" "--gtest_filter=NginxConfigParserTest.SimpleConfig" "--gtest_also_run_disabled_tests"
Directory: /usr/src/projects/tests
"NginxConfigParserTest.SimpleConfig" start time: May 31 15:10 UTC
Output:
----------------------------------------------------------
Note: Google Test filter = NginxConfigParserTest.SimpleConfig
[==========] Running 1 test from 1 test suite.
[----------] Global test environment set-up.
[----------] 1 test from NginxConfigParserTest
[ RUN      ] NginxConfigParserTest.SimpleConfig
[       OK ] NginxConfigParserTest.SimpleConfig (1 ms)
[----------] 1 test from NginxConfigParserTest (1 ms total)

[----------] Global test environment tear-down
[==========] 1 test from 1 test suite ran. (1 ms total)
[  PASSED  ] 1 test.
<end of output>
Test time =   0.03 sec
----------------------------------------------------------
Test Passed.
"NginxConfigParserTest.SimpleConfig" end time: May 31 15:10 UTC
"NginxConfigParserTest.SimpleConfig" time elapsed: 00:00:00
----------------------------------------------------------

9/65 Testing: NginxConfigParserTest.NestedBlockConfig
9/65 Test: NginxConfigParserTest.NestedBlockConfig
Command: "/usr/src/projects/build_coverage/bin/config_parser_lib_test" "--gtest_filter=NginxConfigParserTest.NestedBlockConfig" "--gtest_also_run_disabled_tests"
Directory: /usr/src/projects/tests
"NginxConfigParserTest.NestedBlockConfig" start time: May 31 15:10 UTC
Output:
----------------------------------------------------------
Note: Google Test filter = NginxConfigParserTest.NestedBlockConfig
[==========] Running 1 test from 1 test suite.
[----------] Global test environment set-up.
[----------] 1 test from NginxConfigParserTest
[ RUN      ] NginxConfigParserTest.NestedBlockConfig
[       OK ] NginxConfigParserTest.NestedBlockConfig (2 ms)
[----------] 1 test from NginxConfigParserTest (2 ms total)

[----------] Global test environment tear-down
[==========] 1 test from 1 test suite ran. (3 ms total)
[  PASSED  ] 1 test.
<end of output>
Test time =   0.02 sec
----------------------------------------------------------
Test Passed.
"NginxConfigParserTest.NestedBlockConfig" end time: May 31 15:10 UTC
"NginxConfigParserTest.NestedBlockConfig" time elapsed: 00:00:00
----------------------------------------------------------

10/65 Testing: NginxConfigParserTest.CommentConfig
10/65 Test: NginxConfigParserTest.CommentConfig
Command: "/usr/src/projects/build_coverage/bin/config_parser_lib_test" "--gtest_filter=NginxConfigParserTest.CommentConfig" "--gtest_also_run_disabled_tests"
Directory: /usr/src/projects/tests
"NginxConfigParserTest.CommentConfig" start time: May 31 15:10 UTC
Output:
----------------------------------------------------------
Note: Google Test filter = NginxConfigParserTest.CommentConfig
[==========] Running 1 test from 1 test suite.
[----------] Global test environment set-up.
[----------] 1 test from NginxConfigParserTest
[ RUN      ] NginxConfigParserTest.CommentConfig
[       OK ] NginxConfigParserTest.CommentConfig (1 ms)
[----------] 1 test from NginxConfigParserTest (2 ms total)

[----------] Global test environment tear-down
[==========] 1 test from 1 test suite ran. (2 ms total)
[  PASSED  ] 1 test.
<end of output>
Test time =   0.02 sec
----------------------------------------------------------
Test Passed.
"NginxConfigParserTest.CommentConfig" end time: May 31 15:10 UTC
"NginxConfigParserTest.CommentConfig" time elapsed: 00:00:00
----------------------------------------------------------

11/65 Testing: NginxConfigParserTest.MissingEndBlockConfig
11/65 Test: NginxConfigParserTest.MissingEndBlockConfig
Command: "/usr/src/projects/build_coverage/bin/config_parser_lib_test" "--gtest_filter=NginxConfigParserTest.MissingEndBlockConfig" "--gtest_also_run_disabled_tests"
Directory: /usr/src/projects/tests
"NginxConfigParserTest.MissingEndBlockConfig" start time: May 31 15:10 UTC
Output:
----------------------------------------------------------
Note: Google Test filter = NginxConfigParserTest.MissingEndBlockConfig
[==========] Running 1 test from 1 test suite.
[----------] Global test environment set-up.
[----------] 1 test from NginxConfigParserTest
[ RUN      ] NginxConfigParserTest.MissingEndBlockConfig
Bad transition from TOKEN_TYPE_STATEMENT_END to TOKEN_TYPE_EOF
[       OK ] NginxConfigParserTest.MissingEndBlockConfig (1 ms)
[----------] 1 test from NginxConfigParserTest (1 ms total)

[----------] Global test environment tear-down
[==========] 1 test from 1 test suite ran. (1 ms total)
[  PASSED  ] 1 test.
<end of output>
Test time =   0.02 sec
----------------------------------------------------------
Test Passed.
"NginxConfigParserTest.MissingEndBlockConfig" end time: May 31 15:10 UTC
"NginxConfigParserTest.MissingEndBlockConfig" time elapsed: 00:00:00
----------------------------------------------------------

12/65 Testing: NginxConfigParserTest.MissingEndOfStatementConfig
12/65 Test: NginxConfigParserTest.MissingEndOfStatementConfig
Command: "/usr/src/projects/build_coverage/bin/config_parser_lib_test" "--gtest_filter=NginxConfigParserTest.MissingEndOfStatementConfig" "--gtest_also_run_disabled_tests"
Directory: /usr/src/projects/tests
"NginxConfigParserTest.MissingEndOfStatementConfig" start time: May 31 15:10 UTC
Output:
----------------------------------------------------------
Note: Google Test filter = NginxConfigParserTest.MissingEndOfStatementConfig
[==========] Running 1 test from 1 test suite.
[----------] Global test environment set-up.
[----------] 1 test from NginxConfigParserTest
[ RUN      ] NginxConfigParserTest.MissingEndOfStatementConfig
Bad transition from TOKEN_TYPE_NORMAL to TOKEN_TYPE_END_BLOCK
[       OK ] NginxConfigParserTest.MissingEndOfStatementConfig (1 ms)
[----------] 1 test from NginxConfigParserTest (1 ms total)

[----------] Global test environment tear-down
[==========] 1 test from 1 test suite ran. (2 ms total)
[  PASSED  ] 1 test.
<end of output>
Test time =   0.01 sec
----------------------------------------------------------
Test Passed.
"NginxConfigParserTest.MissingEndOfStatementConfig" end time: May 31 15:10 UTC
"NginxConfigParserTest.MissingEndOfStatementConfig" time elapsed: 00:00:00
----------------------------------------------------------

13/65 Testing: NginxConfigParserTest.NormalAtEOFConfig
13/65 Test: NginxConfigParserTest.NormalAtEOFConfig
Command: "/usr/src/projects/build_coverage/bin/config_parser_lib_test" "--gtest_filter=NginxConfigParserTest.NormalAtEOFConfig" "--gtest_also_run_disabled_tests"
Directory: /usr/src/projects/tests
"NginxConfigParserTest.NormalAtEOFConfig" start time: May 31 15:10 UTC
Output:
----------------------------------------------------------
Note: Google Test filter = NginxConfigParserTest.NormalAtEOFConfig
[==========] Running 1 test from 1 test suite.
[----------] Global test environment set-up.
[----------] 1 test from NginxConfigParserTest
[ RUN      ] NginxConfigParserTest.NormalAtEOFConfig
Failed to open config file: normal_at_config
[       OK ] NginxConfigParserTest.NormalAtEOFConfig (1 ms)
[----------] 1 test from NginxConfigParserTest (1 ms total)

[----------] Global test environment tear-down
[==========] 1 test from 1 test suite ran. (1 ms total)
[  PASSED  ] 1 test.
<end of output>
Test time =   0.01 sec
----------------------------------------------------------
Test Passed.
"NginxConfigParserTest.NormalAtEOFConfig" end time: May 31 15:10 UTC
"NginxConfigParserTest.NormalAtEOFConfig" time elapsed: 00:00:00
----------------------------------------------------------

14/65 Testing: NginxConfigParserTest.NoNormalBeforeStartConfig
14/65 Test: NginxConfigParserTest.NoNormalBeforeStartConfig
Command: "/usr/src/projects/build_coverage/bin/config_parser_lib_test" "--gtest_filter=NginxConfigParserTest.NoNormalBeforeStartConfig" "--gtest_also_run_disabled_tests"
Directory: /usr/src/projects/tests
"NginxConfigParserTest.NoNormalBeforeStartConfig" start time: May 31 15:10 UTC
Output:
----------------------------------------------------------
Note: Google Test filter = NginxConfigParserTest.NoNormalBeforeStartConfig
[==========] Running 1 test from 1 test suite.
[----------] Global test environment set-up.
[----------] 1 test from NginxConfigParserTest
[ RUN      ] NginxConfigParserTest.NoNormalBeforeStartConfig
Bad transition from TOKEN_TYPE_STATEMENT_END to TOKEN_TYPE_START_BLOCK
[       OK ] NginxConfigParserTest.NoNormalBeforeStartConfig (1 ms)
[----------] 1 test from NginxConfigParserTest (1 ms total)

[----------] Global test environment tear-down
[==========] 1 test from 1 test suite ran. (1 ms total)
[  PASSED  ] 1 test.
<end of output>
Test time =   0.01 sec
----------------------------------------------------------
Test Passed.
"NginxConfigParserTest.NoNormalBeforeStartConfig" end time: May 31 15:10 UTC
"NginxConfigParserTest.NoNormalBeforeStartConfig" time elapsed: 00:00:00
----------------------------------------------------------

15/65 Testing: NginxConfigParserTest.CorrectQuoteConfig
15/65 Test: NginxConfigParserTest.CorrectQuoteConfig
Command: "/usr/src/projects/build_coverage/bin/config_parser_lib_test" "--gtest_filter=NginxConfigParserTest.CorrectQuoteConfig" "--gtest_also_run_disabled_tests"
Directory: /usr/src/projects/tests
"NginxConfigParserTest.CorrectQuoteConfig" start time: May 31 15:10 UTC
Output:
----------------------------------------------------------
Note: Google Test filter = NginxConfigParserTest.CorrectQuoteConfig
[==========] Running 1 test from 1 test suite.
[----------] Global test environment set-up.
[----------] 1 test from NginxConfigParserTest
[ RUN      ] NginxConfigParserTest.CorrectQuoteConfig
[       OK ] NginxConfigParserTest.CorrectQuoteConfig (1 ms)
[----------] 1 test from NginxConfigParserTest (1 ms total)

[----------] Global test environment tear-down
[==========] 1 test from 1 test suite ran. (1 ms total)
[  PASSED  ] 1 test.
<end of output>
Test time =   0.02 sec
----------------------------------------------------------
Test Passed.
"NginxConfigParserTest.CorrectQuoteConfig" end time: May 31 15:10 UTC
"NginxConfigParserTest.CorrectQuoteConfig" time elapsed: 00:00:00
----------------------------------------------------------

16/65 Testing: NginxConfigParserTest.IncorrectQuoteConfig
16/65 Test: NginxConfigParserTest.IncorrectQuoteConfig
Command: "/usr/src/projects/build_coverage/bin/config_parser_lib_test" "--gtest_filter=NginxConfigParserTest.IncorrectQuoteConfig" "--gtest_also_run_disabled_tests"
Directory: /usr/src/projects/tests
"NginxConfigParserTest.IncorrectQuoteConfig" start time: May 31 15:10 UTC
Output:
----------------------------------------------------------
Note: Google Test filter = NginxConfigParserTest.IncorrectQuoteConfig
[==========] Running 1 test from 1 test suite.
[----------] Global test environment set-up.
[----------] 1 test from NginxConfigParserTest
[ RUN      ] NginxConfigParserTest.IncorrectQuoteConfig
Bad transition from TOKEN_TYPE_START to TOKEN_TYPE_ERROR
[       OK ] NginxConfigParserTest.IncorrectQuoteConfig (1 ms)
[----------] 1 test from NginxConfigParserTest (1 ms total)

[----------] Global test environment tear-down
[==========] 1 test from 1 test suite ran. (1 ms total)
[  PASSED  ] 1 test.
<end of output>
Test time =   0.01 sec
----------------------------------------------------------
Test Passed.
"NginxConfigParserTest.IncorrectQuoteConfig" end time: May 31 15:10 UTC
"NginxConfigParserTest.IncorrectQuoteConfig" time elapsed: 00:00:00
----------------------------------------------------------

17/65 Testing: NginxConfigParserTest.MyConfig
17/65 Test: NginxConfigParserTest.MyConfig
Command: "/usr/src/projects/build_coverage/bin/config_parser_lib_test" "--gtest_filter=NginxConfigParserTest.MyConfig" "--gtest_also_run_disabled_tests"
Directory: /usr/src/projects/tests
"NginxConfigParserTest.MyConfig" start time: May 31 15:10 UTC
Output:
----------------------------------------------------------
Note: Google Test filter = NginxConfigParserTest.MyConfig
[==========] Running 1 test from 1 test suite.
[----------] Global test environment set-up.
[----------] 1 test from NginxConfigParserTest
[ RUN      ] NginxConfigParserTest.MyConfig
Failed to open config file: my_config
[       OK ] NginxConfigParserTest.MyConfig (1 ms)
[----------] 1 test from NginxConfigParserTest (1 ms total)

[----------] Global test environment tear-down
[==========] 1 test from 1 test suite ran. (1 ms total)
[  PASSED  ] 1 test.
<end of output>
Test time =   0.02 sec
----------------------------------------------------------
Test Passed.
"NginxConfigParserTest.MyConfig" end time: May 31 15:10 UTC
"NginxConfigParserTest.MyConfig" time elapsed: 00:00:00
----------------------------------------------------------

18/65 Testing: NginxConfigParserTest.EmptyConfig
18/65 Test: NginxConfigParserTest.EmptyConfig
Command: "/usr/src/projects/build_coverage/bin/config_parser_lib_test" "--gtest_filter=NginxConfigParserTest.EmptyConfig" "--gtest_also_run_disabled_tests"
Directory: /usr/src/projects/tests
"NginxConfigParserTest.EmptyConfig" start time: May 31 15:10 UTC
Output:
----------------------------------------------------------
Note: Google Test filter = NginxConfigParserTest.EmptyConfig
[==========] Running 1 test from 1 test suite.
[----------] Global test environment set-up.
[----------] 1 test from NginxConfigParserTest
[ RUN      ] NginxConfigParserTest.EmptyConfig
[       OK ] NginxConfigParserTest.EmptyConfig (1 ms)
[----------] 1 test from NginxConfigParserTest (1 ms total)

[----------] Global test environment tear-down
[==========] 1 test from 1 test suite ran. (1 ms total)
[  PASSED  ] 1 test.
<end of output>
Test time =   0.01 sec
----------------------------------------------------------
Test Passed.
"NginxConfigParserTest.EmptyConfig" end time: May 31 15:10 UTC
"NginxConfigParserTest.EmptyConfig" time elapsed: 00:00:00
----------------------------------------------------------

19/65 Testing: NginxConfigParserTest.EmptyBlockConfig
19/65 Test: NginxConfigParserTest.EmptyBlockConfig
Command: "/usr/src/projects/build_coverage/bin/config_parser_lib_test" "--gtest_filter=NginxConfigParserTest.EmptyBlockConfig" "--gtest_also_run_disabled_tests"
Directory: /usr/src/projects/tests
"NginxConfigParserTest.EmptyBlockConfig" start time: May 31 15:10 UTC
Output:
----------------------------------------------------------
Note: Google Test filter = NginxConfigParserTest.EmptyBlockConfig
[==========] Running 1 test from 1 test suite.
[----------] Global test environment set-up.
[----------] 1 test from NginxConfigParserTest
[ RUN      ] NginxConfigParserTest.EmptyBlockConfig
[       OK ] NginxConfigParserTest.EmptyBlockConfig (1 ms)
[----------] 1 test from NginxConfigParserTest (1 ms total)

[----------] Global test environment tear-down
[==========] 1 test from 1 test suite ran. (1 ms total)
[  PASSED  ] 1 test.
<end of output>
Test time =   0.01 sec
----------------------------------------------------------
Test Passed.
"NginxConfigParserTest.EmptyBlockConfig" end time: May 31 15:10 UTC
"NginxConfigParserTest.EmptyBlockConfig" time elapsed: 00:00:00
----------------------------------------------------------

20/65 Testing: NginxConfigParserTest.MissingStartBlockConfig
20/65 Test: NginxConfigParserTest.MissingStartBlockConfig
Command: "/usr/src/projects/build_coverage/bin/config_parser_lib_test" "--gtest_filter=NginxConfigParserTest.MissingStartBlockConfig" "--gtest_also_run_disabled_tests"
Directory: /usr/src/projects/tests
"NginxConfigParserTest.MissingStartBlockConfig" start time: May 31 15:10 UTC
Output:
----------------------------------------------------------
Note: Google Test filter = NginxConfigParserTest.MissingStartBlockConfig
[==========] Running 1 test from 1 test suite.
[----------] Global test environment set-up.
[----------] 1 test from NginxConfigParserTest
[ RUN      ] NginxConfigParserTest.MissingStartBlockConfig
Bad transition from TOKEN_TYPE_STATEMENT_END to TOKEN_TYPE_END_BLOCK
[       OK ] NginxConfigParserTest.MissingStartBlockConfig (1 ms)
[----------] 1 test from NginxConfigParserTest (1 ms total)

[----------] Global test environment tear-down
[==========] 1 test from 1 test suite ran. (1 ms total)
[  PASSED  ] 1 test.
<end of output>
Test time =   0.02 sec
----------------------------------------------------------
Test Passed.
"NginxConfigParserTest.MissingStartBlockConfig" end time: May 31 15:10 UTC
"NginxConfigParserTest.MissingStartBlockConfig" time elapsed: 00:00:00
----------------------------------------------------------

21/65 Testing: NginxConfigParserTest.ListenPortNumber
21/65 Test: NginxConfigParserTest.ListenPortNumber
Command: "/usr/src/projects/build_coverage/bin/config_parser_lib_test" "--gtest_filter=NginxConfigParserTest.ListenPortNumber" "--gtest_also_run_disabled_tests"
Directory: /usr/src/projects/tests
"NginxConfigParserTest.ListenPortNumber" start time: May 31 15:10 UTC
Output:
----------------------------------------------------------
Note: Google Test filter = NginxConfigParserTest.ListenPortNumber
[==========] Running 1 test from 1 test suite.
[----------] Global test environment set-up.
[----------] 1 test from NginxConfigParserTest
[ RUN      ] NginxConfigParserTest.ListenPortNumber
[       OK ] NginxConfigParserTest.ListenPortNumber (1 ms)
[----------] 1 test from NginxConfigParserTest (1 ms total)

[----------] Global test environment tear-down
[==========] 1 test from 1 test suite ran. (1 ms total)
[  PASSED  ] 1 test.
<end of output>
Test time =   0.01 sec
----------------------------------------------------------
Test Passed.
"NginxConfigParserTest.ListenPortNumber" end time: May 31 15:10 UTC
"NginxConfigParserTest.ListenPortNumber" time elapsed: 00:00:00
----------------------------------------------------------

22/65 Testing: NginxConfigParserTest.NoListenPort
22/65 Test: NginxConfigParserTest.NoListenPort
Command: "/usr/src/projects/build_coverage/bin/config_parser_lib_test" "--gtest_filter=NginxConfigParserTest.NoListenPort" "--gtest_also_run_disabled_tests"
Directory: /usr/src/projects/tests
"NginxConfigParserTest.NoListenPort" start time: May 31 15:10 UTC
Output:
----------------------------------------------------------
Note: Google Test filter = NginxConfigParserTest.NoListenPort
[==========] Running 1 test from 1 test suite.
[----------] Global test environment set-up.
[----------] 1 test from NginxConfigParserTest
[ RUN      ] NginxConfigParserTest.NoListenPort
[       OK ] NginxConfigParserTest.NoListenPort (1 ms)
[----------] 1 test from NginxConfigParserTest (1 ms total)

[----------] Global test environment tear-down
[==========] 1 test from 1 test suite ran. (1 ms total)
[  PASSED  ] 1 test.
<end of output>
Test time =   0.02 sec
----------------------------------------------------------
Test Passed.
"NginxConfigParserTest.NoListenPort" end time: May 31 15:10 UTC
"NginxConfigParserTest.NoListenPort" time elapsed: 00:00:00
----------------------------------------------------------

23/65 Testing: NginxConfigParserTest.ToStringConfig
23/65 Test: NginxConfigParserTest.ToStringConfig
Command: "/usr/src/projects/build_coverage/bin/config_parser_lib_test" "--gtest_filter=NginxConfigParserTest.ToStringConfig" "--gtest_also_run_disabled_tests"
Directory: /usr/src/projects/tests
"NginxConfigParserTest.ToStringConfig" start time: May 31 15:10 UTC
Output:
----------------------------------------------------------
Note: Google Test filter = NginxConfigParserTest.ToStringConfig
[==========] Running 1 test from 1 test suite.
[----------] Global test environment set-up.
[----------] 1 test from NginxConfigParserTest
[ RUN      ] NginxConfigParserTest.ToStringConfig
[       OK ] NginxConfigParserTest.ToStringConfig (1 ms)
[----------] 1 test from NginxConfigParserTest (1 ms total)

[----------] Global test environment tear-down
[==========] 1 test from 1 test suite ran. (1 ms total)
[  PASSED  ] 1 test.
<end of output>
Test time =   0.02 sec
----------------------------------------------------------
Test Passed.
"NginxConfigParserTest.ToStringConfig" end time: May 31 15:10 UTC
"NginxConfigParserTest.ToStringConfig" time elapsed: 00:00:00
----------------------------------------------------------

24/65 Testing: NginxConfigParserTest.SingleQuoteConfig
24/65 Test: NginxConfigParserTest.SingleQuoteConfig
Command: "/usr/src/projects/build_coverage/bin/config_parser_lib_test" "--gtest_filter=NginxConfigParserTest.SingleQuoteConfig" "--gtest_also_run_disabled_tests"
Directory: /usr/src/projects/tests
"NginxConfigParserTest.SingleQuoteConfig" start time: May 31 15:10 UTC
Output:
----------------------------------------------------------
Note: Google Test filter = NginxConfigParserTest.SingleQuoteConfig
[==========] Running 1 test from 1 test suite.
[----------] Global test environment set-up.
[----------] 1 test from NginxConfigParserTest
[ RUN      ] NginxConfigParserTest.SingleQuoteConfig
[       OK ] NginxConfigParserTest.SingleQuoteConfig (1 ms)
[----------] 1 test from NginxConfigParserTest (1 ms total)

[----------] Global test environment tear-down
[==========] 1 test from 1 test suite ran. (1 ms total)
[  PASSED  ] 1 test.
<end of output>
Test time =   0.01 sec
----------------------------------------------------------
Test Passed.
"NginxConfigParserTest.SingleQuoteConfig" end time: May 31 15:10 UTC
"NginxConfigParserTest.SingleQuoteConfig" time elapsed: 00:00:00
----------------------------------------------------------

25/65 Testing: LoggerTest.LogTrace
25/65 Test: LoggerTest.LogTrace
Command: "/usr/src/projects/build_coverage/bin/logger_test" "--gtest_filter=LoggerTest.LogTrace" "--gtest_also_run_disabled_tests"
Directory: /usr/src/projects/tests
"LoggerTest.LogTrace" start time: May 31 15:10 UTC
Output:
----------------------------------------------------------
Running main() from /usr/src/googletest/googletest/src/gtest_main.cc
Note: Google Test filter = LoggerTest.LogTrace
[==========] Running 1 test from 1 test suite.
[----------] Global test environment set-up.
[----------] 1 test from LoggerTest
[ RUN      ] LoggerTest.LogTrace
[2023-05-31 15:10:25.577522]:[0x00007fa713607740]:[0x00001b91]:[trace]: Logged trace severity message
[       OK ] LoggerTest.LogTrace (15 ms)
[----------] 1 test from LoggerTest (15 ms total)

[----------] Global test environment tear-down
[==========] 1 test from 1 test suite ran. (15 ms total)
[  PASSED  ] 1 test.
<end of output>
Test time =   0.04 sec
----------------------------------------------------------
Test Passed.
"LoggerTest.LogTrace" end time: May 31 15:10 UTC
"LoggerTest.LogTrace" time elapsed: 00:00:00
----------------------------------------------------------

26/65 Testing: LoggerTest.LogDebug
26/65 Test: LoggerTest.LogDebug
Command: "/usr/src/projects/build_coverage/bin/logger_test" "--gtest_filter=LoggerTest.LogDebug" "--gtest_also_run_disabled_tests"
Directory: /usr/src/projects/tests
"LoggerTest.LogDebug" start time: May 31 15:10 UTC
Output:
----------------------------------------------------------
Running main() from /usr/src/googletest/googletest/src/gtest_main.cc
Note: Google Test filter = LoggerTest.LogDebug
[==========] Running 1 test from 1 test suite.
[----------] Global test environment set-up.
[----------] 1 test from LoggerTest
[ RUN      ] LoggerTest.LogDebug
[2023-05-31 15:10:25.630330]:[0x00007f5d6efb9740]:[0x00001b92]:[debug]: Logged debug severity message
[       OK ] LoggerTest.LogDebug (6 ms)
[----------] 1 test from LoggerTest (6 ms total)

[----------] Global test environment tear-down
[==========] 1 test from 1 test suite ran. (6 ms total)
[  PASSED  ] 1 test.
<end of output>
Test time =   0.03 sec
----------------------------------------------------------
Test Passed.
"LoggerTest.LogDebug" end time: May 31 15:10 UTC
"LoggerTest.LogDebug" time elapsed: 00:00:00
----------------------------------------------------------

27/65 Testing: LoggerTest.LogInfo
27/65 Test: LoggerTest.LogInfo
Command: "/usr/src/projects/build_coverage/bin/logger_test" "--gtest_filter=LoggerTest.LogInfo" "--gtest_also_run_disabled_tests"
Directory: /usr/src/projects/tests
"LoggerTest.LogInfo" start time: May 31 15:10 UTC
Output:
----------------------------------------------------------
Running main() from /usr/src/googletest/googletest/src/gtest_main.cc
Note: Google Test filter = LoggerTest.LogInfo
[==========] Running 1 test from 1 test suite.
[----------] Global test environment set-up.
[----------] 1 test from LoggerTest
[ RUN      ] LoggerTest.LogInfo
[2023-05-31 15:10:25.677084]:[0x00007f4410f0f740]:[0x00001b93]:[info]: Logged info severity message
[       OK ] LoggerTest.LogInfo (6 ms)
[----------] 1 test from LoggerTest (6 ms total)

[----------] Global test environment tear-down
[==========] 1 test from 1 test suite ran. (6 ms total)
[  PASSED  ] 1 test.
<end of output>
Test time =   0.03 sec
----------------------------------------------------------
Test Passed.
"LoggerTest.LogInfo" end time: May 31 15:10 UTC
"LoggerTest.LogInfo" time elapsed: 00:00:00
----------------------------------------------------------

28/65 Testing: LoggerTest.LogWarning
28/65 Test: LoggerTest.LogWarning
Command: "/usr/src/projects/build_coverage/bin/logger_test" "--gtest_filter=LoggerTest.LogWarning" "--gtest_also_run_disabled_tests"
Directory: /usr/src/projects/tests
"LoggerTest.LogWarning" start time: May 31 15:10 UTC
Output:
----------------------------------------------------------
Running main() from /usr/src/googletest/googletest/src/gtest_main.cc
Note: Google Test filter = LoggerTest.LogWarning
[==========] Running 1 test from 1 test suite.
[----------] Global test environment set-up.
[----------] 1 test from LoggerTest
[ RUN      ] LoggerTest.LogWarning
[2023-05-31 15:10:25.725939]:[0x00007fa5ca288740]:[0x00001b94]:[warning]: Logged warning severity message
[       OK ] LoggerTest.LogWarning (8 ms)
[----------] 1 test from LoggerTest (8 ms total)

[----------] Global test environment tear-down
[==========] 1 test from 1 test suite ran. (8 ms total)
[  PASSED  ] 1 test.
<end of output>
Test time =   0.03 sec
----------------------------------------------------------
Test Passed.
"LoggerTest.LogWarning" end time: May 31 15:10 UTC
"LoggerTest.LogWarning" time elapsed: 00:00:00
----------------------------------------------------------

29/65 Testing: LoggerTest.LogError
29/65 Test: LoggerTest.LogError
Command: "/usr/src/projects/build_coverage/bin/logger_test" "--gtest_filter=LoggerTest.LogError" "--gtest_also_run_disabled_tests"
Directory: /usr/src/projects/tests
"LoggerTest.LogError" start time: May 31 15:10 UTC
Output:
----------------------------------------------------------
Running main() from /usr/src/googletest/googletest/src/gtest_main.cc
Note: Google Test filter = LoggerTest.LogError
[==========] Running 1 test from 1 test suite.
[----------] Global test environment set-up.
[----------] 1 test from LoggerTest
[ RUN      ] LoggerTest.LogError
[2023-05-31 15:10:25.776684]:[0x00007faf57c46740]:[0x00001b95]:[error]: Logged error severity message
[       OK ] LoggerTest.LogError (6 ms)
[----------] 1 test from LoggerTest (6 ms total)

[----------] Global test environment tear-down
[==========] 1 test from 1 test suite ran. (6 ms total)
[  PASSED  ] 1 test.
<end of output>
Test time =   0.03 sec
----------------------------------------------------------
Test Passed.
"LoggerTest.LogError" end time: May 31 15:10 UTC
"LoggerTest.LogError" time elapsed: 00:00:00
----------------------------------------------------------

30/65 Testing: LoggerTest.LogFatal
30/65 Test: LoggerTest.LogFatal
Command: "/usr/src/projects/build_coverage/bin/logger_test" "--gtest_filter=LoggerTest.LogFatal" "--gtest_also_run_disabled_tests"
Directory: /usr/src/projects/tests
"LoggerTest.LogFatal" start time: May 31 15:10 UTC
Output:
----------------------------------------------------------
Running main() from /usr/src/googletest/googletest/src/gtest_main.cc
Note: Google Test filter = LoggerTest.LogFatal
[==========] Running 1 test from 1 test suite.
[----------] Global test environment set-up.
[----------] 1 test from LoggerTest
[ RUN      ] LoggerTest.LogFatal
[2023-05-31 15:10:25.822616]:[0x00007f6691126740]:[0x00001b96]:[fatal]: Logged fatal severity message
[       OK ] LoggerTest.LogFatal (6 ms)
[----------] 1 test from LoggerTest (6 ms total)

[----------] Global test environment tear-down
[==========] 1 test from 1 test suite ran. (7 ms total)
[  PASSED  ] 1 test.
<end of output>
Test time =   0.03 sec
----------------------------------------------------------
Test Passed.
"LoggerTest.LogFatal" end time: May 31 15:10 UTC
"LoggerTest.LogFatal" time elapsed: 00:00:00
----------------------------------------------------------

31/65 Testing: RequestHandlerEchoTest.EchoRequest
31/65 Test: RequestHandlerEchoTest.EchoRequest
Command: "/usr/src/projects/build_coverage/bin/request_handler_echo_test" "--gtest_filter=RequestHandlerEchoTest.EchoRequest" "--gtest_also_run_disabled_tests"
Directory: /usr/src/projects/tests
"RequestHandlerEchoTest.EchoRequest" start time: May 31 15:10 UTC
Output:
----------------------------------------------------------
Running main() from /usr/src/googletest/googletest/src/gtest_main.cc
Note: Google Test filter = RequestHandlerEchoTest.EchoRequest
[==========] Running 1 test from 1 test suite.
[----------] Global test environment set-up.
[----------] 1 test from RequestHandlerEchoTest
[ RUN      ] RequestHandlerEchoTest.EchoRequest
[2023-05-31 15:10:25.879574]:[0x00007f5f2efe6740]:[0x00001b97]:[trace]: Echo Request Handler: /echo
[2023-05-31 15:10:25.883403]:[0x00007f5f2efe6740]:[0x00001b97]:[info]: [HandlerMetrics] Echo_handler
[2023-05-31 15:10:25.884487]:[0x00007f5f2efe6740]:[0x00001b97]:[info]: [ResponseMetrics] 200
[       OK ] RequestHandlerEchoTest.EchoRequest (13 ms)
[----------] 1 test from RequestHandlerEchoTest (13 ms total)

[----------] Global test environment tear-down
[==========] 1 test from 1 test suite ran. (13 ms total)
[  PASSED  ] 1 test.
<end of output>
Test time =   0.04 sec
----------------------------------------------------------
Test Passed.
"RequestHandlerEchoTest.EchoRequest" end time: May 31 15:10 UTC
"RequestHandlerEchoTest.EchoRequest" time elapsed: 00:00:00
----------------------------------------------------------

32/65 Testing: RequestHandlerStaticTest.StaticNotFoundTest
32/65 Test: RequestHandlerStaticTest.StaticNotFoundTest
Command: "/usr/src/projects/build_coverage/bin/request_handler_static_test" "--gtest_filter=RequestHandlerStaticTest.StaticNotFoundTest" "--gtest_also_run_disabled_tests"
Directory: /usr/src/projects/tests
"RequestHandlerStaticTest.StaticNotFoundTest" start time: May 31 15:10 UTC
Output:
----------------------------------------------------------
Running main() from /usr/src/googletest/googletest/src/gtest_main.cc
Note: Google Test filter = RequestHandlerStaticTest.StaticNotFoundTest
[==========] Running 1 test from 1 test suite.
[----------] Global test environment set-up.
[----------] 1 test from RequestHandlerStaticTest
[ RUN      ] RequestHandlerStaticTest.StaticNotFoundTest
[2023-05-31 15:10:25.939076]:[0x00007fab4367d740]:[0x00001b98]:[trace]: Static Request Handler Serving file: ../public/folder1/drandom.txt
[2023-05-31 15:10:25.944330]:[0x00007fab4367d740]:[0x00001b98]:[trace]: -- static file not found
[2023-05-31 15:10:25.945290]:[0x00007fab4367d740]:[0x00001b98]:[info]: [HandlerMetrics] Static_handler
[2023-05-31 15:10:25.946149]:[0x00007fab4367d740]:[0x00001b98]:[info]: [ResponseMetrics] 404
[       OK ] RequestHandlerStaticTest.StaticNotFoundTest (12 ms)
[----------] 1 test from RequestHandlerStaticTest (12 ms total)

[----------] Global test environment tear-down
[==========] 1 test from 1 test suite ran. (12 ms total)
[  PASSED  ] 1 test.
<end of output>
Test time =   0.04 sec
----------------------------------------------------------
Test Passed.
"RequestHandlerStaticTest.StaticNotFoundTest" end time: May 31 15:10 UTC
"RequestHandlerStaticTest.StaticNotFoundTest" time elapsed: 00:00:00
----------------------------------------------------------

33/65 Testing: RequestHandlerStaticTest.StaticFoundTest
33/65 Test: RequestHandlerStaticTest.StaticFoundTest
Command: "/usr/src/projects/build_coverage/bin/request_handler_static_test" "--gtest_filter=RequestHandlerStaticTest.StaticFoundTest" "--gtest_also_run_disabled_tests"
Directory: /usr/src/projects/tests
"RequestHandlerStaticTest.StaticFoundTest" start time: May 31 15:10 UTC
Output:
----------------------------------------------------------
Running main() from /usr/src/googletest/googletest/src/gtest_main.cc
Note: Google Test filter = RequestHandlerStaticTest.StaticFoundTest
[==========] Running 1 test from 1 test suite.
[----------] Global test environment set-up.
[----------] 1 test from RequestHandlerStaticTest
[ RUN      ] RequestHandlerStaticTest.StaticFoundTest
[2023-05-31 15:10:25.987485]:[0x00007fefce011740]:[0x00001b99]:[trace]: Static Request Handler Serving file: ../public/folder1/random.txt
[2023-05-31 15:10:25.992398]:[0x00007fefce011740]:[0x00001b99]:[trace]: -- static file found
[2023-05-31 15:10:25.993372]:[0x00007fefce011740]:[0x00001b99]:[info]: [HandlerMetrics] Static_handler
[2023-05-31 15:10:25.994410]:[0x00007fefce011740]:[0x00001b99]:[info]: [ResponseMetrics] 200
[       OK ] RequestHandlerStaticTest.StaticFoundTest (8 ms)
[----------] 1 test from RequestHandlerStaticTest (8 ms total)

[----------] Global test environment tear-down
[==========] 1 test from 1 test suite ran. (8 ms total)
[  PASSED  ] 1 test.
<end of output>
Test time =   0.03 sec
----------------------------------------------------------
Test Passed.
"RequestHandlerStaticTest.StaticFoundTest" end time: May 31 15:10 UTC
"RequestHandlerStaticTest.StaticFoundTest" time elapsed: 00:00:00
----------------------------------------------------------

34/65 Testing: RequestHandlerStaticTest.StaticNestedFoundTest
34/65 Test: RequestHandlerStaticTest.StaticNestedFoundTest
Command: "/usr/src/projects/build_coverage/bin/request_handler_static_test" "--gtest_filter=RequestHandlerStaticTest.StaticNestedFoundTest" "--gtest_also_run_disabled_tests"
Directory: /usr/src/projects/tests
"RequestHandlerStaticTest.StaticNestedFoundTest" start time: May 31 15:10 UTC
Output:
----------------------------------------------------------
Running main() from /usr/src/googletest/googletest/src/gtest_main.cc
Note: Google Test filter = RequestHandlerStaticTest.StaticNestedFoundTest
[==========] Running 1 test from 1 test suite.
[----------] Global test environment set-up.
[----------] 1 test from RequestHandlerStaticTest
[ RUN      ] RequestHandlerStaticTest.StaticNestedFoundTest
[2023-05-31 15:10:26.040609]:[0x00007f46d8474740]:[0x00001b9a]:[trace]: Static Request Handler Serving file: ../public/folder1/nested/nest.txt
[2023-05-31 15:10:26.046434]:[0x00007f46d8474740]:[0x00001b9a]:[trace]: -- static file found
[2023-05-31 15:10:26.047525]:[0x00007f46d8474740]:[0x00001b9a]:[info]: [HandlerMetrics] Static_handler
[2023-05-31 15:10:26.048481]:[0x00007f46d8474740]:[0x00001b9a]:[info]: [ResponseMetrics] 200
[       OK ] RequestHandlerStaticTest.StaticNestedFoundTest (9 ms)
[----------] 1 test from RequestHandlerStaticTest (9 ms total)

[----------] Global test environment tear-down
[==========] 1 test from 1 test suite ran. (9 ms total)
[  PASSED  ] 1 test.
<end of output>
Test time =   0.04 sec
----------------------------------------------------------
Test Passed.
"RequestHandlerStaticTest.StaticNestedFoundTest" end time: May 31 15:10 UTC
"RequestHandlerStaticTest.StaticNestedFoundTest" time elapsed: 00:00:00
----------------------------------------------------------

35/65 Testing: RequestHandlerDispatcherTest.GetHandlerEcho
35/65 Test: RequestHandlerDispatcherTest.GetHandlerEcho
Command: "/usr/src/projects/build_coverage/bin/request_handler_dispatcher_test" "--gtest_filter=RequestHandlerDispatcherTest.GetHandlerEcho" "--gtest_also_run_disabled_tests"
Directory: /usr/src/projects/tests
"RequestHandlerDispatcherTest.GetHandlerEcho" start time: May 31 15:10 UTC
Output:
----------------------------------------------------------
Running main() from /usr/src/googletest/googletest/src/gtest_main.cc
Note: Google Test filter = RequestHandlerDispatcherTest.GetHandlerEcho
[==========] Running 1 test from 1 test suite.
[----------] Global test environment set-up.
[----------] 1 test from RequestHandlerDispatcherTest
[ RUN      ] RequestHandlerDispatcherTest.GetHandlerEcho
[2023-05-31 15:10:26.115616]:[0x00007f25e4369740]:[0x00001b9b]:[trace]: Parsed handler EchoHandler for path: /echo
[2023-05-31 15:10:26.120162]:[0x00007f25e4369740]:[0x00001b9b]:[trace]: Dispatched echo handler factory at location: /echo
[2023-05-31 15:10:26.121254]:[0x00007f25e4369740]:[0x00001b9b]:[trace]: Parsed handler HealthHandler for path: /health
[2023-05-31 15:10:26.122271]:[0x00007f25e4369740]:[0x00001b9b]:[trace]: Dispatched health handler factory at location: /health
[2023-05-31 15:10:26.123588]:[0x00007f25e4369740]:[0x00001b9b]:[trace]: Parsed handler StaticHandler for path: /static1
[2023-05-31 15:10:26.125065]:[0x00007f25e4369740]:[0x00001b9b]:[trace]: Dispatched static handler factory at location: /static1
[2023-05-31 15:10:26.126257]:[0x00007f25e4369740]:[0x00001b9b]:[trace]: Parsed handler StaticHandler for path: /static2
[2023-05-31 15:10:26.127427]:[0x00007f25e4369740]:[0x00001b9b]:[trace]: Dispatched static handler factory at location: /static2
[2023-05-31 15:10:26.128749]:[0x00007f25e4369740]:[0x00001b9b]:[trace]: Parsed handler ErrorHandler for path: /
[2023-05-31 15:10:26.129761]:[0x00007f25e4369740]:[0x00001b9b]:[trace]: Dispatched 404 handler factory at location: /
[2023-05-31 15:10:26.130596]:[0x00007f25e4369740]:[0x00001b9b]:[trace]: Parsed handler SleepHandler for path: /sleep
[2023-05-31 15:10:26.131497]:[0x00007f25e4369740]:[0x00001b9b]:[trace]: Dispatched sleep handler factory at location: /sleep
[2023-05-31 15:10:26.132346]:[0x00007f25e4369740]:[0x00001b9b]:[trace]: Parsed handler CRUDHandler for path: /api
[2023-05-31 15:10:26.133352]:[0x00007f25e4369740]:[0x00001b9b]:[trace]: Dispatched crud handler factory at location: /api
[2023-05-31 15:10:26.134225]:[0x00007f25e4369740]:[0x00001b9b]:[error]: Another handler exists at path: /sleep
[       OK ] RequestHandlerDispatcherTest.GetHandlerEcho (28 ms)
[----------] 1 test from RequestHandlerDispatcherTest (28 ms total)

[----------] Global test environment tear-down
[==========] 1 test from 1 test suite ran. (28 ms total)
[  PASSED  ] 1 test.
<end of output>
Test time =   0.06 sec
----------------------------------------------------------
Test Passed.
"RequestHandlerDispatcherTest.GetHandlerEcho" end time: May 31 15:10 UTC
"RequestHandlerDispatcherTest.GetHandlerEcho" time elapsed: 00:00:00
----------------------------------------------------------

36/65 Testing: RequestHandlerDispatcherTest.GetHandler404
36/65 Test: RequestHandlerDispatcherTest.GetHandler404
Command: "/usr/src/projects/build_coverage/bin/request_handler_dispatcher_test" "--gtest_filter=RequestHandlerDispatcherTest.GetHandler404" "--gtest_also_run_disabled_tests"
Directory: /usr/src/projects/tests
"RequestHandlerDispatcherTest.GetHandler404" start time: May 31 15:10 UTC
Output:
----------------------------------------------------------
Running main() from /usr/src/googletest/googletest/src/gtest_main.cc
Note: Google Test filter = RequestHandlerDispatcherTest.GetHandler404
[==========] Running 1 test from 1 test suite.
[----------] Global test environment set-up.
[----------] 1 test from RequestHandlerDispatcherTest
[ RUN      ] RequestHandlerDispatcherTest.GetHandler404
[2023-05-31 15:10:26.188335]:[0x00007f5ac2a4f740]:[0x00001b9c]:[trace]: Parsed handler EchoHandler for path: /echo
[2023-05-31 15:10:26.191751]:[0x00007f5ac2a4f740]:[0x00001b9c]:[trace]: Dispatched echo handler factory at location: /echo
[2023-05-31 15:10:26.192964]:[0x00007f5ac2a4f740]:[0x00001b9c]:[trace]: Parsed handler HealthHandler for path: /health
[2023-05-31 15:10:26.193846]:[0x00007f5ac2a4f740]:[0x00001b9c]:[trace]: Dispatched health handler factory at location: /health
[2023-05-31 15:10:26.194796]:[0x00007f5ac2a4f740]:[0x00001b9c]:[trace]: Parsed handler StaticHandler for path: /static1
[2023-05-31 15:10:26.195695]:[0x00007f5ac2a4f740]:[0x00001b9c]:[trace]: Dispatched static handler factory at location: /static1
[2023-05-31 15:10:26.196423]:[0x00007f5ac2a4f740]:[0x00001b9c]:[trace]: Parsed handler StaticHandler for path: /static2
[2023-05-31 15:10:26.197557]:[0x00007f5ac2a4f740]:[0x00001b9c]:[trace]: Dispatched static handler factory at location: /static2
[2023-05-31 15:10:26.198527]:[0x00007f5ac2a4f740]:[0x00001b9c]:[trace]: Parsed handler ErrorHandler for path: /
[2023-05-31 15:10:26.199368]:[0x00007f5ac2a4f740]:[0x00001b9c]:[trace]: Dispatched 404 handler factory at location: /
[2023-05-31 15:10:26.200331]:[0x00007f5ac2a4f740]:[0x00001b9c]:[trace]: Parsed handler SleepHandler for path: /sleep
[2023-05-31 15:10:26.201166]:[0x00007f5ac2a4f740]:[0x00001b9c]:[trace]: Dispatched sleep handler factory at location: /sleep
[2023-05-31 15:10:26.201938]:[0x00007f5ac2a4f740]:[0x00001b9c]:[trace]: Parsed handler CRUDHandler for path: /api
[2023-05-31 15:10:26.202752]:[0x00007f5ac2a4f740]:[0x00001b9c]:[trace]: Dispatched crud handler factory at location: /api
[2023-05-31 15:10:26.203704]:[0x00007f5ac2a4f740]:[0x00001b9c]:[error]: Another handler exists at path: /sleep
[       OK ] RequestHandlerDispatcherTest.GetHandler404 (17 ms)
[----------] 1 test from RequestHandlerDispatcherTest (17 ms total)

[----------] Global test environment tear-down
[==========] 1 test from 1 test suite ran. (17 ms total)
[  PASSED  ] 1 test.
<end of output>
Test time =   0.05 sec
----------------------------------------------------------
Test Passed.
"RequestHandlerDispatcherTest.GetHandler404" end time: May 31 15:10 UTC
"RequestHandlerDispatcherTest.GetHandler404" time elapsed: 00:00:00
----------------------------------------------------------

37/65 Testing: RequestHandlerDispatcherTest.GetHandlerHealth
37/65 Test: RequestHandlerDispatcherTest.GetHandlerHealth
Command: "/usr/src/projects/build_coverage/bin/request_handler_dispatcher_test" "--gtest_filter=RequestHandlerDispatcherTest.GetHandlerHealth" "--gtest_also_run_disabled_tests"
Directory: /usr/src/projects/tests
"RequestHandlerDispatcherTest.GetHandlerHealth" start time: May 31 15:10 UTC
Output:
----------------------------------------------------------
Running main() from /usr/src/googletest/googletest/src/gtest_main.cc
Note: Google Test filter = RequestHandlerDispatcherTest.GetHandlerHealth
[==========] Running 1 test from 1 test suite.
[----------] Global test environment set-up.
[----------] 1 test from RequestHandlerDispatcherTest
[ RUN      ] RequestHandlerDispatcherTest.GetHandlerHealth
[2023-05-31 15:10:26.282410]:[0x00007f7a8c3bc740]:[0x00001b9d]:[trace]: Parsed handler EchoHandler for path: /echo
[2023-05-31 15:10:26.286750]:[0x00007f7a8c3bc740]:[0x00001b9d]:[trace]: Dispatched echo handler factory at location: /echo
[2023-05-31 15:10:26.287654]:[0x00007f7a8c3bc740]:[0x00001b9d]:[trace]: Parsed handler HealthHandler for path: /health
[2023-05-31 15:10:26.289305]:[0x00007f7a8c3bc740]:[0x00001b9d]:[trace]: Dispatched health handler factory at location: /health
[2023-05-31 15:10:26.290330]:[0x00007f7a8c3bc740]:[0x00001b9d]:[trace]: Parsed handler StaticHandler for path: /static1
[2023-05-31 15:10:26.291226]:[0x00007f7a8c3bc740]:[0x00001b9d]:[trace]: Dispatched static handler factory at location: /static1
[2023-05-31 15:10:26.292174]:[0x00007f7a8c3bc740]:[0x00001b9d]:[trace]: Parsed handler StaticHandler for path: /static2
[2023-05-31 15:10:26.293199]:[0x00007f7a8c3bc740]:[0x00001b9d]:[trace]: Dispatched static handler factory at location: /static2
[2023-05-31 15:10:26.294686]:[0x00007f7a8c3bc740]:[0x00001b9d]:[trace]: Parsed handler ErrorHandler for path: /
[2023-05-31 15:10:26.295760]:[0x00007f7a8c3bc740]:[0x00001b9d]:[trace]: Dispatched 404 handler factory at location: /
[2023-05-31 15:10:26.296879]:[0x00007f7a8c3bc740]:[0x00001b9d]:[trace]: Parsed handler SleepHandler for path: /sleep
[2023-05-31 15:10:26.297784]:[0x00007f7a8c3bc740]:[0x00001b9d]:[trace]: Dispatched sleep handler factory at location: /sleep
[2023-05-31 15:10:26.298761]:[0x00007f7a8c3bc740]:[0x00001b9d]:[trace]: Parsed handler CRUDHandler for path: /api
[2023-05-31 15:10:26.299649]:[0x00007f7a8c3bc740]:[0x00001b9d]:[trace]: Dispatched crud handler factory at location: /api
[2023-05-31 15:10:26.300641]:[0x00007f7a8c3bc740]:[0x00001b9d]:[error]: Another handler exists at path: /sleep
[       OK ] RequestHandlerDispatcherTest.GetHandlerHealth (20 ms)
[----------] 1 test from RequestHandlerDispatcherTest (20 ms total)

[----------] Global test environment tear-down
[==========] 1 test from 1 test suite ran. (20 ms total)
[  PASSED  ] 1 test.
<end of output>
Test time =   0.05 sec
----------------------------------------------------------
Test Passed.
"RequestHandlerDispatcherTest.GetHandlerHealth" end time: May 31 15:10 UTC
"RequestHandlerDispatcherTest.GetHandlerHealth" time elapsed: 00:00:00
----------------------------------------------------------

38/65 Testing: RequestHandlerDispatcherTest.GetHandlerCrud
38/65 Test: RequestHandlerDispatcherTest.GetHandlerCrud
Command: "/usr/src/projects/build_coverage/bin/request_handler_dispatcher_test" "--gtest_filter=RequestHandlerDispatcherTest.GetHandlerCrud" "--gtest_also_run_disabled_tests"
Directory: /usr/src/projects/tests
"RequestHandlerDispatcherTest.GetHandlerCrud" start time: May 31 15:10 UTC
Output:
----------------------------------------------------------
Running main() from /usr/src/googletest/googletest/src/gtest_main.cc
Note: Google Test filter = RequestHandlerDispatcherTest.GetHandlerCrud
[==========] Running 1 test from 1 test suite.
[----------] Global test environment set-up.
[----------] 1 test from RequestHandlerDispatcherTest
[ RUN      ] RequestHandlerDispatcherTest.GetHandlerCrud
[2023-05-31 15:10:26.350632]:[0x00007f60ff2ff740]:[0x00001b9e]:[trace]: Parsed handler EchoHandler for path: /echo
[2023-05-31 15:10:26.353930]:[0x00007f60ff2ff740]:[0x00001b9e]:[trace]: Dispatched echo handler factory at location: /echo
[2023-05-31 15:10:26.354889]:[0x00007f60ff2ff740]:[0x00001b9e]:[trace]: Parsed handler HealthHandler for path: /health
[2023-05-31 15:10:26.355861]:[0x00007f60ff2ff740]:[0x00001b9e]:[trace]: Dispatched health handler factory at location: /health
[2023-05-31 15:10:26.356880]:[0x00007f60ff2ff740]:[0x00001b9e]:[trace]: Parsed handler StaticHandler for path: /static1
[2023-05-31 15:10:26.358102]:[0x00007f60ff2ff740]:[0x00001b9e]:[trace]: Dispatched static handler factory at location: /static1
[2023-05-31 15:10:26.359109]:[0x00007f60ff2ff740]:[0x00001b9e]:[trace]: Parsed handler StaticHandler for path: /static2
[2023-05-31 15:10:26.360168]:[0x00007f60ff2ff740]:[0x00001b9e]:[trace]: Dispatched static handler factory at location: /static2
[2023-05-31 15:10:26.361248]:[0x00007f60ff2ff740]:[0x00001b9e]:[trace]: Parsed handler ErrorHandler for path: /
[2023-05-31 15:10:26.362151]:[0x00007f60ff2ff740]:[0x00001b9e]:[trace]: Dispatched 404 handler factory at location: /
[2023-05-31 15:10:26.362994]:[0x00007f60ff2ff740]:[0x00001b9e]:[trace]: Parsed handler SleepHandler for path: /sleep
[2023-05-31 15:10:26.364014]:[0x00007f60ff2ff740]:[0x00001b9e]:[trace]: Dispatched sleep handler factory at location: /sleep
[2023-05-31 15:10:26.364992]:[0x00007f60ff2ff740]:[0x00001b9e]:[trace]: Parsed handler CRUDHandler for path: /api
[2023-05-31 15:10:26.366002]:[0x00007f60ff2ff740]:[0x00001b9e]:[trace]: Dispatched crud handler factory at location: /api
[2023-05-31 15:10:26.366839]:[0x00007f60ff2ff740]:[0x00001b9e]:[error]: Another handler exists at path: /sleep
[       OK ] RequestHandlerDispatcherTest.GetHandlerCrud (18 ms)
[----------] 1 test from RequestHandlerDispatcherTest (18 ms total)

[----------] Global test environment tear-down
[==========] 1 test from 1 test suite ran. (18 ms total)
[  PASSED  ] 1 test.
<end of output>
Test time =   0.05 sec
----------------------------------------------------------
Test Passed.
"RequestHandlerDispatcherTest.GetHandlerCrud" end time: May 31 15:10 UTC
"RequestHandlerDispatcherTest.GetHandlerCrud" time elapsed: 00:00:00
----------------------------------------------------------

39/65 Testing: RequestHandlerDispatcherTest.GetHandlerStatic
39/65 Test: RequestHandlerDispatcherTest.GetHandlerStatic
Command: "/usr/src/projects/build_coverage/bin/request_handler_dispatcher_test" "--gtest_filter=RequestHandlerDispatcherTest.GetHandlerStatic" "--gtest_also_run_disabled_tests"
Directory: /usr/src/projects/tests
"RequestHandlerDispatcherTest.GetHandlerStatic" start time: May 31 15:10 UTC
Output:
----------------------------------------------------------
Running main() from /usr/src/googletest/googletest/src/gtest_main.cc
Note: Google Test filter = RequestHandlerDispatcherTest.GetHandlerStatic
[==========] Running 1 test from 1 test suite.
[----------] Global test environment set-up.
[----------] 1 test from RequestHandlerDispatcherTest
[ RUN      ] RequestHandlerDispatcherTest.GetHandlerStatic
[2023-05-31 15:10:26.415218]:[0x00007f75cd967740]:[0x00001b9f]:[trace]: Parsed handler EchoHandler for path: /echo
[2023-05-31 15:10:26.418375]:[0x00007f75cd967740]:[0x00001b9f]:[trace]: Dispatched echo handler factory at location: /echo
[2023-05-31 15:10:26.419219]:[0x00007f75cd967740]:[0x00001b9f]:[trace]: Parsed handler HealthHandler for path: /health
[2023-05-31 15:10:26.420099]:[0x00007f75cd967740]:[0x00001b9f]:[trace]: Dispatched health handler factory at location: /health
[2023-05-31 15:10:26.421154]:[0x00007f75cd967740]:[0x00001b9f]:[trace]: Parsed handler StaticHandler for path: /static1
[2023-05-31 15:10:26.422190]:[0x00007f75cd967740]:[0x00001b9f]:[trace]: Dispatched static handler factory at location: /static1
[2023-05-31 15:10:26.423155]:[0x00007f75cd967740]:[0x00001b9f]:[trace]: Parsed handler StaticHandler for path: /static2
[2023-05-31 15:10:26.423873]:[0x00007f75cd967740]:[0x00001b9f]:[trace]: Dispatched static handler factory at location: /static2
[2023-05-31 15:10:26.424707]:[0x00007f75cd967740]:[0x00001b9f]:[trace]: Parsed handler ErrorHandler for path: /
[2023-05-31 15:10:26.425698]:[0x00007f75cd967740]:[0x00001b9f]:[trace]: Dispatched 404 handler factory at location: /
[2023-05-31 15:10:26.426609]:[0x00007f75cd967740]:[0x00001b9f]:[trace]: Parsed handler SleepHandler for path: /sleep
[2023-05-31 15:10:26.427502]:[0x00007f75cd967740]:[0x00001b9f]:[trace]: Dispatched sleep handler factory at location: /sleep
[2023-05-31 15:10:26.428521]:[0x00007f75cd967740]:[0x00001b9f]:[trace]: Parsed handler CRUDHandler for path: /api
[2023-05-31 15:10:26.429486]:[0x00007f75cd967740]:[0x00001b9f]:[trace]: Dispatched crud handler factory at location: /api
[2023-05-31 15:10:26.430398]:[0x00007f75cd967740]:[0x00001b9f]:[error]: Another handler exists at path: /sleep
[2023-05-31 15:10:26.431580]:[0x00007f75cd967740]:[0x00001b9f]:[trace]: Parsed StaticHandler root ../public/folder1 for location /static1
[       OK ] RequestHandlerDispatcherTest.GetHandlerStatic (18 ms)
[----------] 1 test from RequestHandlerDispatcherTest (18 ms total)

[----------] Global test environment tear-down
[==========] 1 test from 1 test suite ran. (18 ms total)
[  PASSED  ] 1 test.
<end of output>
Test time =   0.05 sec
----------------------------------------------------------
Test Passed.
"RequestHandlerDispatcherTest.GetHandlerStatic" end time: May 31 15:10 UTC
"RequestHandlerDispatcherTest.GetHandlerStatic" time elapsed: 00:00:00
----------------------------------------------------------

40/65 Testing: RequestHandler404Test._404Request
40/65 Test: RequestHandler404Test._404Request
Command: "/usr/src/projects/build_coverage/bin/request_handler_404_test" "--gtest_filter=RequestHandler404Test._404Request" "--gtest_also_run_disabled_tests"
Directory: /usr/src/projects/tests
"RequestHandler404Test._404Request" start time: May 31 15:10 UTC
Output:
----------------------------------------------------------
Running main() from /usr/src/googletest/googletest/src/gtest_main.cc
Note: Google Test filter = RequestHandler404Test._404Request
[==========] Running 1 test from 1 test suite.
[----------] Global test environment set-up.
[----------] 1 test from RequestHandler404Test
[ RUN      ] RequestHandler404Test._404Request
[2023-05-31 15:10:26.485346]:[0x00007f8bcaf6f740]:[0x00001ba0]:[debug]: 404 Request Handler: /echo
[2023-05-31 15:10:26.489190]:[0x00007f8bcaf6f740]:[0x00001ba0]:[info]: [HandlerMetrics] 404_handler
[2023-05-31 15:10:26.490150]:[0x00007f8bcaf6f740]:[0x00001ba0]:[info]: [ResponseMetrics] 404
[       OK ] RequestHandler404Test._404Request (9 ms)
[----------] 1 test from RequestHandler404Test (9 ms total)

[----------] Global test environment tear-down
[==========] 1 test from 1 test suite ran. (9 ms total)
[  PASSED  ] 1 test.
<end of output>
Test time =   0.03 sec
----------------------------------------------------------
Test Passed.
"RequestHandler404Test._404Request" end time: May 31 15:10 UTC
"RequestHandler404Test._404Request" time elapsed: 00:00:00
----------------------------------------------------------

41/65 Testing: RequestHandlerHealthTest.HealthRequest
41/65 Test: RequestHandlerHealthTest.HealthRequest
Command: "/usr/src/projects/build_coverage/bin/request_handler_health_test" "--gtest_filter=RequestHandlerHealthTest.HealthRequest" "--gtest_also_run_disabled_tests"
Directory: /usr/src/projects/tests
"RequestHandlerHealthTest.HealthRequest" start time: May 31 15:10 UTC
Output:
----------------------------------------------------------
Running main() from /usr/src/googletest/googletest/src/gtest_main.cc
Note: Google Test filter = RequestHandlerHealthTest.HealthRequest
[==========] Running 1 test from 1 test suite.
[----------] Global test environment set-up.
[----------] 1 test from RequestHandlerHealthTest
[ RUN      ] RequestHandlerHealthTest.HealthRequest
[2023-05-31 15:10:26.540762]:[0x00007f807f5be740]:[0x00001ba1]:[debug]: Health Request Handler: /health
[2023-05-31 15:10:26.544518]:[0x00007f807f5be740]:[0x00001ba1]:[info]: static file found
[2023-05-31 15:10:26.545318]:[0x00007f807f5be740]:[0x00001ba1]:[info]: [HandlerMetrics] Health_handler
[2023-05-31 15:10:26.546110]:[0x00007f807f5be740]:[0x00001ba1]:[info]: [ResponseMetrics] 200
[       OK ] RequestHandlerHealthTest.HealthRequest (11 ms)
[----------] 1 test from RequestHandlerHealthTest (12 ms total)

[----------] Global test environment tear-down
[==========] 1 test from 1 test suite ran. (12 ms total)
[  PASSED  ] 1 test.
<end of output>
Test time =   0.04 sec
----------------------------------------------------------
Test Passed.
"RequestHandlerHealthTest.HealthRequest" end time: May 31 15:10 UTC
"RequestHandlerHealthTest.HealthRequest" time elapsed: 00:00:00
----------------------------------------------------------

42/65 Testing: Request404HandlerFactoryTest.Request404FactoryTest
42/65 Test: Request404HandlerFactoryTest.Request404FactoryTest
Command: "/usr/src/projects/build_coverage/bin/request_404_handler_factory_test" "--gtest_filter=Request404HandlerFactoryTest.Request404FactoryTest" "--gtest_also_run_disabled_tests"
Directory: /usr/src/projects/tests
"Request404HandlerFactoryTest.Request404FactoryTest" start time: May 31 15:10 UTC
Output:
----------------------------------------------------------
Running main() from /usr/src/googletest/googletest/src/gtest_main.cc
Note: Google Test filter = Request404HandlerFactoryTest.Request404FactoryTest
[==========] Running 1 test from 1 test suite.
[----------] Global test environment set-up.
[----------] 1 test from Request404HandlerFactoryTest
[ RUN      ] Request404HandlerFactoryTest.Request404FactoryTest
[2023-05-31 15:10:26.597324]:[0x00007f82d9d24740]:[0x00001ba2]:[trace]: Parsed handler EchoHandler for path: /echo
[2023-05-31 15:10:26.600905]:[0x00007f82d9d24740]:[0x00001ba2]:[trace]: Dispatched echo handler factory at location: /echo
[2023-05-31 15:10:26.602516]:[0x00007f82d9d24740]:[0x00001ba2]:[trace]: Parsed handler HealthHandler for path: /health
[2023-05-31 15:10:26.603655]:[0x00007f82d9d24740]:[0x00001ba2]:[trace]: Dispatched health handler factory at location: /health
[2023-05-31 15:10:26.604508]:[0x00007f82d9d24740]:[0x00001ba2]:[trace]: Parsed handler StaticHandler for path: /static1
[2023-05-31 15:10:26.605295]:[0x00007f82d9d24740]:[0x00001ba2]:[trace]: Dispatched static handler factory at location: /static1
[2023-05-31 15:10:26.606266]:[0x00007f82d9d24740]:[0x00001ba2]:[trace]: Parsed handler StaticHandler for path: /static2
[2023-05-31 15:10:26.607161]:[0x00007f82d9d24740]:[0x00001ba2]:[trace]: Dispatched static handler factory at location: /static2
[2023-05-31 15:10:26.608200]:[0x00007f82d9d24740]:[0x00001ba2]:[trace]: Parsed handler ErrorHandler for path: /
[2023-05-31 15:10:26.609115]:[0x00007f82d9d24740]:[0x00001ba2]:[trace]: Dispatched 404 handler factory at location: /
[2023-05-31 15:10:26.610100]:[0x00007f82d9d24740]:[0x00001ba2]:[trace]: Parsed handler SleepHandler for path: /sleep
[2023-05-31 15:10:26.611018]:[0x00007f82d9d24740]:[0x00001ba2]:[trace]: Dispatched sleep handler factory at location: /sleep
[2023-05-31 15:10:26.612026]:[0x00007f82d9d24740]:[0x00001ba2]:[trace]: Parsed handler CRUDHandler for path: /api
[2023-05-31 15:10:26.613359]:[0x00007f82d9d24740]:[0x00001ba2]:[trace]: Dispatched crud handler factory at location: /api
[2023-05-31 15:10:26.614415]:[0x00007f82d9d24740]:[0x00001ba2]:[error]: Another handler exists at path: /sleep
[2023-05-31 15:10:26.615709]:[0x00007f82d9d24740]:[0x00001ba2]:[debug]: 404 Request Handler: /
[2023-05-31 15:10:26.616981]:[0x00007f82d9d24740]:[0x00001ba2]:[info]: [HandlerMetrics] 404_handler
[2023-05-31 15:10:26.617968]:[0x00007f82d9d24740]:[0x00001ba2]:[info]: [ResponseMetrics] 404
[       OK ] Request404HandlerFactoryTest.Request404FactoryTest (26 ms)
[----------] 1 test from Request404HandlerFactoryTest (26 ms total)

[----------] Global test environment tear-down
[==========] 1 test from 1 test suite ran. (26 ms total)
[  PASSED  ] 1 test.
<end of output>
Test time =   0.06 sec
----------------------------------------------------------
Test Passed.
"Request404HandlerFactoryTest.Request404FactoryTest" end time: May 31 15:10 UTC
"Request404HandlerFactoryTest.Request404FactoryTest" time elapsed: 00:00:00
----------------------------------------------------------

43/65 Testing: SleepHandlerFactoryTest.SleepFactoryTest
43/65 Test: SleepHandlerFactoryTest.SleepFactoryTest
Command: "/usr/src/projects/build_coverage/bin/sleep_handler_factory_test" "--gtest_filter=SleepHandlerFactoryTest.SleepFactoryTest" "--gtest_also_run_disabled_tests"
Directory: /usr/src/projects/tests
"SleepHandlerFactoryTest.SleepFactoryTest" start time: May 31 15:10 UTC
Output:
----------------------------------------------------------
Running main() from /usr/src/googletest/googletest/src/gtest_main.cc
Note: Google Test filter = SleepHandlerFactoryTest.SleepFactoryTest
[==========] Running 1 test from 1 test suite.
[----------] Global test environment set-up.
[----------] 1 test from SleepHandlerFactoryTest
[ RUN      ] SleepHandlerFactoryTest.SleepFactoryTest
[2023-05-31 15:10:26.669954]:[0x00007fba13252740]:[0x00001ba3]:[trace]: Parsed handler EchoHandler for path: /echo
[2023-05-31 15:10:26.675465]:[0x00007fba13252740]:[0x00001ba3]:[trace]: Dispatched echo handler factory at location: /echo
[2023-05-31 15:10:26.676582]:[0x00007fba13252740]:[0x00001ba3]:[trace]: Parsed handler HealthHandler for path: /health
[2023-05-31 15:10:26.677629]:[0x00007fba13252740]:[0x00001ba3]:[trace]: Dispatched health handler factory at location: /health
[2023-05-31 15:10:26.678642]:[0x00007fba13252740]:[0x00001ba3]:[trace]: Parsed handler StaticHandler for path: /static1
[2023-05-31 15:10:26.679366]:[0x00007fba13252740]:[0x00001ba3]:[trace]: Dispatched static handler factory at location: /static1
[2023-05-31 15:10:26.680487]:[0x00007fba13252740]:[0x00001ba3]:[trace]: Parsed handler StaticHandler for path: /static2
[2023-05-31 15:10:26.681501]:[0x00007fba13252740]:[0x00001ba3]:[trace]: Dispatched static handler factory at location: /static2
[2023-05-31 15:10:26.682523]:[0x00007fba13252740]:[0x00001ba3]:[trace]: Parsed handler ErrorHandler for path: /
[2023-05-31 15:10:26.683620]:[0x00007fba13252740]:[0x00001ba3]:[trace]: Dispatched 404 handler factory at location: /
[2023-05-31 15:10:26.684655]:[0x00007fba13252740]:[0x00001ba3]:[trace]: Parsed handler SleepHandler for path: /sleep
[2023-05-31 15:10:26.685749]:[0x00007fba13252740]:[0x00001ba3]:[trace]: Dispatched sleep handler factory at location: /sleep
[2023-05-31 15:10:26.686951]:[0x00007fba13252740]:[0x00001ba3]:[trace]: Parsed handler CRUDHandler for path: /api
[2023-05-31 15:10:26.688108]:[0x00007fba13252740]:[0x00001ba3]:[trace]: Dispatched crud handler factory at location: /api
[2023-05-31 15:10:26.689086]:[0x00007fba13252740]:[0x00001ba3]:[error]: Another handler exists at path: /sleep
[2023-05-31 15:10:33.690667]:[0x00007fba13252740]:[0x00001ba3]:[trace]: Sleep Request Handler: /sleep
[       OK ] SleepHandlerFactoryTest.SleepFactoryTest (7027 ms)
[----------] 1 test from SleepHandlerFactoryTest (7027 ms total)

[----------] Global test environment tear-down
[==========] 1 test from 1 test suite ran. (7027 ms total)
[  PASSED  ] 1 test.
<end of output>
Test time =   7.07 sec
----------------------------------------------------------
Test Passed.
"SleepHandlerFactoryTest.SleepFactoryTest" end time: May 31 15:10 UTC
"SleepHandlerFactoryTest.SleepFactoryTest" time elapsed: 00:00:07
----------------------------------------------------------

44/65 Testing: StaticHandlerFactoryTest.IncorrectURLStaticFactoryTest
44/65 Test: StaticHandlerFactoryTest.IncorrectURLStaticFactoryTest
Command: "/usr/src/projects/build_coverage/bin/static_handler_factory_test" "--gtest_filter=StaticHandlerFactoryTest.IncorrectURLStaticFactoryTest" "--gtest_also_run_disabled_tests"
Directory: /usr/src/projects/tests
"StaticHandlerFactoryTest.IncorrectURLStaticFactoryTest" start time: May 31 15:10 UTC
Output:
----------------------------------------------------------
Running main() from /usr/src/googletest/googletest/src/gtest_main.cc
Note: Google Test filter = StaticHandlerFactoryTest.IncorrectURLStaticFactoryTest
[==========] Running 1 test from 1 test suite.
[----------] Global test environment set-up.
[----------] 1 test from StaticHandlerFactoryTest
[ RUN      ] StaticHandlerFactoryTest.IncorrectURLStaticFactoryTest
[2023-05-31 15:10:33.767729]:[0x00007f90203d8740]:[0x00001ba4]:[trace]: Parsed handler EchoHandler for path: /echo
[2023-05-31 15:10:33.772999]:[0x00007f90203d8740]:[0x00001ba4]:[trace]: Dispatched echo handler factory at location: /echo
[2023-05-31 15:10:33.774502]:[0x00007f90203d8740]:[0x00001ba4]:[trace]: Parsed handler HealthHandler for path: /health
[2023-05-31 15:10:33.775889]:[0x00007f90203d8740]:[0x00001ba4]:[trace]: Dispatched health handler factory at location: /health
[2023-05-31 15:10:33.777295]:[0x00007f90203d8740]:[0x00001ba4]:[trace]: Parsed handler StaticHandler for path: /static1
[2023-05-31 15:10:33.778659]:[0x00007f90203d8740]:[0x00001ba4]:[trace]: Dispatched static handler factory at location: /static1
[2023-05-31 15:10:33.780345]:[0x00007f90203d8740]:[0x00001ba4]:[trace]: Parsed handler StaticHandler for path: /static2
[2023-05-31 15:10:33.782743]:[0x00007f90203d8740]:[0x00001ba4]:[trace]: Dispatched static handler factory at location: /static2
[2023-05-31 15:10:33.784417]:[0x00007f90203d8740]:[0x00001ba4]:[trace]: Parsed handler ErrorHandler for path: /
[2023-05-31 15:10:33.785986]:[0x00007f90203d8740]:[0x00001ba4]:[trace]: Dispatched 404 handler factory at location: /
[2023-05-31 15:10:33.787616]:[0x00007f90203d8740]:[0x00001ba4]:[trace]: Parsed handler SleepHandler for path: /sleep
[2023-05-31 15:10:33.789223]:[0x00007f90203d8740]:[0x00001ba4]:[trace]: Dispatched sleep handler factory at location: /sleep
[2023-05-31 15:10:33.790778]:[0x00007f90203d8740]:[0x00001ba4]:[trace]: Parsed handler CRUDHandler for path: /api
[2023-05-31 15:10:33.792250]:[0x00007f90203d8740]:[0x00001ba4]:[trace]: Dispatched crud handler factory at location: /api
[2023-05-31 15:10:33.793812]:[0x00007f90203d8740]:[0x00001ba4]:[error]: Another handler exists at path: /sleep
[2023-05-31 15:10:33.795642]:[0x00007f90203d8740]:[0x00001ba4]:[trace]: Parsed StaticHandler root ../public/folder1 for location /static1
[2023-05-31 15:10:33.797123]:[0x00007f90203d8740]:[0x00001ba4]:[trace]: -- static file location not found
[2023-05-31 15:10:33.798516]:[0x00007f90203d8740]:[0x00001ba4]:[info]: [HandlerMetrics] Static_handler
[2023-05-31 15:10:33.799866]:[0x00007f90203d8740]:[0x00001ba4]:[info]: [ResponseMetrics] 404
[       OK ] StaticHandlerFactoryTest.IncorrectURLStaticFactoryTest (38 ms)
[----------] 1 test from StaticHandlerFactoryTest (38 ms total)

[----------] Global test environment tear-down
[==========] 1 test from 1 test suite ran. (38 ms total)
[  PASSED  ] 1 test.
<end of output>
Test time =   0.08 sec
----------------------------------------------------------
Test Passed.
"StaticHandlerFactoryTest.IncorrectURLStaticFactoryTest" end time: May 31 15:10 UTC
"StaticHandlerFactoryTest.IncorrectURLStaticFactoryTest" time elapsed: 00:00:00
----------------------------------------------------------

45/65 Testing: EchoHandlerFactoryTest.EchoFactoryTest
45/65 Test: EchoHandlerFactoryTest.EchoFactoryTest
Command: "/usr/src/projects/build_coverage/bin/echo_handler_factory_test" "--gtest_filter=EchoHandlerFactoryTest.EchoFactoryTest" "--gtest_also_run_disabled_tests"
Directory: /usr/src/projects/tests
"EchoHandlerFactoryTest.EchoFactoryTest" start time: May 31 15:10 UTC
Output:
----------------------------------------------------------
Running main() from /usr/src/googletest/googletest/src/gtest_main.cc
Note: Google Test filter = EchoHandlerFactoryTest.EchoFactoryTest
[==========] Running 1 test from 1 test suite.
[----------] Global test environment set-up.
[----------] 1 test from EchoHandlerFactoryTest
[ RUN      ] EchoHandlerFactoryTest.EchoFactoryTest
[2023-05-31 15:10:33.890833]:[0x00007fb483107740]:[0x00001ba5]:[trace]: Parsed handler EchoHandler for path: /echo
[2023-05-31 15:10:33.897735]:[0x00007fb483107740]:[0x00001ba5]:[trace]: Dispatched echo handler factory at location: /echo
[2023-05-31 15:10:33.900525]:[0x00007fb483107740]:[0x00001ba5]:[trace]: Parsed handler HealthHandler for path: /health
[2023-05-31 15:10:33.902571]:[0x00007fb483107740]:[0x00001ba5]:[trace]: Dispatched health handler factory at location: /health
[2023-05-31 15:10:33.905136]:[0x00007fb483107740]:[0x00001ba5]:[trace]: Parsed handler StaticHandler for path: /static1
[2023-05-31 15:10:33.907042]:[0x00007fb483107740]:[0x00001ba5]:[trace]: Dispatched static handler factory at location: /static1
[2023-05-31 15:10:33.908903]:[0x00007fb483107740]:[0x00001ba5]:[trace]: Parsed handler StaticHandler for path: /static2
[2023-05-31 15:10:33.910619]:[0x00007fb483107740]:[0x00001ba5]:[trace]: Dispatched static handler factory at location: /static2
[2023-05-31 15:10:33.912855]:[0x00007fb483107740]:[0x00001ba5]:[trace]: Parsed handler ErrorHandler for path: /
[2023-05-31 15:10:33.915254]:[0x00007fb483107740]:[0x00001ba5]:[trace]: Dispatched 404 handler factory at location: /
[2023-05-31 15:10:33.917729]:[0x00007fb483107740]:[0x00001ba5]:[trace]: Parsed handler SleepHandler for path: /sleep
[2023-05-31 15:10:33.919730]:[0x00007fb483107740]:[0x00001ba5]:[trace]: Dispatched sleep handler factory at location: /sleep
[2023-05-31 15:10:33.921814]:[0x00007fb483107740]:[0x00001ba5]:[trace]: Parsed handler CRUDHandler for path: /api
[2023-05-31 15:10:33.923547]:[0x00007fb483107740]:[0x00001ba5]:[trace]: Dispatched crud handler factory at location: /api
[2023-05-31 15:10:33.924951]:[0x00007fb483107740]:[0x00001ba5]:[error]: Another handler exists at path: /sleep
[2023-05-31 15:10:33.926647]:[0x00007fb483107740]:[0x00001ba5]:[trace]: Echo Request Handler: /echo
[2023-05-31 15:10:33.928199]:[0x00007fb483107740]:[0x00001ba5]:[info]: [HandlerMetrics] Echo_handler
[2023-05-31 15:10:33.930032]:[0x00007fb483107740]:[0x00001ba5]:[info]: [ResponseMetrics] 200
[       OK ] EchoHandlerFactoryTest.EchoFactoryTest (48 ms)
[----------] 1 test from EchoHandlerFactoryTest (48 ms total)

[----------] Global test environment tear-down
[==========] 1 test from 1 test suite ran. (48 ms total)
[  PASSED  ] 1 test.
<end of output>
Test time =   0.10 sec
----------------------------------------------------------
Test Passed.
"EchoHandlerFactoryTest.EchoFactoryTest" end time: May 31 15:10 UTC
"EchoHandlerFactoryTest.EchoFactoryTest" time elapsed: 00:00:00
----------------------------------------------------------

46/65 Testing: HealthHandlerFactoryTest.HealthFactoryTest
46/65 Test: HealthHandlerFactoryTest.HealthFactoryTest
Command: "/usr/src/projects/build_coverage/bin/health_handler_factory_test" "--gtest_filter=HealthHandlerFactoryTest.HealthFactoryTest" "--gtest_also_run_disabled_tests"
Directory: /usr/src/projects/tests
"HealthHandlerFactoryTest.HealthFactoryTest" start time: May 31 15:10 UTC
Output:
----------------------------------------------------------
Running main() from /usr/src/googletest/googletest/src/gtest_main.cc
Note: Google Test filter = HealthHandlerFactoryTest.HealthFactoryTest
[==========] Running 1 test from 1 test suite.
[----------] Global test environment set-up.
[----------] 1 test from HealthHandlerFactoryTest
[ RUN      ] HealthHandlerFactoryTest.HealthFactoryTest
[2023-05-31 15:10:34.026210]:[0x00007f01c11da740]:[0x00001ba6]:[trace]: Parsed handler EchoHandler for path: /echo
[2023-05-31 15:10:34.033807]:[0x00007f01c11da740]:[0x00001ba6]:[trace]: Dispatched echo handler factory at location: /echo
[2023-05-31 15:10:34.035634]:[0x00007f01c11da740]:[0x00001ba6]:[trace]: Parsed handler HealthHandler for path: /health
[2023-05-31 15:10:34.037381]:[0x00007f01c11da740]:[0x00001ba6]:[trace]: Dispatched health handler factory at location: /health
[2023-05-31 15:10:34.038538]:[0x00007f01c11da740]:[0x00001ba6]:[trace]: Parsed handler StaticHandler for path: /static1
[2023-05-31 15:10:34.039829]:[0x00007f01c11da740]:[0x00001ba6]:[trace]: Dispatched static handler factory at location: /static1
[2023-05-31 15:10:34.040943]:[0x00007f01c11da740]:[0x00001ba6]:[trace]: Parsed handler StaticHandler for path: /static2
[2023-05-31 15:10:34.041918]:[0x00007f01c11da740]:[0x00001ba6]:[trace]: Dispatched static handler factory at location: /static2
[2023-05-31 15:10:34.043039]:[0x00007f01c11da740]:[0x00001ba6]:[trace]: Parsed handler ErrorHandler for path: /
[2023-05-31 15:10:34.044119]:[0x00007f01c11da740]:[0x00001ba6]:[trace]: Dispatched 404 handler factory at location: /
[2023-05-31 15:10:34.045028]:[0x00007f01c11da740]:[0x00001ba6]:[trace]: Parsed handler SleepHandler for path: /sleep
[2023-05-31 15:10:34.046068]:[0x00007f01c11da740]:[0x00001ba6]:[trace]: Dispatched sleep handler factory at location: /sleep
[2023-05-31 15:10:34.047105]:[0x00007f01c11da740]:[0x00001ba6]:[trace]: Parsed handler CRUDHandler for path: /api
[2023-05-31 15:10:34.048194]:[0x00007f01c11da740]:[0x00001ba6]:[trace]: Dispatched crud handler factory at location: /api
[2023-05-31 15:10:34.049744]:[0x00007f01c11da740]:[0x00001ba6]:[error]: Another handler exists at path: /sleep
[...]
[2023-05-31 15:10:35.302110]:[0x00007fc72d63d740]:[0x00001bb5]:[info]: [HandlerMetrics] Crud_handler
[2023-05-31 15:10:35.303341]:[0x00007fc72d63d740]:[0x00001bb5]:[info]: [ResponseMetrics] 200
Filename path../Testing/crud/notexists
[2023-05-31 15:10:35.305628]:[0x00007fc72d63d740]:[0x00001bb5]:[trace]: -- crud list file not found
[2023-05-31 15:10:35.306734]:[0x00007fc72d63d740]:[0x00001bb5]:[info]: [HandlerMetrics] Crud_handler
[2023-05-31 15:10:35.307646]:[0x00007fc72d63d740]:[0x00001bb5]:[info]: [ResponseMetrics] 404
[       OK ] RequestHandlerCrudTest.RunHandleGetListNotExists (35 ms)
[----------] 1 test from RequestHandlerCrudTest (36 ms total)

[----------] Global test environment tear-down
[==========] 1 test from 1 test suite ran. (36 ms total)
[  PASSED  ] 1 test.
<end of output>
Test time =   0.06 sec
----------------------------------------------------------
Test Passed.
"RequestHandlerCrudTest.RunHandleGetListNotExists" end time: May 31 15:10 UTC
"RequestHandlerCrudTest.RunHandleGetListNotExists" time elapsed: 00:00:00
----------------------------------------------------------

62/65 Testing: RequestHandlerSleepTest.SleepRequest
62/65 Test: RequestHandlerSleepTest.SleepRequest
Command: "/usr/src/projects/build_coverage/bin/request_handler_sleep_test" "--gtest_filter=RequestHandlerSleepTest.SleepRequest" "--gtest_also_run_disabled_tests"
Directory: /usr/src/projects/tests
"RequestHandlerSleepTest.SleepRequest" start time: May 31 15:10 UTC
Output:
----------------------------------------------------------
Running main() from /usr/src/googletest/googletest/src/gtest_main.cc
Note: Google Test filter = RequestHandlerSleepTest.SleepRequest
[==========] Running 1 test from 1 test suite.
[----------] Global test environment set-up.
[----------] 1 test from RequestHandlerSleepTest
[ RUN      ] RequestHandlerSleepTest.SleepRequest
[2023-05-31 15:10:42.365032]:[0x00007f837f76b740]:[0x00001bb6]:[trace]: Sleep Request Handler: /sleep
[       OK ] RequestHandlerSleepTest.SleepRequest (7018 ms)
[----------] 1 test from RequestHandlerSleepTest (7018 ms total)

[----------] Global test environment tear-down
[==========] 1 test from 1 test suite ran. (7019 ms total)
[  PASSED  ] 1 test.
<end of output>
Test time =   7.05 sec
----------------------------------------------------------
Test Passed.
"RequestHandlerSleepTest.SleepRequest" end time: May 31 15:10 UTC
"RequestHandlerSleepTest.SleepRequest" time elapsed: 00:00:07
----------------------------------------------------------

63/65 Testing: RequestCrudHandlerFactoryTest.RequestCrudFactoryTest
63/65 Test: RequestCrudHandlerFactoryTest.RequestCrudFactoryTest
Command: "/usr/src/projects/build_coverage/bin/crud_handler_factory_test" "--gtest_filter=RequestCrudHandlerFactoryTest.RequestCrudFactoryTest" "--gtest_also_run_disabled_tests"
Directory: /usr/src/projects/tests
"RequestCrudHandlerFactoryTest.RequestCrudFactoryTest" start time: May 31 15:10 UTC
Output:
----------------------------------------------------------
Running main() from /usr/src/googletest/googletest/src/gtest_main.cc
Note: Google Test filter = RequestCrudHandlerFactoryTest.RequestCrudFactoryTest
[==========] Running 1 test from 1 test suite.
[----------] Global test environment set-up.
[----------] 1 test from RequestCrudHandlerFactoryTest
[ RUN      ] RequestCrudHandlerFactoryTest.RequestCrudFactoryTest
[2023-05-31 15:10:42.436774]:[0x00007f85bc6dc740]:[0x00001bb7]:[trace]: Parsed handler EchoHandler for path: /echo
[2023-05-31 15:10:42.440113]:[0x00007f85bc6dc740]:[0x00001bb7]:[trace]: Dispatched echo handler factory at location: /echo
[2023-05-31 15:10:42.441027]:[0x00007f85bc6dc740]:[0x00001bb7]:[trace]: Parsed handler HealthHandler for path: /health
[2023-05-31 15:10:42.441900]:[0x00007f85bc6dc740]:[0x00001bb7]:[trace]: Dispatched health handler factory at location: /health
[2023-05-31 15:10:42.442703]:[0x00007f85bc6dc740]:[0x00001bb7]:[trace]: Parsed handler StaticHandler for path: /static1
[2023-05-31 15:10:42.443490]:[0x00007f85bc6dc740]:[0x00001bb7]:[trace]: Dispatched static handler factory at location: /static1
[2023-05-31 15:10:42.444240]:[0x00007f85bc6dc740]:[0x00001bb7]:[trace]: Parsed handler StaticHandler for path: /static2
[2023-05-31 15:10:42.445102]:[0x00007f85bc6dc740]:[0x00001bb7]:[trace]: Dispatched static handler factory at location: /static2
[2023-05-31 15:10:42.445954]:[0x00007f85bc6dc740]:[0x00001bb7]:[trace]: Parsed handler ErrorHandler for path: /
[2023-05-31 15:10:42.446891]:[0x00007f85bc6dc740]:[0x00001bb7]:[trace]: Dispatched 404 handler factory at location: /
[2023-05-31 15:10:42.447735]:[0x00007f85bc6dc740]:[0x00001bb7]:[trace]: Parsed handler SleepHandler for path: /sleep
[2023-05-31 15:10:42.448963]:[0x00007f85bc6dc740]:[0x00001bb7]:[trace]: Dispatched sleep handler factory at location: /sleep
[2023-05-31 15:10:42.450285]:[0x00007f85bc6dc740]:[0x00001bb7]:[trace]: Parsed handler CRUDHandler for path: /api
[2023-05-31 15:10:42.451248]:[0x00007f85bc6dc740]:[0x00001bb7]:[trace]: Dispatched crud handler factory at location: /api
[2023-05-31 15:10:42.452334]:[0x00007f85bc6dc740]:[0x00001bb7]:[error]: Another handler exists at path: /sleep
[2023-05-31 15:10:42.453591]:[0x00007f85bc6dc740]:[0x00001bb7]:[trace]: Parsed CrudHandler data_path ../public/crud for location /api
Filename path../public/crud/test/1
[2023-05-31 15:10:42.474645]:[0x00007f85bc6dc740]:[0x00001bb7]:[trace]: -- crud create valid 
[2023-05-31 15:10:42.476181]:[0x00007f85bc6dc740]:[0x00001bb7]:[info]: [HandlerMetrics] Crud_handler
[2023-05-31 15:10:42.477195]:[0x00007f85bc6dc740]:[0x00001bb7]:[info]: [ResponseMetrics] 200
[       OK ] RequestCrudHandlerFactoryTest.RequestCrudFactoryTest (54 ms)
[----------] 1 test from RequestCrudHandlerFactoryTest (54 ms total)

[----------] Global test environment tear-down
[==========] 1 test from 1 test suite ran. (54 ms total)
[  PASSED  ] 1 test.
<end of output>
Test time =   0.08 sec
----------------------------------------------------------
Test Passed.
"RequestCrudHandlerFactoryTest.RequestCrudFactoryTest" end time: May 31 15:10 UTC
"RequestCrudHandlerFactoryTest.RequestCrudFactoryTest" time elapsed: 00:00:00
----------------------------------------------------------

64/65 Testing: RequestHandlerSleepTest.SleepRequest
64/65 Test: RequestHandlerSleepTest.SleepRequest
Command: "/usr/src/projects/build_coverage/bin/request_handler_sleep_test" "--gtest_filter=RequestHandlerSleepTest.SleepRequest" "--gtest_also_run_disabled_tests"
Directory: /usr/src/projects/tests
"RequestHandlerSleepTest.SleepRequest" start time: May 31 15:10 UTC
Output:
----------------------------------------------------------
Running main() from /usr/src/googletest/googletest/src/gtest_main.cc
Note: Google Test filter = RequestHandlerSleepTest.SleepRequest
[==========] Running 1 test from 1 test suite.
[----------] Global test environment set-up.
[----------] 1 test from RequestHandlerSleepTest
[ RUN      ] RequestHandlerSleepTest.SleepRequest
[2023-05-31 15:10:49.536019]:[0x00007f8c61d51740]:[0x00001bb8]:[trace]: Sleep Request Handler: /sleep
[       OK ] RequestHandlerSleepTest.SleepRequest (7006 ms)
[----------] 1 test from RequestHandlerSleepTest (7006 ms total)

[----------] Global test environment tear-down
[==========] 1 test from 1 test suite ran. (7006 ms total)
[  PASSED  ] 1 test.
<end of output>
Test time =   7.04 sec
----------------------------------------------------------
Test Passed.
"RequestHandlerSleepTest.SleepRequest" end time: May 31 15:10 UTC
"RequestHandlerSleepTest.SleepRequest" time elapsed: 00:00:07
----------------------------------------------------------

65/65 Testing: integration_tests
65/65 Test: integration_tests
Command: "/usr/bin/bash" "/usr/src/projects/tests/integration_tests/integration_tests.sh"
Directory: /usr/src/projects/tests/integration_tests
"integration_tests" start time: May 31 15:10 UTC
Output:
----------------------------------------------------------
/usr/src/projects/tests/integration_tests/integration_tests.sh: line 6: killall: command not found
Server process ID: 7099
[2023-05-31 15:10:49.677731]:[0x00007f474666c740]:[0x00001bbb]:[trace]: Parsing config file
[2023-05-31 15:10:49.685317]:[0x00007f474666c740]:[0x00001bbb]:[trace]: Config file parsed
[2023-05-31 15:10:49.686395]:[0x00007f474666c740]:[0x00001bbb]:[trace]: Parsed handler EchoHandler for path: /echo
[2023-05-31 15:10:49.687282]:[0x00007f474666c740]:[0x00001bbb]:[trace]: Dispatched echo handler factory at location: /echo
[2023-05-31 15:10:49.688221]:[0x00007f474666c740]:[0x00001bbb]:[trace]: Parsed handler StaticHandler for path: /static1
[2023-05-31 15:10:49.689103]:[0x00007f474666c740]:[0x00001bbb]:[trace]: Dispatched static handler factory at location: /static1
[2023-05-31 15:10:49.689873]:[0x00007f474666c740]:[0x00001bbb]:[trace]: Parsed handler StaticHandler for path: /static2
[2023-05-31 15:10:49.690846]:[0x00007f474666c740]:[0x00001bbb]:[trace]: Dispatched static handler factory at location: /static2
[2023-05-31 15:10:49.691645]:[0x00007f474666c740]:[0x00001bbb]:[trace]: Parsed handler CRUDHandler for path: /api
[2023-05-31 15:10:49.692618]:[0x00007f474666c740]:[0x00001bbb]:[trace]: Dispatched crud handler factory at location: /api
[2023-05-31 15:10:49.693560]:[0x00007f474666c740]:[0x00001bbb]:[trace]: Parsed handler ErrorHandler for path: /
[2023-05-31 15:10:49.694343]:[0x00007f474666c740]:[0x00001bbb]:[trace]: Dispatched 404 handler factory at location: /
[2023-05-31 15:10:49.695343]:[0x00007f474666c740]:[0x00001bbb]:[trace]: Parsed handler HealthHandler for path: /health
[2023-05-31 15:10:49.696456]:[0x00007f474666c740]:[0x00001bbb]:[trace]: Dispatched health handler factory at location: /health
[2023-05-31 15:10:49.697457]:[0x00007f474666c740]:[0x00001bbb]:[trace]: Parsed handler SleepHandler for path: /sleep
[2023-05-31 15:10:49.698392]:[0x00007f474666c740]:[0x00001bbb]:[trace]: Dispatched sleep handler factory at location: /sleep
[2023-05-31 15:10:49.699337]:[0x00007f474666c740]:[0x00001bbb]:[debug]: Server started at port 8080
Test 1:should succeed 
 [2023-05-31 15:10:50.659129]:[0x00007f4745669640]:[0x00001bbb]:[trace]: -Base:
GET /echo HTTP/1.1
Host: www.integration_test.com
Accept: */*

- IP Address: 127.0.0.1
[2023-05-31 15:10:50.661329]:[0x00007f4745669640]:[0x00001bbb]:[info]: [IPMetrics] 127.0.0.1
[2023-05-31 15:10:50.663174]:[0x00007f4745669640]:[0x00001bbb]:[info]: [RequestPathMetrics] /echo
[2023-05-31 15:10:50.664976]:[0x00007f4745669640]:[0x00001bbb]:[trace]: Echo Request Handler: /echo
[2023-05-31 15:10:50.666689]:[0x00007f4745669640]:[0x00001bbb]:[info]: [HandlerMetrics] Echo_handler
[2023-05-31 15:10:50.667740]:[0x00007f4745669640]:[0x00001bbb]:[info]: [ResponseMetrics] 200
[2023-05-31 15:10:50.668943]:[0x00007f4745669640]:[0x00001bbb]:[trace]: Valid request
[2023-05-31 15:10:50.670136]:[0x00007f4745669640]:[0x00001bbb]:[trace]: session::handle_read: async_write
Success! Expected Response = Test Response
Test 2:should return bad request
[2023-05-31 15:10:50.685749]:[0x00007f4744667640]:[0x00001bbb]:[error]: Error reading from socket: bad version
[2023-05-31 15:10:50.686806]:[0x00007f4744667640]:[0x00001bbb]:[info]: [ResponseMetrics] 400
Success! Expected Response = Test Response
Test 3: should return response containing contents of static file[2023-05-31 15:10:50.700867]:[0x00007f4744e68640]:[0x00001bbb]:[trace]: -Base:
GET /static1/random.txt HTTP/1.1

- IP Address: 127.0.0.1
[2023-05-31 15:10:50.702236]:[0x00007f4744e68640]:[0x00001bbb]:[info]: [IPMetrics] 127.0.0.1
[2023-05-31 15:10:50.703521]:[0x00007f4744e68640]:[0x00001bbb]:[info]: [RequestPathMetrics] /static1/random.txt
[2023-05-31 15:10:50.705078]:[0x00007f4744e68640]:[0x00001bbb]:[trace]: Parsed StaticHandler root ./public/folder1 for location /static1
[2023-05-31 15:10:50.706645]:[0x00007f4744e68640]:[0x00001bbb]:[trace]: Static Request Handler Serving file: ./public/folder1/random.txt
[2023-05-31 15:10:50.714009]:[0x00007f4744e68640]:[0x00001bbb]:[trace]: -- static file found
[2023-05-31 15:10:50.715851]:[0x00007f4744e68640]:[0x00001bbb]:[info]: [HandlerMetrics] Static_handler
[2023-05-31 15:10:50.717181]:[0x00007f4744e68640]:[0x00001bbb]:[info]: [ResponseMetrics] 200
[2023-05-31 15:10:50.718438]:[0x00007f4744e68640]:[0x00001bbb]:[trace]: Valid request
[2023-05-31 15:10:50.720142]:[0x00007f4744e68640]:[0x00001bbb]:[trace]: session::handle_read: async_write
Success! Expected Response = Test Response
Test 4: should return 2 responses. First should be a correct retrieved entity. Second should be a 404 error[2023-05-31 15:10:50.733935]:[0x00007f4745e6a640]:[0x00001bbb]:[trace]: -Base:
POST /api/Shoes HTTP/1.1
Content-Type: application/json
Content-Length: 17

- IP Address: 127.0.0.1
[2023-05-31 15:10:50.735195]:[0x00007f4745e6a640]:[0x00001bbb]:[info]: [IPMetrics] 127.0.0.1
[2023-05-31 15:10:50.736550]:[0x00007f4745e6a640]:[0x00001bbb]:[info]: [RequestPathMetrics] /api/Shoes
[2023-05-31 15:10:50.738094]:[0x00007f4745e6a640]:[0x00001bbb]:[trace]: Parsed CrudHandler data_path ./public/crud for location /api
Filename path./public/crud/Shoes
[2023-05-31 15:10:50.753318]:[0x00007f4745e6a640]:[0x00001bbb]:[trace]: -- crud create valid 
[2023-05-31 15:10:50.754830]:[0x00007f4745e6a640]:[0x00001bbb]:[info]: [HandlerMetrics] Crud_handler
[2023-05-31 15:10:50.756386]:[0x00007f4745e6a640]:[0x00001bbb]:[info]: [ResponseMetrics] 200
[2023-05-31 15:10:50.757968]:[0x00007f4745e6a640]:[0x00001bbb]:[trace]: Valid request
HTTP/1.1 200 OK
Connection: close
Server: Beast
Content-Type: text/plain
Content-Disposition: inline
Content-Length: 8

{id: 1}
[2023-05-31 15:10:50.759983]:[0x00007f4745e6a640]:[0x00001bbb]:[trace]: session::handle_read: async_write
[2023-05-31 15:10:50.768710]:[0x00007f4744667640]:[0x00001bbb]:[trace]: -Base:
GET /api/Shoes/1 HTTP/1.1

- IP Address: 127.0.0.1
[2023-05-31 15:10:50.770184]:[0x00007f4744667640]:[0x00001bbb]:[info]: [IPMetrics] 127.0.0.1
[2023-05-31 15:10:50.771144]:[0x00007f4744667640]:[0x00001bbb]:[info]: [RequestPathMetrics] /api/Shoes/1
[2023-05-31 15:10:50.772086]:[0x00007f4744667640]:[0x00001bbb]:[trace]: Parsed CrudHandler data_path ./public/crud for location /api
Filename path./public/crud/Shoes/1
[2023-05-31 15:10:50.776799]:[0x00007f4744667640]:[0x00001bbb]:[trace]: -- crud retrieve valid
[2023-05-31 15:10:50.777830]:[0x00007f4744667640]:[0x00001bbb]:[info]: [HandlerMetrics] Crud_handler
[2023-05-31 15:10:50.778917]:[0x00007f4744667640]:[0x00001bbb]:[info]: [ResponseMetrics] 200
[2023-05-31 15:10:50.780089]:[0x00007f4744667640]:[0x00001bbb]:[trace]: Valid request
[2023-05-31 15:10:50.781089]:[0x00007f4744667640]:[0x00001bbb]:[trace]: session::handle_read: async_write
Success! Expected Response = Test Response
[2023-05-31 15:10:50.792087]:[0x00007f4745e6a640]:[0x00001bbb]:[trace]: -Base:
DELETE /api/Shoes/1 HTTP/1.1

- IP Address: 127.0.0.1
[2023-05-31 15:10:50.793106]:[0x00007f4745e6a640]:[0x00001bbb]:[info]: [IPMetrics] 127.0.0.1
[2023-05-31 15:10:50.794180]:[0x00007f4745e6a640]:[0x00001bbb]:[info]: [RequestPathMetrics] /api/Shoes/1
[2023-05-31 15:10:50.795228]:[0x00007f4745e6a640]:[0x00001bbb]:[trace]: Parsed CrudHandler data_path ./public/crud for location /api
Filename path./public/crud/Shoes/1
./public/crud/Shoes/1.json
[2023-05-31 15:10:50.797824]:[0x00007f4745e6a640]:[0x00001bbb]:[trace]: -- crud delete id valid
[2023-05-31 15:10:50.798718]:[0x00007f4745e6a640]:[0x00001bbb]:[info]: [HandlerMetrics] Crud_handler
[2023-05-31 15:10:50.799571]:[0x00007f4745e6a640]:[0x00001bbb]:[info]: [ResponseMetrics] 200
[2023-05-31 15:10:50.800450]:[0x00007f4745e6a640]:[0x00001bbb]:[trace]: Valid request
HTTP/1.1 200 OK
Connection: close
Server: Beast
Content-Type: text/plain
Content-Disposition: inline
Content-Length: 37

Delete successful to file with ID: 1
[2023-05-31 15:10:50.801420]:[0x00007f4745e6a640]:[0x00001bbb]:[trace]: session::handle_read: async_write
[2023-05-31 15:10:50.809630]:[0x00007f4744e68640]:[0x00001bbb]:[trace]: -Base:
GET /api/Shoes/1 HTTP/1.1

- IP Address: 127.0.0.1
[2023-05-31 15:10:50.811223]:[0x00007f4744e68640]:[0x00001bbb]:[info]: [IPMetrics] 127.0.0.1
[2023-05-31 15:10:50.812938]:[0x00007f4744e68640]:[0x00001bbb]:[info]: [RequestPathMetrics] /api/Shoes/1
[2023-05-31 15:10:50.814370]:[0x00007f4744e68640]:[0x00001bbb]:[trace]: Parsed CrudHandler data_path ./public/crud for location /api
Filename path./public/crud/Shoes/1
[2023-05-31 15:10:50.816801]:[0x00007f4744e68640]:[0x00001bbb]:[trace]: -- crud file not found
[2023-05-31 15:10:50.817939]:[0x00007f4744e68640]:[0x00001bbb]:[info]: [HandlerMetrics] Crud_handler
[2023-05-31 15:10:50.819073]:[0x00007f4744e68640]:[0x00001bbb]:[info]: [ResponseMetrics] 404
[2023-05-31 15:10:50.820372]:[0x00007f4744e68640]:[0x00001bbb]:[trace]: session::handle_read: async_write
Success! Expected Response = Test Response
[2023-05-31 15:10:50.834534]:[0x00007f4744667640]:[0x00001bbb]:[trace]: -Base:
GET /sleep HTTP/1.0

- IP Address: 127.0.0.1
[2023-05-31 15:10:50.835507]:[0x00007f4744667640]:[0x00001bbb]:[info]: [IPMetrics] 127.0.0.1
[2023-05-31 15:10:50.837012]:[0x00007f4744667640]:[0x00001bbb]:[info]: [RequestPathMetrics] /sleep
[2023-05-31 15:10:51.845039]:[0x00007f474666b640]:[0x00001bbb]:[trace]: -Base:
GET /echo HTTP/1.0

- IP Address: 127.0.0.1
[2023-05-31 15:10:51.851318]:[0x00007f474666b640]:[0x00001bbb]:[info]: [IPMetrics] 127.0.0.1
[2023-05-31 15:10:51.857178]:[0x00007f474666b640]:[0x00001bbb]:[info]: [RequestPathMetrics] /echo
[2023-05-31 15:10:51.869855]:[0x00007f474666b640]:[0x00001bbb]:[trace]: Echo Request Handler: /echo
[2023-05-31 15:10:51.879077]:[0x00007f474666b640]:[0x00001bbb]:[info]: [HandlerMetrics] Echo_handler
[2023-05-31 15:10:51.884157]:[0x00007f474666b640]:[0x00001bbb]:[info]: [ResponseMetrics] 200
[2023-05-31 15:10:51.885642]:[0x00007f474666b640]:[0x00001bbb]:[trace]: Valid request
[2023-05-31 15:10:51.888449]:[0x00007f474666b640]:[0x00001bbb]:[trace]: session::handle_read: async_write
Success! echo did run!
Success! sleep did not finish running before echo did, but echo still finished!
[2023-05-31 15:10:57.838937]:[0x00007f4744667640]:[0x00001bbb]:[trace]: Sleep Request Handler: /sleep
[2023-05-31 15:10:57.844388]:[0x00007f4744667640]:[0x00001bbb]:[trace]: Valid request
[2023-05-31 15:10:57.848426]:[0x00007f4744667640]:[0x00001bbb]:[trace]: session::handle_read: async_write
Success! Expected Response = Test Response
Success! Expected Response = Test Response
Test 6: should return response containing contents 'OK'[2023-05-31 15:10:59.937229]:[0x00007f4745e6a640]:[0x00001bbb]:[trace]: -Base:
GET /health HTTP/1.1

- IP Address: 127.0.0.1
[2023-05-31 15:10:59.938453]:[0x00007f4745e6a640]:[0x00001bbb]:[info]: [IPMetrics] 127.0.0.1
[2023-05-31 15:10:59.939960]:[0x00007f4745e6a640]:[0x00001bbb]:[info]: [RequestPathMetrics] /health
[2023-05-31 15:10:59.941579]:[0x00007f4745e6a640]:[0x00001bbb]:[debug]: Health Request Handler: /health
[2023-05-31 15:10:59.942688]:[0x00007f4745e6a640]:[0x00001bbb]:[info]: static file found
[2023-05-31 15:10:59.943457]:[0x00007f4745e6a640]:[0x00001bbb]:[info]: [HandlerMetrics] Health_handler
[2023-05-31 15:10:59.944421]:[0x00007f4745e6a640]:[0x00001bbb]:[info]: [ResponseMetrics] 200
[2023-05-31 15:10:59.945266]:[0x00007f4745e6a640]:[0x00001bbb]:[trace]: Valid request
[2023-05-31 15:10:59.946435]:[0x00007f4745e6a640]:[0x00001bbb]:[trace]: session::handle_read: async_write
Health handler succeed! Expected Response = Test Response
Killing Server 7099
Tests Completed!
/usr/src/projects/tests/integration_tests/integration_tests.sh: line 203:  7099 Killed                  $PATH_SERVER_BIN test_config
<end of output>
Test time =  10.39 sec
----------------------------------------------------------
Test Passed.
"integration_tests" end time: May 31 15:10 UTC
"integration_tests" time elapsed: 00:00:10
----------------------------------------------------------

End testing: May 31 15:11 UTC
